[ 2016-12-23T10:15:46+08:00 ] 127.0.0.1 /
INFO: [ app_init ] --START--
INFO: Run Behavior\BuildLiteBehavior [ RunTime:0.000000s ]
INFO: [ app_init ] --END-- [ RunTime:0.001000s ]
INFO: [ app_begin ] --START--
INFO: Run Behavior\ReadHtmlCacheBehavior [ RunTime:0.002000s ]
INFO: [ app_begin ] --END-- [ RunTime:0.002000s ]
NOTIC: [8] Undefined index: user D:\phpStudy\WWW\cpshop\Application\Home\Controller\BaseController.class.php 第 11 行.
SQL: SHOW COLUMNS FROM `tp_shop_set` [ RunTime:0.005000s ]
SQL: SELECT * FROM `tp_shop_set` WHERE ( id=1 )  [ RunTime:0.000000s ]
NOTIC: [8] Undefined index: user D:\phpStudy\WWW\cpshop\Application\Home\Controller\BaseController.class.php 第 20 行.
NOTIC: [8] Undefined index: shopCart D:\phpStudy\WWW\cpshop\Application\Home\Controller\BaseController.class.php 第 37 行.
SQL: SHOW COLUMNS FROM `tp_shop_cate` [ RunTime:0.003001s ]
SQL: SELECT * FROM `tp_shop_cate` WHERE ( pid=0 and status=1 )  [ RunTime:0.000000s ]
SQL: SELECT * FROM `tp_shop_cate` WHERE ( status=1 ) LIMIT 0,1   [ RunTime:0.001000s ]
SQL: SELECT * FROM `tp_shop_cate` WHERE ( pid=1 and status=1 ) LIMIT 0,6   [ RunTime:0.000000s ]
SQL: SHOW COLUMNS FROM `tp_shop_goods` [ RunTime:0.004000s ]
SQL: SELECT COUNT(*) AS tp_count FROM `tp_shop_goods` WHERE ( cid=2 and status=1 and xiajia=1 ) LIMIT 1   [ RunTime:0.020001s ]
SQL: SELECT COUNT(*) AS tp_count FROM `tp_shop_goods` WHERE ( cid=3 and status=1 and xiajia=1 ) LIMIT 1   [ RunTime:0.001000s ]
SQL: SELECT COUNT(*) AS tp_count FROM `tp_shop_goods` WHERE ( cid=5 and status=1 and xiajia=1 ) LIMIT 1   [ RunTime:0.000000s ]
INFO: [ view_parse ] --START--
SQL: SHOW COLUMNS FROM `tp_ads` [ RunTime:0.004000s ]
SQL: SHOW COLUMNS FROM `tp_ads_cate` [ RunTime:0.003000s ]
SQL: SELECT `id` FROM `tp_ads_cate` WHERE ( tag='ceshi' )  [ RunTime:0.000000s ]
SQL: SELECT * FROM `tp_ads` WHERE ( status=1 and cid=1 ) ORDER BY id desc LIMIT 0,1   [ RunTime:0.009001s ]
NOTIC: [8] Undefined offset: 1 D:\phpStudy\WWW\cpshop\Application\Common\Taglib\Mytag.class.php 第 64 行.
NOTIC: [8] Undefined offset: 1 D:\phpStudy\WWW\cpshop\Application\Common\Taglib\Mytag.class.php 第 64 行.
NOTIC: [8] Undefined offset: 1 D:\phpStudy\WWW\cpshop\Application\Common\Taglib\Mytag.class.php 第 64 行.
INFO: [ template_filter ] --START--
INFO: Run Behavior\ContentReplaceBehavior [ RunTime:0.000000s ]
INFO: [ template_filter ] --END-- [ RunTime:0.000000s ]
NOTIC: [8] Undefined variable: user D:\phpStudy\WWW\cpshop\Application\Runtime\Cache\Home\d2e71fb15b354760a5129829a5b6e03f.php 第 26 行.
NOTIC: [8] Undefined variable: user D:\phpStudy\WWW\cpshop\Application\Runtime\Cache\Home\d2e71fb15b354760a5129829a5b6e03f.php 第 29 行.
NOTIC: [8] Undefined variable: user D:\phpStudy\WWW\cpshop\Application\Runtime\Cache\Home\d2e71fb15b354760a5129829a5b6e03f.php 第 30 行.
NOTIC: [8] Use of undefined constant id - assumed 'id' D:\phpStudy\WWW\cpshop\Application\Runtime\Cache\Home\d2e71fb15b354760a5129829a5b6e03f.php 第 65 行.
NOTIC: [8] Use of undefined constant id - assumed 'id' D:\phpStudy\WWW\cpshop\Application\Runtime\Cache\Home\d2e71fb15b354760a5129829a5b6e03f.php 第 110 行.
NOTIC: [8] Use of undefined constant id - assumed 'id' D:\phpStudy\WWW\cpshop\Application\Runtime\Cache\Home\d2e71fb15b354760a5129829a5b6e03f.php 第 115 行.
NOTIC: [8] Use of undefined constant id - assumed 'id' D:\phpStudy\WWW\cpshop\Application\Runtime\Cache\Home\d2e71fb15b354760a5129829a5b6e03f.php 第 121 行.
NOTIC: [8] Use of undefined constant id - assumed 'id' D:\phpStudy\WWW\cpshop\Application\Runtime\Cache\Home\d2e71fb15b354760a5129829a5b6e03f.php 第 115 行.
NOTIC: [8] Use of undefined constant id - assumed 'id' D:\phpStudy\WWW\cpshop\Application\Runtime\Cache\Home\d2e71fb15b354760a5129829a5b6e03f.php 第 121 行.
NOTIC: [8] Use of undefined constant id - assumed 'id' D:\phpStudy\WWW\cpshop\Application\Runtime\Cache\Home\d2e71fb15b354760a5129829a5b6e03f.php 第 115 行.
NOTIC: [8] Use of undefined constant id - assumed 'id' D:\phpStudy\WWW\cpshop\Application\Runtime\Cache\Home\d2e71fb15b354760a5129829a5b6e03f.php 第 121 行.
INFO: Run Behavior\ParseTemplateBehavior [ RunTime:0.076005s ]
INFO: [ view_parse ] --END-- [ RunTime:0.077005s ]
INFO: [ view_filter ] --START--
INFO: Run Behavior\WriteHtmlCacheBehavior [ RunTime:0.014000s ]
INFO: [ view_filter ] --END-- [ RunTime:0.014000s ]
INFO: [ app_end ] --START--
INFO: Run Behavior\ShowPageTraceBehavior [ RunTime:0.002000s ]
INFO: [ app_end ] --END-- [ RunTime:0.002000s ]

[ 2016-12-23T10:15:49+08:00 ] 127.0.0.1 /index.php/Admin/AdsManager/adsList.html?cid=1
INFO: [ app_init ] --START--
INFO: Run Behavior\BuildLiteBehavior [ RunTime:0.000000s ]
INFO: [ app_init ] --END-- [ RunTime:0.001000s ]
INFO: [ app_begin ] --START--
INFO: Run Behavior\ReadHtmlCacheBehavior [ RunTime:0.001000s ]
INFO: [ app_begin ] --END-- [ RunTime:0.001000s ]
INFO: [ view_parse ] --START--
INFO: [ template_filter ] --START--
INFO: Run Behavior\ContentReplaceBehavior [ RunTime:0.001000s ]
INFO: [ template_filter ] --END-- [ RunTime:0.001000s ]
INFO: Run Behavior\ParseTemplateBehavior [ RunTime:0.040002s ]
INFO: [ view_parse ] --END-- [ RunTime:0.040002s ]
INFO: [ view_filter ] --START--
INFO: Run Behavior\WriteHtmlCacheBehavior [ RunTime:0.000000s ]
INFO: [ view_filter ] --END-- [ RunTime:0.000000s ]

[ 2016-12-23T10:16:37+08:00 ] 127.0.0.1 /Index/shopCate?cid=5&ce457bbd4782a4b16997fe84455ef4c7
INFO: [ app_init ] --START--
INFO: Run Behavior\BuildLiteBehavior [ RunTime:0.000000s ]
INFO: [ app_init ] --END-- [ RunTime:0.001000s ]
INFO: [ app_begin ] --START--
INFO: Run Behavior\ReadHtmlCacheBehavior [ RunTime:0.001000s ]
INFO: [ app_begin ] --END-- [ RunTime:0.001000s ]
NOTIC: [8] Undefined index: user D:\phpStudy\WWW\cpshop\Application\Home\Controller\BaseController.class.php 第 11 行.
SQL: SHOW COLUMNS FROM `tp_shop_set` [ RunTime:0.005000s ]
SQL: SELECT * FROM `tp_shop_set` WHERE ( id=1 )  [ RunTime:0.001000s ]
NOTIC: [8] Undefined index: user D:\phpStudy\WWW\cpshop\Application\Home\Controller\BaseController.class.php 第 20 行.
NOTIC: [8] Undefined index: shopCart D:\phpStudy\WWW\cpshop\Application\Home\Controller\BaseController.class.php 第 37 行.
SQL: SHOW COLUMNS FROM `tp_shop_cate` [ RunTime:0.004000s ]
SQL: SELECT * FROM `tp_shop_cate` WHERE ( pid=0 and status=1 )  [ RunTime:0.001001s ]
SQL: SELECT * FROM `tp_shop_cate` WHERE ( id=5 and status=1 )  [ RunTime:0.000000s ]
SQL: SELECT * FROM `tp_shop_cate` WHERE ( pid=5 and status=1 )  [ RunTime:0.001000s ]
SQL: SHOW COLUMNS FROM `tp_shop_goods` [ RunTime:0.004000s ]
SQL: SELECT * FROM `tp_shop_goods` WHERE ( cid=5 and status=1 and xiajia=1 )  [ RunTime:0.000000s ]
INFO: [ view_parse ] --START--
INFO: [ template_filter ] --START--
INFO: Run Behavior\ContentReplaceBehavior [ RunTime:0.000000s ]
INFO: [ template_filter ] --END-- [ RunTime:0.000000s ]
NOTIC: [8] Undefined variable: user D:\phpStudy\WWW\cpshop\Application\Runtime\Cache\Home\b214a5d8a0dfe4ce1bec92646d480224.php 第 26 行.
NOTIC: [8] Undefined variable: user D:\phpStudy\WWW\cpshop\Application\Runtime\Cache\Home\b214a5d8a0dfe4ce1bec92646d480224.php 第 29 行.
NOTIC: [8] Undefined variable: user D:\phpStudy\WWW\cpshop\Application\Runtime\Cache\Home\b214a5d8a0dfe4ce1bec92646d480224.php 第 30 行.
NOTIC: [8] Use of undefined constant id - assumed 'id' D:\phpStudy\WWW\cpshop\Application\Runtime\Cache\Home\b214a5d8a0dfe4ce1bec92646d480224.php 第 65 行.
NOTIC: [8] Use of undefined constant id - assumed 'id' D:\phpStudy\WWW\cpshop\Application\Runtime\Cache\Home\b214a5d8a0dfe4ce1bec92646d480224.php 第 147 行.
INFO: Run Behavior\ParseTemplateBehavior [ RunTime:0.026001s ]
INFO: [ view_parse ] --END-- [ RunTime:0.026001s ]
INFO: [ view_filter ] --START--
INFO: Run Behavior\WriteHtmlCacheBehavior [ RunTime:0.001000s ]
INFO: [ view_filter ] --END-- [ RunTime:0.001000s ]
INFO: [ app_end ] --START--
INFO: Run Behavior\ShowPageTraceBehavior [ RunTime:0.001001s ]
INFO: [ app_end ] --END-- [ RunTime:0.001001s ]

[ 2016-12-23T10:16:39+08:00 ] 127.0.0.1 /Shop/goods?id=6&t=1482459396
INFO: [ app_init ] --START--
INFO: Run Behavior\BuildLiteBehavior [ RunTime:0.000000s ]
INFO: [ app_init ] --END-- [ RunTime:0.001000s ]
INFO: [ app_begin ] --START--
INFO: Run Behavior\ReadHtmlCacheBehavior [ RunTime:0.001000s ]
INFO: [ app_begin ] --END-- [ RunTime:0.001000s ]

[ 2016-12-23T10:16:42+08:00 ] 127.0.0.1 /Shop/goods?id=9&t=1482459396
INFO: [ app_init ] --START--
INFO: Run Behavior\BuildLiteBehavior [ RunTime:0.000000s ]
INFO: [ app_init ] --END-- [ RunTime:0.001000s ]
INFO: [ app_begin ] --START--
INFO: Run Behavior\ReadHtmlCacheBehavior [ RunTime:0.002000s ]
INFO: [ app_begin ] --END-- [ RunTime:0.002000s ]

[ 2016-12-23T10:17:48+08:00 ] 127.0.0.1 /Shop/goods?id=9&t=1482459396
INFO: [ app_init ] --START--
INFO: Run Behavior\BuildLiteBehavior [ RunTime:0.000000s ]
INFO: [ app_init ] --END-- [ RunTime:0.001000s ]
INFO: [ app_begin ] --START--
INFO: Run Behavior\ReadHtmlCacheBehavior [ RunTime:0.000000s ]
INFO: [ app_begin ] --END-- [ RunTime:0.000000s ]
NOTIC: [8] Undefined index: user D:\phpStudy\WWW\cpshop\Application\Home\Controller\BaseController.class.php 第 11 行.
SQL: SHOW COLUMNS FROM `tp_shop_set` [ RunTime:0.008001s ]
SQL: SELECT * FROM `tp_shop_set` WHERE ( id=1 )  [ RunTime:0.000000s ]
NOTIC: [8] Undefined index: user D:\phpStudy\WWW\cpshop\Application\Home\Controller\BaseController.class.php 第 20 行.
NOTIC: [8] Undefined index: shopCart D:\phpStudy\WWW\cpshop\Application\Home\Controller\BaseController.class.php 第 37 行.
SQL: SHOW COLUMNS FROM `tp_shop_cate` [ RunTime:0.006000s ]
SQL: SELECT * FROM `tp_shop_cate` WHERE ( pid=0 and status=1 )  [ RunTime:0.001000s ]
SQL: SHOW COLUMNS FROM `tp_shop_goods` [ RunTime:0.007001s ]
SQL: SELECT * FROM `tp_shop_goods` WHERE ( id=9 and status=1 )  [ RunTime:0.001000s ]
SQL: SHOW COLUMNS FROM `tp_shop_attr` [ RunTime:0.006000s ]
SQL: SHOW COLUMNS FROM `tp_goods_attr` [ RunTime:0.007000s ]
SQL: SELECT * FROM `tp_shop_attr` WHERE ( id=16 and status=1 )  [ RunTime:0.010001s ]
SQL: SELECT `id`,`attrname`,`price`,`color` FROM `tp_goods_attr` WHERE ( attrpid=16 and status=1 and gid=9  )  [ RunTime:0.012001s ]
SQL: SELECT * FROM `tp_shop_cate` WHERE ( id=5 )  [ RunTime:0.001000s ]
SQL: SELECT `id`,`picimg`,`name`,`pricenow` FROM `tp_shop_goods` WHERE ( cid=5 and status=1 and id != 9 ) ORDER BY ctime desc LIMIT 0,8   [ RunTime:0.000000s ]
INFO: [ view_parse ] --START--
INFO: [ template_filter ] --START--
INFO: Run Behavior\ContentReplaceBehavior [ RunTime:0.001000s ]
INFO: [ template_filter ] --END-- [ RunTime:0.001000s ]
NOTIC: [8] Undefined variable: user D:\phpStudy\WWW\cpshop\Application\Runtime\Cache\Home\914aa622bd800e15909a9e4d922fc804.php 第 26 行.
NOTIC: [8] Undefined variable: user D:\phpStudy\WWW\cpshop\Application\Runtime\Cache\Home\914aa622bd800e15909a9e4d922fc804.php 第 29 行.
NOTIC: [8] Undefined variable: user D:\phpStudy\WWW\cpshop\Application\Runtime\Cache\Home\914aa622bd800e15909a9e4d922fc804.php 第 30 行.
NOTIC: [8] Use of undefined constant id - assumed 'id' D:\phpStudy\WWW\cpshop\Application\Runtime\Cache\Home\914aa622bd800e15909a9e4d922fc804.php 第 65 行.
NOTIC: [8] Array to string conversion D:\phpStudy\WWW\cpshop\Application\Runtime\Cache\Home\914aa622bd800e15909a9e4d922fc804.php 第 65 行.
NOTIC: [8] Use of undefined constant id - assumed 'id' D:\phpStudy\WWW\cpshop\Application\Runtime\Cache\Home\914aa622bd800e15909a9e4d922fc804.php 第 224 行.
NOTIC: [8] Array to string conversion D:\phpStudy\WWW\cpshop\Application\Runtime\Cache\Home\914aa622bd800e15909a9e4d922fc804.php 第 224 行.
INFO: Run Behavior\ParseTemplateBehavior [ RunTime:0.022001s ]
INFO: [ view_parse ] --END-- [ RunTime:0.022001s ]
INFO: [ view_filter ] --START--
INFO: Run Behavior\WriteHtmlCacheBehavior [ RunTime:0.000000s ]
INFO: [ view_filter ] --END-- [ RunTime:0.000000s ]
INFO: [ app_end ] --START--
INFO: Run Behavior\ShowPageTraceBehavior [ RunTime:0.001000s ]
INFO: [ app_end ] --END-- [ RunTime:0.001000s ]

[ 2016-12-23T10:34:16+08:00 ] 127.0.0.1 /Shop/goods?id=9&t=1482459396
INFO: [ app_init ] --START--
INFO: Run Behavior\BuildLiteBehavior [ RunTime:0.000000s ]
INFO: [ app_init ] --END-- [ RunTime:0.001000s ]
INFO: [ app_begin ] --START--
INFO: Run Behavior\ReadHtmlCacheBehavior [ RunTime:0.001000s ]
INFO: [ app_begin ] --END-- [ RunTime:0.001000s ]
NOTIC: [8] Undefined index: user D:\phpStudy\WWW\cpshop\Application\Home\Controller\BaseController.class.php 第 11 行.
SQL: SHOW COLUMNS FROM `tp_shop_set` [ RunTime:0.004001s ]
SQL: SELECT * FROM `tp_shop_set` WHERE ( id=1 )  [ RunTime:0.001000s ]
NOTIC: [8] Undefined index: user D:\phpStudy\WWW\cpshop\Application\Home\Controller\BaseController.class.php 第 20 行.
NOTIC: [8] Undefined index: shopCart D:\phpStudy\WWW\cpshop\Application\Home\Controller\BaseController.class.php 第 37 行.
SQL: SHOW COLUMNS FROM `tp_shop_cate` [ RunTime:0.003000s ]
SQL: SELECT * FROM `tp_shop_cate` WHERE ( pid=0 and status=1 )  [ RunTime:0.000000s ]
SQL: SHOW COLUMNS FROM `tp_shop_goods` [ RunTime:0.004000s ]
SQL: SELECT * FROM `tp_shop_goods` WHERE ( id=9 and status=1 )  [ RunTime:0.000000s ]
SQL: SHOW COLUMNS FROM `tp_shop_attr` [ RunTime:0.003000s ]
SQL: SHOW COLUMNS FROM `tp_goods_attr` [ RunTime:0.004001s ]
SQL: SELECT * FROM `tp_shop_attr` WHERE ( id=16 and status=1 )  [ RunTime:0.000000s ]
SQL: SELECT `id`,`attrname`,`price`,`color` FROM `tp_goods_attr` WHERE ( attrpid=16 and status=1 and gid=9  )  [ RunTime:0.000000s ]
SQL: SELECT * FROM `tp_shop_cate` WHERE ( id=5 )  [ RunTime:0.000000s ]
SQL: SELECT `id`,`picimg`,`name`,`pricenow` FROM `tp_shop_goods` WHERE ( cid=5 and status=1 and id != 9 ) ORDER BY ctime desc LIMIT 0,8   [ RunTime:0.000000s ]
INFO: [ view_parse ] --START--
INFO: [ template_filter ] --START--
INFO: Run Behavior\ContentReplaceBehavior [ RunTime:0.000000s ]
INFO: [ template_filter ] --END-- [ RunTime:0.000000s ]
NOTIC: [8] Undefined variable: user D:\phpStudy\WWW\cpshop\Application\Runtime\Cache\Home\914aa622bd800e15909a9e4d922fc804.php 第 26 行.
NOTIC: [8] Undefined variable: user D:\phpStudy\WWW\cpshop\Application\Runtime\Cache\Home\914aa622bd800e15909a9e4d922fc804.php 第 29 行.
NOTIC: [8] Undefined variable: user D:\phpStudy\WWW\cpshop\Application\Runtime\Cache\Home\914aa622bd800e15909a9e4d922fc804.php 第 30 行.
NOTIC: [8] Use of undefined constant id - assumed 'id' D:\phpStudy\WWW\cpshop\Application\Runtime\Cache\Home\914aa622bd800e15909a9e4d922fc804.php 第 65 行.
NOTIC: [8] Array to string conversion D:\phpStudy\WWW\cpshop\Application\Runtime\Cache\Home\914aa622bd800e15909a9e4d922fc804.php 第 65 行.
NOTIC: [8] Use of undefined constant id - assumed 'id' D:\phpStudy\WWW\cpshop\Application\Runtime\Cache\Home\914aa622bd800e15909a9e4d922fc804.php 第 224 行.
NOTIC: [8] Array to string conversion D:\phpStudy\WWW\cpshop\Application\Runtime\Cache\Home\914aa622bd800e15909a9e4d922fc804.php 第 224 行.
INFO: Run Behavior\ParseTemplateBehavior [ RunTime:0.015000s ]
INFO: [ view_parse ] --END-- [ RunTime:0.015000s ]
INFO: [ view_filter ] --START--
INFO: Run Behavior\WriteHtmlCacheBehavior [ RunTime:0.000000s ]
INFO: [ view_filter ] --END-- [ RunTime:0.000000s ]
INFO: [ app_end ] --START--
INFO: Run Behavior\ShowPageTraceBehavior [ RunTime:0.001001s ]
INFO: [ app_end ] --END-- [ RunTime:0.001001s ]

[ 2016-12-23T11:02:47+08:00 ] 127.0.0.1 /Shop/goods?id=9&t=1482459396
INFO: [ app_init ] --START--
INFO: Run Behavior\BuildLiteBehavior [ RunTime:0.000000s ]
INFO: [ app_init ] --END-- [ RunTime:0.001000s ]
INFO: [ app_begin ] --START--
INFO: Run Behavior\ReadHtmlCacheBehavior [ RunTime:0.001000s ]
INFO: [ app_begin ] --END-- [ RunTime:0.001000s ]
NOTIC: [8] Undefined index: user D:\phpStudy\WWW\cpshop\Application\Home\Controller\BaseController.class.php 第 11 行.
SQL: SHOW COLUMNS FROM `tp_shop_set` [ RunTime:0.005001s ]
SQL: SELECT * FROM `tp_shop_set` WHERE ( id=1 )  [ RunTime:0.000000s ]
NOTIC: [8] Undefined index: user D:\phpStudy\WWW\cpshop\Application\Home\Controller\BaseController.class.php 第 20 行.
NOTIC: [8] Undefined index: shopCart D:\phpStudy\WWW\cpshop\Application\Home\Controller\BaseController.class.php 第 37 行.
SQL: SHOW COLUMNS FROM `tp_shop_cate` [ RunTime:0.004000s ]
SQL: SELECT * FROM `tp_shop_cate` WHERE ( pid=0 and status=1 )  [ RunTime:0.001000s ]
SQL: SHOW COLUMNS FROM `tp_shop_goods` [ RunTime:0.004000s ]
SQL: SELECT * FROM `tp_shop_goods` WHERE ( id=9 and status=1 )  [ RunTime:0.000000s ]
SQL: SHOW COLUMNS FROM `tp_shop_attr` [ RunTime:0.004000s ]
SQL: SHOW COLUMNS FROM `tp_goods_attr` [ RunTime:0.004000s ]
SQL: SELECT * FROM `tp_shop_attr` WHERE ( id=16 and status=1 )  [ RunTime:0.000000s ]
SQL: SELECT `id`,`attrname`,`price`,`color` FROM `tp_goods_attr` WHERE ( attrpid=16 and status=1 and gid=9  )  [ RunTime:0.000000s ]
SQL: SELECT * FROM `tp_shop_cate` WHERE ( id=5 )  [ RunTime:0.001000s ]
SQL: SELECT `id`,`picimg`,`name`,`pricenow` FROM `tp_shop_goods` WHERE ( cid=5 and status=1 and id != 9 ) ORDER BY ctime desc LIMIT 0,8   [ RunTime:0.000000s ]
INFO: [ view_parse ] --START--
INFO: [ template_filter ] --START--
INFO: Run Behavior\ContentReplaceBehavior [ RunTime:0.000000s ]
INFO: [ template_filter ] --END-- [ RunTime:0.000000s ]
NOTIC: [8] Undefined variable: user D:\phpStudy\WWW\cpshop\Application\Runtime\Cache\Home\914aa622bd800e15909a9e4d922fc804.php 第 26 行.
NOTIC: [8] Undefined variable: user D:\phpStudy\WWW\cpshop\Application\Runtime\Cache\Home\914aa622bd800e15909a9e4d922fc804.php 第 29 行.
NOTIC: [8] Undefined variable: user D:\phpStudy\WWW\cpshop\Application\Runtime\Cache\Home\914aa622bd800e15909a9e4d922fc804.php 第 30 行.
NOTIC: [8] Use of undefined constant id - assumed 'id' D:\phpStudy\WWW\cpshop\Application\Runtime\Cache\Home\914aa622bd800e15909a9e4d922fc804.php 第 65 行.
NOTIC: [8] Array to string conversion D:\phpStudy\WWW\cpshop\Application\Runtime\Cache\Home\914aa622bd800e15909a9e4d922fc804.php 第 65 行.
NOTIC: [8] Use of undefined constant id - assumed 'id' D:\phpStudy\WWW\cpshop\Application\Runtime\Cache\Home\914aa622bd800e15909a9e4d922fc804.php 第 224 行.
NOTIC: [8] Array to string conversion D:\phpStudy\WWW\cpshop\Application\Runtime\Cache\Home\914aa622bd800e15909a9e4d922fc804.php 第 224 行.
INFO: Run Behavior\ParseTemplateBehavior [ RunTime:0.016001s ]
INFO: [ view_parse ] --END-- [ RunTime:0.016001s ]
INFO: [ view_filter ] --START--
INFO: Run Behavior\WriteHtmlCacheBehavior [ RunTime:0.001000s ]
INFO: [ view_filter ] --END-- [ RunTime:0.001000s ]
INFO: [ app_end ] --START--
INFO: Run Behavior\ShowPageTraceBehavior [ RunTime:0.001000s ]
INFO: [ app_end ] --END-- [ RunTime:0.001000s ]

[ 2016-12-23T11:02:59+08:00 ] 127.0.0.1 /Shop/goods?id=9&t=1482459396
INFO: [ app_init ] --START--
INFO: Run Behavior\BuildLiteBehavior [ RunTime:0.000000s ]
INFO: [ app_init ] --END-- [ RunTime:0.000000s ]
INFO: [ app_begin ] --START--
INFO: Run Behavior\ReadHtmlCacheBehavior [ RunTime:0.001000s ]
INFO: [ app_begin ] --END-- [ RunTime:0.001000s ]
NOTIC: [8] Undefined index: user D:\phpStudy\WWW\cpshop\Application\Home\Controller\BaseController.class.php 第 11 行.
SQL: SHOW COLUMNS FROM `tp_shop_set` [ RunTime:0.004001s ]
SQL: SELECT * FROM `tp_shop_set` WHERE ( id=1 )  [ RunTime:0.001000s ]
NOTIC: [8] Undefined index: user D:\phpStudy\WWW\cpshop\Application\Home\Controller\BaseController.class.php 第 20 行.
NOTIC: [8] Undefined index: shopCart D:\phpStudy\WWW\cpshop\Application\Home\Controller\BaseController.class.php 第 37 行.
SQL: SHOW COLUMNS FROM `tp_shop_cate` [ RunTime:0.003000s ]
SQL: SELECT * FROM `tp_shop_cate` WHERE ( pid=0 and status=1 )  [ RunTime:0.001000s ]
SQL: SHOW COLUMNS FROM `tp_shop_goods` [ RunTime:0.003000s ]
SQL: SELECT * FROM `tp_shop_goods` WHERE ( id=9 and status=1 )  [ RunTime:0.001000s ]
SQL: SHOW COLUMNS FROM `tp_shop_attr` [ RunTime:0.003000s ]
SQL: SHOW COLUMNS FROM `tp_goods_attr` [ RunTime:0.003000s ]
SQL: SELECT * FROM `tp_shop_attr` WHERE ( id=16 and status=1 )  [ RunTime:0.000000s ]
SQL: SELECT `id`,`attrname`,`price`,`color` FROM `tp_goods_attr` WHERE ( attrpid=16 and status=1 and gid=9  )  [ RunTime:0.001000s ]
SQL: SELECT * FROM `tp_shop_cate` WHERE ( id=5 )  [ RunTime:0.000000s ]
SQL: SELECT `id`,`picimg`,`name`,`pricenow` FROM `tp_shop_goods` WHERE ( cid=5 and status=1 and id != 9 ) ORDER BY ctime desc LIMIT 0,8   [ RunTime:0.000000s ]
INFO: [ view_parse ] --START--
INFO: [ template_filter ] --START--
INFO: Run Behavior\ContentReplaceBehavior [ RunTime:0.000000s ]
INFO: [ template_filter ] --END-- [ RunTime:0.000000s ]
NOTIC: [8] Undefined variable: user D:\phpStudy\WWW\cpshop\Application\Runtime\Cache\Home\914aa622bd800e15909a9e4d922fc804.php 第 26 行.
NOTIC: [8] Undefined variable: user D:\phpStudy\WWW\cpshop\Application\Runtime\Cache\Home\914aa622bd800e15909a9e4d922fc804.php 第 29 行.
NOTIC: [8] Undefined variable: user D:\phpStudy\WWW\cpshop\Application\Runtime\Cache\Home\914aa622bd800e15909a9e4d922fc804.php 第 30 行.
NOTIC: [8] Use of undefined constant id - assumed 'id' D:\phpStudy\WWW\cpshop\Application\Runtime\Cache\Home\914aa622bd800e15909a9e4d922fc804.php 第 65 行.
NOTIC: [8] Array to string conversion D:\phpStudy\WWW\cpshop\Application\Runtime\Cache\Home\914aa622bd800e15909a9e4d922fc804.php 第 65 行.
NOTIC: [8] Use of undefined constant id - assumed 'id' D:\phpStudy\WWW\cpshop\Application\Runtime\Cache\Home\914aa622bd800e15909a9e4d922fc804.php 第 224 行.
NOTIC: [8] Array to string conversion D:\phpStudy\WWW\cpshop\Application\Runtime\Cache\Home\914aa622bd800e15909a9e4d922fc804.php 第 224 行.
INFO: Run Behavior\ParseTemplateBehavior [ RunTime:0.014000s ]
INFO: [ view_parse ] --END-- [ RunTime:0.014000s ]
INFO: [ view_filter ] --START--
INFO: Run Behavior\WriteHtmlCacheBehavior [ RunTime:0.000000s ]
INFO: [ view_filter ] --END-- [ RunTime:0.000000s ]
INFO: [ app_end ] --START--
INFO: Run Behavior\ShowPageTraceBehavior [ RunTime:0.000000s ]
INFO: [ app_end ] --END-- [ RunTime:0.000000s ]

[ 2016-12-23T11:03:00+08:00 ] 127.0.0.1 /Shop/goods?id=9&t=1482459396
INFO: [ app_init ] --START--
INFO: Run Behavior\BuildLiteBehavior [ RunTime:0.000000s ]
INFO: [ app_init ] --END-- [ RunTime:0.001000s ]
INFO: [ app_begin ] --START--
INFO: Run Behavior\ReadHtmlCacheBehavior [ RunTime:0.001000s ]
INFO: [ app_begin ] --END-- [ RunTime:0.001000s ]
NOTIC: [8] Undefined index: user D:\phpStudy\WWW\cpshop\Application\Home\Controller\BaseController.class.php 第 11 行.
SQL: SHOW COLUMNS FROM `tp_shop_set` [ RunTime:0.007000s ]
SQL: SELECT * FROM `tp_shop_set` WHERE ( id=1 )  [ RunTime:0.000000s ]
NOTIC: [8] Undefined index: user D:\phpStudy\WWW\cpshop\Application\Home\Controller\BaseController.class.php 第 20 行.
NOTIC: [8] Undefined index: shopCart D:\phpStudy\WWW\cpshop\Application\Home\Controller\BaseController.class.php 第 37 行.
SQL: SHOW COLUMNS FROM `tp_shop_cate` [ RunTime:0.006001s ]
SQL: SELECT * FROM `tp_shop_cate` WHERE ( pid=0 and status=1 )  [ RunTime:0.000000s ]
SQL: SHOW COLUMNS FROM `tp_shop_goods` [ RunTime:0.006000s ]
SQL: SELECT * FROM `tp_shop_goods` WHERE ( id=9 and status=1 )  [ RunTime:0.001000s ]
SQL: SHOW COLUMNS FROM `tp_shop_attr` [ RunTime:0.005000s ]
SQL: SHOW COLUMNS FROM `tp_goods_attr` [ RunTime:0.005001s ]
SQL: SELECT * FROM `tp_shop_attr` WHERE ( id=16 and status=1 )  [ RunTime:0.000000s ]
SQL: SELECT `id`,`attrname`,`price`,`color` FROM `tp_goods_attr` WHERE ( attrpid=16 and status=1 and gid=9  )  [ RunTime:0.000000s ]
SQL: SELECT * FROM `tp_shop_cate` WHERE ( id=5 )  [ RunTime:0.000000s ]
SQL: SELECT `id`,`picimg`,`name`,`pricenow` FROM `tp_shop_goods` WHERE ( cid=5 and status=1 and id != 9 ) ORDER BY ctime desc LIMIT 0,8   [ RunTime:0.000000s ]
INFO: [ view_parse ] --START--
INFO: [ template_filter ] --START--
INFO: Run Behavior\ContentReplaceBehavior [ RunTime:0.000000s ]
INFO: [ template_filter ] --END-- [ RunTime:0.000000s ]
NOTIC: [8] Undefined variable: user D:\phpStudy\WWW\cpshop\Application\Runtime\Cache\Home\914aa622bd800e15909a9e4d922fc804.php 第 26 行.
NOTIC: [8] Undefined variable: user D:\phpStudy\WWW\cpshop\Application\Runtime\Cache\Home\914aa622bd800e15909a9e4d922fc804.php 第 29 行.
NOTIC: [8] Undefined variable: user D:\phpStudy\WWW\cpshop\Application\Runtime\Cache\Home\914aa622bd800e15909a9e4d922fc804.php 第 30 行.
NOTIC: [8] Use of undefined constant id - assumed 'id' D:\phpStudy\WWW\cpshop\Application\Runtime\Cache\Home\914aa622bd800e15909a9e4d922fc804.php 第 65 行.
NOTIC: [8] Array to string conversion D:\phpStudy\WWW\cpshop\Application\Runtime\Cache\Home\914aa622bd800e15909a9e4d922fc804.php 第 65 行.
NOTIC: [8] Use of undefined constant id - assumed 'id' D:\phpStudy\WWW\cpshop\Application\Runtime\Cache\Home\914aa622bd800e15909a9e4d922fc804.php 第 224 行.
NOTIC: [8] Array to string conversion D:\phpStudy\WWW\cpshop\Application\Runtime\Cache\Home\914aa622bd800e15909a9e4d922fc804.php 第 224 行.
INFO: Run Behavior\ParseTemplateBehavior [ RunTime:0.021001s ]
INFO: [ view_parse ] --END-- [ RunTime:0.021001s ]
INFO: [ view_filter ] --START--
INFO: Run Behavior\WriteHtmlCacheBehavior [ RunTime:0.000000s ]
INFO: [ view_filter ] --END-- [ RunTime:0.001000s ]
INFO: [ app_end ] --START--
INFO: Run Behavior\ShowPageTraceBehavior [ RunTime:0.001000s ]
INFO: [ app_end ] --END-- [ RunTime:0.001000s ]

[ 2016-12-23T14:24:28+08:00 ] 127.0.0.1 /Shop/goods?id=9&t=1482459396
INFO: [ app_init ] --START--
INFO: Run Behavior\BuildLiteBehavior [ RunTime:0.000000s ]
INFO: [ app_init ] --END-- [ RunTime:0.000000s ]
INFO: [ app_begin ] --START--
INFO: Run Behavior\ReadHtmlCacheBehavior [ RunTime:0.001000s ]
INFO: [ app_begin ] --END-- [ RunTime:0.001000s ]
NOTIC: [8] Undefined index: user D:\phpStudy\WWW\cpshop\Application\Home\Controller\BaseController.class.php 第 11 行.
SQL: SHOW COLUMNS FROM `tp_shop_set` [ RunTime:0.006000s ]
SQL: SELECT * FROM `tp_shop_set` WHERE ( id=1 )  [ RunTime:0.000000s ]
NOTIC: [8] Undefined index: user D:\phpStudy\WWW\cpshop\Application\Home\Controller\BaseController.class.php 第 20 行.
NOTIC: [8] Undefined index: shopCart D:\phpStudy\WWW\cpshop\Application\Home\Controller\BaseController.class.php 第 37 行.
SQL: SHOW COLUMNS FROM `tp_shop_cate` [ RunTime:0.004000s ]
SQL: SELECT * FROM `tp_shop_cate` WHERE ( pid=0 and status=1 )  [ RunTime:0.000000s ]
SQL: SHOW COLUMNS FROM `tp_shop_goods` [ RunTime:0.006000s ]
SQL: SELECT * FROM `tp_shop_goods` WHERE ( id=9 and status=1 )  [ RunTime:0.000000s ]
SQL: SHOW COLUMNS FROM `tp_shop_attr` [ RunTime:0.005000s ]
SQL: SHOW COLUMNS FROM `tp_goods_attr` [ RunTime:0.005001s ]
SQL: SELECT * FROM `tp_shop_attr` WHERE ( id=16 and status=1 )  [ RunTime:0.000000s ]
SQL: SELECT `id`,`attrname`,`price`,`color` FROM `tp_goods_attr` WHERE ( attrpid=16 and status=1 and gid=9  )  [ RunTime:0.001000s ]
SQL: SELECT * FROM `tp_shop_cate` WHERE ( id=5 )  [ RunTime:0.000000s ]
SQL: SELECT `id`,`picimg`,`name`,`pricenow` FROM `tp_shop_goods` WHERE ( cid=5 and status=1 and id != 9 ) ORDER BY ctime desc LIMIT 0,8   [ RunTime:0.000000s ]
INFO: [ view_parse ] --START--
INFO: [ template_filter ] --START--
INFO: Run Behavior\ContentReplaceBehavior [ RunTime:0.000000s ]
INFO: [ template_filter ] --END-- [ RunTime:0.000000s ]
NOTIC: [8] Undefined variable: user D:\phpStudy\WWW\cpshop\Application\Runtime\Cache\Home\914aa622bd800e15909a9e4d922fc804.php 第 26 行.
NOTIC: [8] Undefined variable: user D:\phpStudy\WWW\cpshop\Application\Runtime\Cache\Home\914aa622bd800e15909a9e4d922fc804.php 第 29 行.
NOTIC: [8] Undefined variable: user D:\phpStudy\WWW\cpshop\Application\Runtime\Cache\Home\914aa622bd800e15909a9e4d922fc804.php 第 30 行.
NOTIC: [8] Use of undefined constant id - assumed 'id' D:\phpStudy\WWW\cpshop\Application\Runtime\Cache\Home\914aa622bd800e15909a9e4d922fc804.php 第 65 行.
NOTIC: [8] Array to string conversion D:\phpStudy\WWW\cpshop\Application\Runtime\Cache\Home\914aa622bd800e15909a9e4d922fc804.php 第 65 行.
NOTIC: [8] Use of undefined constant id - assumed 'id' D:\phpStudy\WWW\cpshop\Application\Runtime\Cache\Home\914aa622bd800e15909a9e4d922fc804.php 第 224 行.
NOTIC: [8] Array to string conversion D:\phpStudy\WWW\cpshop\Application\Runtime\Cache\Home\914aa622bd800e15909a9e4d922fc804.php 第 224 行.
INFO: Run Behavior\ParseTemplateBehavior [ RunTime:0.014000s ]
INFO: [ view_parse ] --END-- [ RunTime:0.014000s ]
INFO: [ view_filter ] --START--
INFO: Run Behavior\WriteHtmlCacheBehavior [ RunTime:0.001000s ]
INFO: [ view_filter ] --END-- [ RunTime:0.001000s ]
INFO: [ app_end ] --START--
INFO: Run Behavior\ShowPageTraceBehavior [ RunTime:0.001001s ]
INFO: [ app_end ] --END-- [ RunTime:0.001001s ]

