[ 2016-12-22T09:26:31+08:00 ] 127.0.0.1 /
INFO: [ app_init ] --START--
INFO: Run Behavior\BuildLiteBehavior [ RunTime:0.000000s ]
INFO: [ app_init ] --END-- [ RunTime:0.000000s ]
INFO: [ app_begin ] --START--
INFO: Run Behavior\ReadHtmlCacheBehavior [ RunTime:0.001000s ]
INFO: [ app_begin ] --END-- [ RunTime:0.001000s ]
NOTIC: [8] Undefined index: user D:\phpStudy\WWW\cpshop\Application\Home\Controller\BaseController.class.php 第 11 行.
SQL: SHOW COLUMNS FROM `tp_shop_set` [ RunTime:0.006000s ]
SQL: SELECT * FROM `tp_shop_set` WHERE ( id=1 )  [ RunTime:0.001001s ]
NOTIC: [8] Undefined index: user D:\phpStudy\WWW\cpshop\Application\Home\Controller\BaseController.class.php 第 20 行.
NOTIC: [8] Undefined index: shopCart D:\phpStudy\WWW\cpshop\Application\Home\Controller\BaseController.class.php 第 37 行.
SQL: SHOW COLUMNS FROM `tp_shop_cate` [ RunTime:0.005000s ]
SQL: SELECT * FROM `tp_shop_cate` WHERE ( pid=0 and status=1 )  [ RunTime:0.001000s ]
SQL: SELECT * FROM `tp_shop_cate` WHERE ( status=1 ) LIMIT 0,1   [ RunTime:0.001000s ]
SQL: SELECT * FROM `tp_shop_cate` WHERE ( pid=1 and status=1 ) LIMIT 0,6   [ RunTime:0.000000s ]
SQL: SHOW COLUMNS FROM `tp_shop_goods` [ RunTime:0.006000s ]
SQL: SELECT COUNT(*) AS tp_count FROM `tp_shop_goods` WHERE ( cid=2 and status=1 and xiajia=1 ) LIMIT 1   [ RunTime:0.001000s ]
SQL: SELECT COUNT(*) AS tp_count FROM `tp_shop_goods` WHERE ( cid=3 and status=1 and xiajia=1 ) LIMIT 1   [ RunTime:0.000000s ]
SQL: SELECT COUNT(*) AS tp_count FROM `tp_shop_goods` WHERE ( cid=5 and status=1 and xiajia=1 ) LIMIT 1   [ RunTime:0.001000s ]
INFO: [ view_parse ] --START--
SQL: SHOW COLUMNS FROM `tp_ads` [ RunTime:0.005001s ]
SQL: SHOW COLUMNS FROM `tp_ads_cate` [ RunTime:0.004000s ]
SQL: SELECT `id` FROM `tp_ads_cate` WHERE ( tag='ceshi' )  [ RunTime:0.001000s ]
SQL: SELECT * FROM `tp_ads` WHERE ( status=1 and cid=1 ) ORDER BY id desc LIMIT 0,1   [ RunTime:0.000000s ]
NOTIC: [8] Undefined offset: 1 D:\phpStudy\WWW\cpshop\Application\Common\Taglib\Mytag.class.php 第 64 行.
NOTIC: [8] Undefined offset: 1 D:\phpStudy\WWW\cpshop\Application\Common\Taglib\Mytag.class.php 第 64 行.
NOTIC: [8] Undefined offset: 1 D:\phpStudy\WWW\cpshop\Application\Common\Taglib\Mytag.class.php 第 64 行.
INFO: [ template_filter ] --START--
INFO: Run Behavior\ContentReplaceBehavior [ RunTime:0.000000s ]
INFO: [ template_filter ] --END-- [ RunTime:0.000000s ]
NOTIC: [8] Undefined variable: user D:\phpStudy\WWW\cpshop\Application\Runtime\Cache\Home\d2e71fb15b354760a5129829a5b6e03f.php 第 26 行.
NOTIC: [8] Undefined variable: user D:\phpStudy\WWW\cpshop\Application\Runtime\Cache\Home\d2e71fb15b354760a5129829a5b6e03f.php 第 29 行.
NOTIC: [8] Undefined variable: user D:\phpStudy\WWW\cpshop\Application\Runtime\Cache\Home\d2e71fb15b354760a5129829a5b6e03f.php 第 30 行.
NOTIC: [8] Use of undefined constant id - assumed 'id' D:\phpStudy\WWW\cpshop\Application\Runtime\Cache\Home\d2e71fb15b354760a5129829a5b6e03f.php 第 65 行.
NOTIC: [8] Array to string conversion D:\phpStudy\WWW\cpshop\Application\Runtime\Cache\Home\d2e71fb15b354760a5129829a5b6e03f.php 第 65 行.
NOTIC: [8] Use of undefined constant id - assumed 'id' D:\phpStudy\WWW\cpshop\Application\Runtime\Cache\Home\d2e71fb15b354760a5129829a5b6e03f.php 第 110 行.
NOTIC: [8] Array to string conversion D:\phpStudy\WWW\cpshop\Application\Runtime\Cache\Home\d2e71fb15b354760a5129829a5b6e03f.php 第 110 行.
NOTIC: [8] Use of undefined constant id - assumed 'id' D:\phpStudy\WWW\cpshop\Application\Runtime\Cache\Home\d2e71fb15b354760a5129829a5b6e03f.php 第 115 行.
NOTIC: [8] Array to string conversion D:\phpStudy\WWW\cpshop\Application\Runtime\Cache\Home\d2e71fb15b354760a5129829a5b6e03f.php 第 115 行.
NOTIC: [8] Use of undefined constant id - assumed 'id' D:\phpStudy\WWW\cpshop\Application\Runtime\Cache\Home\d2e71fb15b354760a5129829a5b6e03f.php 第 121 行.
NOTIC: [8] Array to string conversion D:\phpStudy\WWW\cpshop\Application\Runtime\Cache\Home\d2e71fb15b354760a5129829a5b6e03f.php 第 121 行.
NOTIC: [8] Use of undefined constant id - assumed 'id' D:\phpStudy\WWW\cpshop\Application\Runtime\Cache\Home\d2e71fb15b354760a5129829a5b6e03f.php 第 115 行.
NOTIC: [8] Array to string conversion D:\phpStudy\WWW\cpshop\Application\Runtime\Cache\Home\d2e71fb15b354760a5129829a5b6e03f.php 第 115 行.
NOTIC: [8] Use of undefined constant id - assumed 'id' D:\phpStudy\WWW\cpshop\Application\Runtime\Cache\Home\d2e71fb15b354760a5129829a5b6e03f.php 第 121 行.
NOTIC: [8] Array to string conversion D:\phpStudy\WWW\cpshop\Application\Runtime\Cache\Home\d2e71fb15b354760a5129829a5b6e03f.php 第 121 行.
NOTIC: [8] Use of undefined constant id - assumed 'id' D:\phpStudy\WWW\cpshop\Application\Runtime\Cache\Home\d2e71fb15b354760a5129829a5b6e03f.php 第 115 行.
NOTIC: [8] Array to string conversion D:\phpStudy\WWW\cpshop\Application\Runtime\Cache\Home\d2e71fb15b354760a5129829a5b6e03f.php 第 115 行.
NOTIC: [8] Use of undefined constant id - assumed 'id' D:\phpStudy\WWW\cpshop\Application\Runtime\Cache\Home\d2e71fb15b354760a5129829a5b6e03f.php 第 121 行.
NOTIC: [8] Array to string conversion D:\phpStudy\WWW\cpshop\Application\Runtime\Cache\Home\d2e71fb15b354760a5129829a5b6e03f.php 第 121 行.
INFO: Run Behavior\ParseTemplateBehavior [ RunTime:0.029002s ]
INFO: [ view_parse ] --END-- [ RunTime:0.029002s ]
INFO: [ view_filter ] --START--
INFO: Run Behavior\WriteHtmlCacheBehavior [ RunTime:0.000000s ]
INFO: [ view_filter ] --END-- [ RunTime:0.001000s ]
INFO: [ app_end ] --START--
INFO: Run Behavior\ShowPageTraceBehavior [ RunTime:0.001000s ]
INFO: [ app_end ] --END-- [ RunTime:0.001000s ]

[ 2016-12-22T09:26:31+08:00 ] 127.0.0.1 /
INFO: [ app_init ] --START--
INFO: Run Behavior\BuildLiteBehavior [ RunTime:0.000000s ]
INFO: [ app_init ] --END-- [ RunTime:0.001000s ]
INFO: [ app_begin ] --START--
INFO: Run Behavior\ReadHtmlCacheBehavior [ RunTime:0.001000s ]
INFO: [ app_begin ] --END-- [ RunTime:0.001000s ]
NOTIC: [8] Undefined index: user D:\phpStudy\WWW\cpshop\Application\Home\Controller\BaseController.class.php 第 11 行.
SQL: SHOW COLUMNS FROM `tp_shop_set` [ RunTime:0.005000s ]
SQL: SELECT * FROM `tp_shop_set` WHERE ( id=1 )  [ RunTime:0.000000s ]
NOTIC: [8] Undefined index: user D:\phpStudy\WWW\cpshop\Application\Home\Controller\BaseController.class.php 第 20 行.
NOTIC: [8] Undefined index: shopCart D:\phpStudy\WWW\cpshop\Application\Home\Controller\BaseController.class.php 第 37 行.
SQL: SHOW COLUMNS FROM `tp_shop_cate` [ RunTime:0.005000s ]
SQL: SELECT * FROM `tp_shop_cate` WHERE ( pid=0 and status=1 )  [ RunTime:0.000000s ]
SQL: SELECT * FROM `tp_shop_cate` WHERE ( status=1 ) LIMIT 0,1   [ RunTime:0.000000s ]
SQL: SELECT * FROM `tp_shop_cate` WHERE ( pid=1 and status=1 ) LIMIT 0,6   [ RunTime:0.001000s ]
SQL: SHOW COLUMNS FROM `tp_shop_goods` [ RunTime:0.004000s ]
SQL: SELECT COUNT(*) AS tp_count FROM `tp_shop_goods` WHERE ( cid=2 and status=1 and xiajia=1 ) LIMIT 1   [ RunTime:0.000000s ]
SQL: SELECT COUNT(*) AS tp_count FROM `tp_shop_goods` WHERE ( cid=3 and status=1 and xiajia=1 ) LIMIT 1   [ RunTime:0.001000s ]
SQL: SELECT COUNT(*) AS tp_count FROM `tp_shop_goods` WHERE ( cid=5 and status=1 and xiajia=1 ) LIMIT 1   [ RunTime:0.000000s ]
INFO: [ view_parse ] --START--
SQL: SHOW COLUMNS FROM `tp_ads` [ RunTime:0.004000s ]
SQL: SHOW COLUMNS FROM `tp_ads_cate` [ RunTime:0.004001s ]
SQL: SELECT `id` FROM `tp_ads_cate` WHERE ( tag='ceshi' )  [ RunTime:0.000000s ]
SQL: SELECT * FROM `tp_ads` WHERE ( status=1 and cid=1 ) ORDER BY id desc LIMIT 0,1   [ RunTime:0.001000s ]
NOTIC: [8] Undefined offset: 1 D:\phpStudy\WWW\cpshop\Application\Common\Taglib\Mytag.class.php 第 64 行.
NOTIC: [8] Undefined offset: 1 D:\phpStudy\WWW\cpshop\Application\Common\Taglib\Mytag.class.php 第 64 行.
NOTIC: [8] Undefined offset: 1 D:\phpStudy\WWW\cpshop\Application\Common\Taglib\Mytag.class.php 第 64 行.
INFO: [ template_filter ] --START--
INFO: Run Behavior\ContentReplaceBehavior [ RunTime:0.001000s ]
INFO: [ template_filter ] --END-- [ RunTime:0.001000s ]
NOTIC: [8] Undefined variable: user D:\phpStudy\WWW\cpshop\Application\Runtime\Cache\Home\d2e71fb15b354760a5129829a5b6e03f.php 第 26 行.
NOTIC: [8] Undefined variable: user D:\phpStudy\WWW\cpshop\Application\Runtime\Cache\Home\d2e71fb15b354760a5129829a5b6e03f.php 第 29 行.
NOTIC: [8] Undefined variable: user D:\phpStudy\WWW\cpshop\Application\Runtime\Cache\Home\d2e71fb15b354760a5129829a5b6e03f.php 第 30 行.
NOTIC: [8] Use of undefined constant id - assumed 'id' D:\phpStudy\WWW\cpshop\Application\Runtime\Cache\Home\d2e71fb15b354760a5129829a5b6e03f.php 第 65 行.
NOTIC: [8] Array to string conversion D:\phpStudy\WWW\cpshop\Application\Runtime\Cache\Home\d2e71fb15b354760a5129829a5b6e03f.php 第 65 行.
NOTIC: [8] Use of undefined constant id - assumed 'id' D:\phpStudy\WWW\cpshop\Application\Runtime\Cache\Home\d2e71fb15b354760a5129829a5b6e03f.php 第 110 行.
NOTIC: [8] Array to string conversion D:\phpStudy\WWW\cpshop\Application\Runtime\Cache\Home\d2e71fb15b354760a5129829a5b6e03f.php 第 110 行.
NOTIC: [8] Use of undefined constant id - assumed 'id' D:\phpStudy\WWW\cpshop\Application\Runtime\Cache\Home\d2e71fb15b354760a5129829a5b6e03f.php 第 115 行.
NOTIC: [8] Array to string conversion D:\phpStudy\WWW\cpshop\Application\Runtime\Cache\Home\d2e71fb15b354760a5129829a5b6e03f.php 第 115 行.
NOTIC: [8] Use of undefined constant id - assumed 'id' D:\phpStudy\WWW\cpshop\Application\Runtime\Cache\Home\d2e71fb15b354760a5129829a5b6e03f.php 第 121 行.
NOTIC: [8] Array to string conversion D:\phpStudy\WWW\cpshop\Application\Runtime\Cache\Home\d2e71fb15b354760a5129829a5b6e03f.php 第 121 行.
NOTIC: [8] Use of undefined constant id - assumed 'id' D:\phpStudy\WWW\cpshop\Application\Runtime\Cache\Home\d2e71fb15b354760a5129829a5b6e03f.php 第 115 行.
NOTIC: [8] Array to string conversion D:\phpStudy\WWW\cpshop\Application\Runtime\Cache\Home\d2e71fb15b354760a5129829a5b6e03f.php 第 115 行.
NOTIC: [8] Use of undefined constant id - assumed 'id' D:\phpStudy\WWW\cpshop\Application\Runtime\Cache\Home\d2e71fb15b354760a5129829a5b6e03f.php 第 121 行.
NOTIC: [8] Array to string conversion D:\phpStudy\WWW\cpshop\Application\Runtime\Cache\Home\d2e71fb15b354760a5129829a5b6e03f.php 第 121 行.
NOTIC: [8] Use of undefined constant id - assumed 'id' D:\phpStudy\WWW\cpshop\Application\Runtime\Cache\Home\d2e71fb15b354760a5129829a5b6e03f.php 第 115 行.
NOTIC: [8] Array to string conversion D:\phpStudy\WWW\cpshop\Application\Runtime\Cache\Home\d2e71fb15b354760a5129829a5b6e03f.php 第 115 行.
NOTIC: [8] Use of undefined constant id - assumed 'id' D:\phpStudy\WWW\cpshop\Application\Runtime\Cache\Home\d2e71fb15b354760a5129829a5b6e03f.php 第 121 行.
NOTIC: [8] Array to string conversion D:\phpStudy\WWW\cpshop\Application\Runtime\Cache\Home\d2e71fb15b354760a5129829a5b6e03f.php 第 121 行.
INFO: Run Behavior\ParseTemplateBehavior [ RunTime:0.028002s ]
INFO: [ view_parse ] --END-- [ RunTime:0.028002s ]
INFO: [ view_filter ] --START--
INFO: Run Behavior\WriteHtmlCacheBehavior [ RunTime:0.001000s ]
INFO: [ view_filter ] --END-- [ RunTime:0.001000s ]
INFO: [ app_end ] --START--
INFO: Run Behavior\ShowPageTraceBehavior [ RunTime:0.001000s ]
INFO: [ app_end ] --END-- [ RunTime:0.001000s ]

[ 2016-12-22T09:30:04+08:00 ] 127.0.0.1 /Index/shopCate?cid=5&ce457bbd4782a4b16997fe84455ef4c7
INFO: [ app_init ] --START--
INFO: Run Behavior\BuildLiteBehavior [ RunTime:0.000000s ]
INFO: [ app_init ] --END-- [ RunTime:0.000000s ]
INFO: [ app_begin ] --START--
INFO: Run Behavior\ReadHtmlCacheBehavior [ RunTime:0.001000s ]
INFO: [ app_begin ] --END-- [ RunTime:0.001000s ]
NOTIC: [8] Undefined index: user D:\phpStudy\WWW\cpshop\Application\Home\Controller\BaseController.class.php 第 11 行.
SQL: SHOW COLUMNS FROM `tp_shop_set` [ RunTime:0.005000s ]
SQL: SELECT * FROM `tp_shop_set` WHERE ( id=1 )  [ RunTime:0.000000s ]
NOTIC: [8] Undefined index: user D:\phpStudy\WWW\cpshop\Application\Home\Controller\BaseController.class.php 第 20 行.
NOTIC: [8] Undefined index: shopCart D:\phpStudy\WWW\cpshop\Application\Home\Controller\BaseController.class.php 第 37 行.
SQL: SHOW COLUMNS FROM `tp_shop_cate` [ RunTime:0.006001s ]
SQL: SELECT * FROM `tp_shop_cate` WHERE ( pid=0 and status=1 )  [ RunTime:0.001000s ]
SQL: SELECT * FROM `tp_shop_cate` WHERE ( id=5 and status=1 )  [ RunTime:0.001000s ]
SQL: SELECT * FROM `tp_shop_cate` WHERE ( pid=5 and status=1 )  [ RunTime:0.000000s ]
SQL: SHOW COLUMNS FROM `tp_shop_goods` [ RunTime:0.004000s ]
SQL: SELECT * FROM `tp_shop_goods` WHERE ( cid=5 and status=1 and xiajia=1 )  [ RunTime:0.000000s ]
INFO: [ view_parse ] --START--
INFO: [ template_filter ] --START--
INFO: Run Behavior\ContentReplaceBehavior [ RunTime:0.000000s ]
INFO: [ template_filter ] --END-- [ RunTime:0.000000s ]
NOTIC: [8] Undefined variable: user D:\phpStudy\WWW\cpshop\Application\Runtime\Cache\Home\b214a5d8a0dfe4ce1bec92646d480224.php 第 26 行.
NOTIC: [8] Undefined variable: user D:\phpStudy\WWW\cpshop\Application\Runtime\Cache\Home\b214a5d8a0dfe4ce1bec92646d480224.php 第 29 行.
NOTIC: [8] Undefined variable: user D:\phpStudy\WWW\cpshop\Application\Runtime\Cache\Home\b214a5d8a0dfe4ce1bec92646d480224.php 第 30 行.
NOTIC: [8] Use of undefined constant id - assumed 'id' D:\phpStudy\WWW\cpshop\Application\Runtime\Cache\Home\b214a5d8a0dfe4ce1bec92646d480224.php 第 65 行.
NOTIC: [8] Array to string conversion D:\phpStudy\WWW\cpshop\Application\Runtime\Cache\Home\b214a5d8a0dfe4ce1bec92646d480224.php 第 65 行.
NOTIC: [8] Use of undefined constant id - assumed 'id' D:\phpStudy\WWW\cpshop\Application\Runtime\Cache\Home\b214a5d8a0dfe4ce1bec92646d480224.php 第 147 行.
NOTIC: [8] Array to string conversion D:\phpStudy\WWW\cpshop\Application\Runtime\Cache\Home\b214a5d8a0dfe4ce1bec92646d480224.php 第 147 行.
INFO: Run Behavior\ParseTemplateBehavior [ RunTime:0.028001s ]
INFO: [ view_parse ] --END-- [ RunTime:0.028001s ]
INFO: [ view_filter ] --START--
INFO: Run Behavior\WriteHtmlCacheBehavior [ RunTime:0.000000s ]
INFO: [ view_filter ] --END-- [ RunTime:0.000000s ]
INFO: [ app_end ] --START--
INFO: Run Behavior\ShowPageTraceBehavior [ RunTime:0.000000s ]
INFO: [ app_end ] --END-- [ RunTime:0.001000s ]

[ 2016-12-22T09:30:08+08:00 ] 127.0.0.1 /Login/index.html
INFO: [ app_init ] --START--
INFO: Run Behavior\BuildLiteBehavior [ RunTime:0.000000s ]
INFO: [ app_init ] --END-- [ RunTime:0.001000s ]
INFO: [ app_begin ] --START--
INFO: Run Behavior\ReadHtmlCacheBehavior [ RunTime:0.000000s ]
INFO: [ app_begin ] --END-- [ RunTime:0.000000s ]
NOTIC: [8] Undefined index: user D:\phpStudy\WWW\cpshop\Application\Home\Controller\BaseController.class.php 第 11 行.
SQL: SHOW COLUMNS FROM `tp_shop_set` [ RunTime:0.005000s ]
SQL: SELECT * FROM `tp_shop_set` WHERE ( id=1 )  [ RunTime:0.000000s ]
NOTIC: [8] Undefined index: user D:\phpStudy\WWW\cpshop\Application\Home\Controller\BaseController.class.php 第 20 行.
NOTIC: [8] Undefined index: shopCart D:\phpStudy\WWW\cpshop\Application\Home\Controller\BaseController.class.php 第 37 行.
INFO: [ view_parse ] --START--
INFO: [ template_filter ] --START--
INFO: Run Behavior\ContentReplaceBehavior [ RunTime:0.000000s ]
INFO: [ template_filter ] --END-- [ RunTime:0.000000s ]
NOTIC: [8] Undefined variable: user D:\phpStudy\WWW\cpshop\Application\Runtime\Cache\Home\fe3d14c43e95c65443a23011abe5e870.php 第 28 行.
NOTIC: [8] Undefined variable: user D:\phpStudy\WWW\cpshop\Application\Runtime\Cache\Home\fe3d14c43e95c65443a23011abe5e870.php 第 31 行.
NOTIC: [8] Undefined variable: user D:\phpStudy\WWW\cpshop\Application\Runtime\Cache\Home\fe3d14c43e95c65443a23011abe5e870.php 第 32 行.
NOTIC: [8] Undefined variable: shopCateOne D:\phpStudy\WWW\cpshop\Application\Runtime\Cache\Home\fe3d14c43e95c65443a23011abe5e870.php 第 66 行.
INFO: Run Behavior\ParseTemplateBehavior [ RunTime:0.018001s ]
INFO: [ view_parse ] --END-- [ RunTime:0.018001s ]
INFO: [ view_filter ] --START--
INFO: Run Behavior\WriteHtmlCacheBehavior [ RunTime:0.001000s ]
INFO: [ view_filter ] --END-- [ RunTime:0.001000s ]
INFO: [ app_end ] --START--
INFO: Run Behavior\ShowPageTraceBehavior [ RunTime:0.001000s ]
INFO: [ app_end ] --END-- [ RunTime:0.001000s ]

[ 2016-12-22T09:30:14+08:00 ] 127.0.0.1 /Login/LoginHandler
INFO: [ app_init ] --START--
INFO: Run Behavior\BuildLiteBehavior [ RunTime:0.000000s ]
INFO: [ app_init ] --END-- [ RunTime:0.000000s ]
INFO: [ app_begin ] --START--
INFO: Run Behavior\ReadHtmlCacheBehavior [ RunTime:0.000000s ]
INFO: [ app_begin ] --END-- [ RunTime:0.000000s ]
NOTIC: [8] Undefined index: user D:\phpStudy\WWW\cpshop\Application\Home\Controller\BaseController.class.php 第 11 行.
SQL: SHOW COLUMNS FROM `tp_shop_set` [ RunTime:0.005000s ]
SQL: SELECT * FROM `tp_shop_set` WHERE ( id=1 )  [ RunTime:0.000000s ]
NOTIC: [8] Undefined index: user D:\phpStudy\WWW\cpshop\Application\Home\Controller\BaseController.class.php 第 20 行.
NOTIC: [8] Undefined index: shopCart D:\phpStudy\WWW\cpshop\Application\Home\Controller\BaseController.class.php 第 37 行.
SQL: SHOW COLUMNS FROM `tp_user` [ RunTime:0.004000s ]
SQL: SELECT * FROM `tp_user` WHERE ( status=0 and email=1521249977@qq.com  )  [ RunTime:0.000000s ]
ERR: 1064:You have an error in your SQL syntax; check the manual that corresponds to your MySQL server version for the right syntax to use near '@qq.com  )' at line 1
 [ SQL语句 ] : SELECT * FROM `tp_user` WHERE ( status=0 and email=1521249977@qq.com  ) 
SQL: SELECT `id`,`email`,`username` FROM `tp_user` WHERE ( status=1 and email='1521249977@qq.com' and password= '96e79218965eb72c92a549dd5a330112'  )  [ RunTime:0.001000s ]

[ 2016-12-22T09:30:15+08:00 ] 127.0.0.1 /
INFO: [ app_init ] --START--
INFO: Run Behavior\BuildLiteBehavior [ RunTime:0.000000s ]
INFO: [ app_init ] --END-- [ RunTime:0.000000s ]
INFO: [ app_begin ] --START--
INFO: Run Behavior\ReadHtmlCacheBehavior [ RunTime:0.000000s ]
INFO: [ app_begin ] --END-- [ RunTime:0.001000s ]
SQL: SHOW COLUMNS FROM `tp_shop_set` [ RunTime:0.006000s ]
SQL: SELECT * FROM `tp_shop_set` WHERE ( id=1 )  [ RunTime:0.000000s ]
NOTIC: [8] Undefined index: shopCart D:\phpStudy\WWW\cpshop\Application\Home\Controller\BaseController.class.php 第 23 行.
SQL: SHOW COLUMNS FROM `tp_shop_cart` [ RunTime:0.006000s ]
SQL: SELECT * FROM `tp_shop_cart` WHERE ( uid=1 and status=1 )  [ RunTime:0.001000s ]
SQL: SHOW COLUMNS FROM `tp_shop_cate` [ RunTime:0.005000s ]
SQL: SELECT * FROM `tp_shop_cate` WHERE ( pid=0 and status=1 )  [ RunTime:0.000000s ]
SQL: SELECT * FROM `tp_shop_cate` WHERE ( status=1 ) LIMIT 0,1   [ RunTime:0.001000s ]
SQL: SELECT * FROM `tp_shop_cate` WHERE ( pid=1 and status=1 ) LIMIT 0,6   [ RunTime:0.000000s ]
SQL: SHOW COLUMNS FROM `tp_shop_goods` [ RunTime:0.005001s ]
SQL: SELECT COUNT(*) AS tp_count FROM `tp_shop_goods` WHERE ( cid=2 and status=1 and xiajia=1 ) LIMIT 1   [ RunTime:0.001000s ]
SQL: SELECT COUNT(*) AS tp_count FROM `tp_shop_goods` WHERE ( cid=3 and status=1 and xiajia=1 ) LIMIT 1   [ RunTime:0.000000s ]
SQL: SELECT COUNT(*) AS tp_count FROM `tp_shop_goods` WHERE ( cid=5 and status=1 and xiajia=1 ) LIMIT 1   [ RunTime:0.001000s ]
INFO: [ view_parse ] --START--
SQL: SHOW COLUMNS FROM `tp_ads` [ RunTime:0.005000s ]
SQL: SHOW COLUMNS FROM `tp_ads_cate` [ RunTime:0.004000s ]
SQL: SELECT `id` FROM `tp_ads_cate` WHERE ( tag='ceshi' )  [ RunTime:0.001000s ]
SQL: SELECT * FROM `tp_ads` WHERE ( status=1 and cid=1 ) ORDER BY id desc LIMIT 0,1   [ RunTime:0.000000s ]
NOTIC: [8] Undefined offset: 1 D:\phpStudy\WWW\cpshop\Application\Common\Taglib\Mytag.class.php 第 64 行.
NOTIC: [8] Undefined offset: 1 D:\phpStudy\WWW\cpshop\Application\Common\Taglib\Mytag.class.php 第 64 行.
NOTIC: [8] Undefined offset: 1 D:\phpStudy\WWW\cpshop\Application\Common\Taglib\Mytag.class.php 第 64 行.
INFO: [ template_filter ] --START--
INFO: Run Behavior\ContentReplaceBehavior [ RunTime:0.000000s ]
INFO: [ template_filter ] --END-- [ RunTime:0.000000s ]
NOTIC: [8] Use of undefined constant id - assumed 'id' D:\phpStudy\WWW\cpshop\Application\Runtime\Cache\Home\d2e71fb15b354760a5129829a5b6e03f.php 第 65 行.
NOTIC: [8] Array to string conversion D:\phpStudy\WWW\cpshop\Application\Runtime\Cache\Home\d2e71fb15b354760a5129829a5b6e03f.php 第 65 行.
NOTIC: [8] Use of undefined constant id - assumed 'id' D:\phpStudy\WWW\cpshop\Application\Runtime\Cache\Home\d2e71fb15b354760a5129829a5b6e03f.php 第 110 行.
NOTIC: [8] Array to string conversion D:\phpStudy\WWW\cpshop\Application\Runtime\Cache\Home\d2e71fb15b354760a5129829a5b6e03f.php 第 110 行.
NOTIC: [8] Use of undefined constant id - assumed 'id' D:\phpStudy\WWW\cpshop\Application\Runtime\Cache\Home\d2e71fb15b354760a5129829a5b6e03f.php 第 115 行.
NOTIC: [8] Array to string conversion D:\phpStudy\WWW\cpshop\Application\Runtime\Cache\Home\d2e71fb15b354760a5129829a5b6e03f.php 第 115 行.
NOTIC: [8] Use of undefined constant id - assumed 'id' D:\phpStudy\WWW\cpshop\Application\Runtime\Cache\Home\d2e71fb15b354760a5129829a5b6e03f.php 第 121 行.
NOTIC: [8] Array to string conversion D:\phpStudy\WWW\cpshop\Application\Runtime\Cache\Home\d2e71fb15b354760a5129829a5b6e03f.php 第 121 行.
NOTIC: [8] Use of undefined constant id - assumed 'id' D:\phpStudy\WWW\cpshop\Application\Runtime\Cache\Home\d2e71fb15b354760a5129829a5b6e03f.php 第 115 行.
NOTIC: [8] Array to string conversion D:\phpStudy\WWW\cpshop\Application\Runtime\Cache\Home\d2e71fb15b354760a5129829a5b6e03f.php 第 115 行.
NOTIC: [8] Use of undefined constant id - assumed 'id' D:\phpStudy\WWW\cpshop\Application\Runtime\Cache\Home\d2e71fb15b354760a5129829a5b6e03f.php 第 121 行.
NOTIC: [8] Array to string conversion D:\phpStudy\WWW\cpshop\Application\Runtime\Cache\Home\d2e71fb15b354760a5129829a5b6e03f.php 第 121 行.
NOTIC: [8] Use of undefined constant id - assumed 'id' D:\phpStudy\WWW\cpshop\Application\Runtime\Cache\Home\d2e71fb15b354760a5129829a5b6e03f.php 第 115 行.
NOTIC: [8] Array to string conversion D:\phpStudy\WWW\cpshop\Application\Runtime\Cache\Home\d2e71fb15b354760a5129829a5b6e03f.php 第 115 行.
NOTIC: [8] Use of undefined constant id - assumed 'id' D:\phpStudy\WWW\cpshop\Application\Runtime\Cache\Home\d2e71fb15b354760a5129829a5b6e03f.php 第 121 行.
NOTIC: [8] Array to string conversion D:\phpStudy\WWW\cpshop\Application\Runtime\Cache\Home\d2e71fb15b354760a5129829a5b6e03f.php 第 121 行.
INFO: Run Behavior\ParseTemplateBehavior [ RunTime:0.028001s ]
INFO: [ view_parse ] --END-- [ RunTime:0.028001s ]
INFO: [ view_filter ] --START--
INFO: Run Behavior\WriteHtmlCacheBehavior [ RunTime:0.001000s ]
INFO: [ view_filter ] --END-- [ RunTime:0.001000s ]
INFO: [ app_end ] --START--
INFO: Run Behavior\ShowPageTraceBehavior [ RunTime:0.001000s ]
INFO: [ app_end ] --END-- [ RunTime:0.001000s ]

[ 2016-12-22T09:30:17+08:00 ] 127.0.0.1 /User/index
INFO: [ app_init ] --START--
INFO: Run Behavior\BuildLiteBehavior [ RunTime:0.000000s ]
INFO: [ app_init ] --END-- [ RunTime:0.000000s ]
INFO: [ app_begin ] --START--
INFO: Run Behavior\ReadHtmlCacheBehavior [ RunTime:0.000000s ]
INFO: [ app_begin ] --END-- [ RunTime:0.000000s ]
INFO: [ view_parse ] --START--
INFO: [ template_filter ] --START--
INFO: Run Behavior\ContentReplaceBehavior [ RunTime:0.000000s ]
INFO: [ template_filter ] --END-- [ RunTime:0.000000s ]
INFO: Run Behavior\ParseTemplateBehavior [ RunTime:0.038002s ]
INFO: [ view_parse ] --END-- [ RunTime:0.038002s ]
INFO: [ view_filter ] --START--
INFO: Run Behavior\WriteHtmlCacheBehavior [ RunTime:0.000000s ]
INFO: [ view_filter ] --END-- [ RunTime:0.000000s ]

[ 2016-12-22T09:30:19+08:00 ] 127.0.0.1 /Admin/Login/index.html
INFO: [ app_init ] --START--
INFO: Run Behavior\BuildLiteBehavior [ RunTime:0.000000s ]
INFO: [ app_init ] --END-- [ RunTime:0.000000s ]
INFO: [ app_begin ] --START--
INFO: Run Behavior\ReadHtmlCacheBehavior [ RunTime:0.001000s ]
INFO: [ app_begin ] --END-- [ RunTime:0.001000s ]
INFO: [ view_parse ] --START--
INFO: [ template_filter ] --START--
INFO: Run Behavior\ContentReplaceBehavior [ RunTime:0.000000s ]
INFO: [ template_filter ] --END-- [ RunTime:0.000000s ]
INFO: Run Behavior\ParseTemplateBehavior [ RunTime:0.018001s ]
INFO: [ view_parse ] --END-- [ RunTime:0.018001s ]
INFO: [ view_filter ] --START--
INFO: Run Behavior\WriteHtmlCacheBehavior [ RunTime:0.000000s ]
INFO: [ view_filter ] --END-- [ RunTime:0.000000s ]
INFO: [ app_end ] --START--
INFO: Run Behavior\ShowPageTraceBehavior [ RunTime:0.001000s ]
INFO: [ app_end ] --END-- [ RunTime:0.001000s ]

[ 2016-12-22T09:30:19+08:00 ] 127.0.0.1 /Admin/Login/verify.html
INFO: [ app_init ] --START--
INFO: Run Behavior\BuildLiteBehavior [ RunTime:0.000000s ]
INFO: [ app_init ] --END-- [ RunTime:0.001000s ]
INFO: [ app_begin ] --START--
INFO: Run Behavior\ReadHtmlCacheBehavior [ RunTime:0.001000s ]
INFO: [ app_begin ] --END-- [ RunTime:0.001000s ]
INFO: [ app_end ] --START--
INFO: Run Behavior\ShowPageTraceBehavior [ RunTime:0.000000s ]
INFO: [ app_end ] --END-- [ RunTime:0.000000s ]

[ 2016-12-22T09:30:25+08:00 ] 127.0.0.1 /
INFO: [ app_init ] --START--
INFO: Run Behavior\BuildLiteBehavior [ RunTime:0.001000s ]
INFO: [ app_init ] --END-- [ RunTime:0.001000s ]
INFO: [ app_begin ] --START--
INFO: Run Behavior\ReadHtmlCacheBehavior [ RunTime:0.001000s ]
INFO: [ app_begin ] --END-- [ RunTime:0.001000s ]
SQL: SHOW COLUMNS FROM `tp_shop_set` [ RunTime:0.006000s ]
SQL: SELECT * FROM `tp_shop_set` WHERE ( id=1 )  [ RunTime:0.000000s ]
NOTIC: [8] Undefined index: shopCart D:\phpStudy\WWW\cpshop\Application\Home\Controller\BaseController.class.php 第 23 行.
SQL: SHOW COLUMNS FROM `tp_shop_cart` [ RunTime:0.005001s ]
SQL: SELECT * FROM `tp_shop_cart` WHERE ( uid=1 and status=1 )  [ RunTime:0.001000s ]
SQL: SHOW COLUMNS FROM `tp_shop_cate` [ RunTime:0.005000s ]
SQL: SELECT * FROM `tp_shop_cate` WHERE ( pid=0 and status=1 )  [ RunTime:0.000000s ]
SQL: SELECT * FROM `tp_shop_cate` WHERE ( status=1 ) LIMIT 0,1   [ RunTime:0.000000s ]
SQL: SELECT * FROM `tp_shop_cate` WHERE ( pid=1 and status=1 ) LIMIT 0,6   [ RunTime:0.001000s ]
SQL: SHOW COLUMNS FROM `tp_shop_goods` [ RunTime:0.005000s ]
SQL: SELECT COUNT(*) AS tp_count FROM `tp_shop_goods` WHERE ( cid=2 and status=1 and xiajia=1 ) LIMIT 1   [ RunTime:0.000000s ]
SQL: SELECT COUNT(*) AS tp_count FROM `tp_shop_goods` WHERE ( cid=3 and status=1 and xiajia=1 ) LIMIT 1   [ RunTime:0.000000s ]
SQL: SELECT COUNT(*) AS tp_count FROM `tp_shop_goods` WHERE ( cid=5 and status=1 and xiajia=1 ) LIMIT 1   [ RunTime:0.000000s ]
INFO: [ view_parse ] --START--
SQL: SHOW COLUMNS FROM `tp_ads` [ RunTime:0.005001s ]
SQL: SHOW COLUMNS FROM `tp_ads_cate` [ RunTime:0.004000s ]
SQL: SELECT `id` FROM `tp_ads_cate` WHERE ( tag='ceshi' )  [ RunTime:0.000000s ]
SQL: SELECT * FROM `tp_ads` WHERE ( status=1 and cid=1 ) ORDER BY id desc LIMIT 0,1   [ RunTime:0.000000s ]
NOTIC: [8] Undefined offset: 1 D:\phpStudy\WWW\cpshop\Application\Common\Taglib\Mytag.class.php 第 64 行.
NOTIC: [8] Undefined offset: 1 D:\phpStudy\WWW\cpshop\Application\Common\Taglib\Mytag.class.php 第 64 行.
NOTIC: [8] Undefined offset: 1 D:\phpStudy\WWW\cpshop\Application\Common\Taglib\Mytag.class.php 第 64 行.
INFO: [ template_filter ] --START--
INFO: Run Behavior\ContentReplaceBehavior [ RunTime:0.001000s ]
INFO: [ template_filter ] --END-- [ RunTime:0.001000s ]
NOTIC: [8] Use of undefined constant id - assumed 'id' D:\phpStudy\WWW\cpshop\Application\Runtime\Cache\Home\d2e71fb15b354760a5129829a5b6e03f.php 第 65 行.
NOTIC: [8] Array to string conversion D:\phpStudy\WWW\cpshop\Application\Runtime\Cache\Home\d2e71fb15b354760a5129829a5b6e03f.php 第 65 行.
NOTIC: [8] Use of undefined constant id - assumed 'id' D:\phpStudy\WWW\cpshop\Application\Runtime\Cache\Home\d2e71fb15b354760a5129829a5b6e03f.php 第 110 行.
NOTIC: [8] Array to string conversion D:\phpStudy\WWW\cpshop\Application\Runtime\Cache\Home\d2e71fb15b354760a5129829a5b6e03f.php 第 110 行.
NOTIC: [8] Use of undefined constant id - assumed 'id' D:\phpStudy\WWW\cpshop\Application\Runtime\Cache\Home\d2e71fb15b354760a5129829a5b6e03f.php 第 115 行.
NOTIC: [8] Array to string conversion D:\phpStudy\WWW\cpshop\Application\Runtime\Cache\Home\d2e71fb15b354760a5129829a5b6e03f.php 第 115 行.
NOTIC: [8] Use of undefined constant id - assumed 'id' D:\phpStudy\WWW\cpshop\Application\Runtime\Cache\Home\d2e71fb15b354760a5129829a5b6e03f.php 第 121 行.
NOTIC: [8] Array to string conversion D:\phpStudy\WWW\cpshop\Application\Runtime\Cache\Home\d2e71fb15b354760a5129829a5b6e03f.php 第 121 行.
NOTIC: [8] Use of undefined constant id - assumed 'id' D:\phpStudy\WWW\cpshop\Application\Runtime\Cache\Home\d2e71fb15b354760a5129829a5b6e03f.php 第 115 行.
NOTIC: [8] Array to string conversion D:\phpStudy\WWW\cpshop\Application\Runtime\Cache\Home\d2e71fb15b354760a5129829a5b6e03f.php 第 115 行.
NOTIC: [8] Use of undefined constant id - assumed 'id' D:\phpStudy\WWW\cpshop\Application\Runtime\Cache\Home\d2e71fb15b354760a5129829a5b6e03f.php 第 121 行.
NOTIC: [8] Array to string conversion D:\phpStudy\WWW\cpshop\Application\Runtime\Cache\Home\d2e71fb15b354760a5129829a5b6e03f.php 第 121 行.
NOTIC: [8] Use of undefined constant id - assumed 'id' D:\phpStudy\WWW\cpshop\Application\Runtime\Cache\Home\d2e71fb15b354760a5129829a5b6e03f.php 第 115 行.
NOTIC: [8] Array to string conversion D:\phpStudy\WWW\cpshop\Application\Runtime\Cache\Home\d2e71fb15b354760a5129829a5b6e03f.php 第 115 行.
NOTIC: [8] Use of undefined constant id - assumed 'id' D:\phpStudy\WWW\cpshop\Application\Runtime\Cache\Home\d2e71fb15b354760a5129829a5b6e03f.php 第 121 行.
NOTIC: [8] Array to string conversion D:\phpStudy\WWW\cpshop\Application\Runtime\Cache\Home\d2e71fb15b354760a5129829a5b6e03f.php 第 121 行.
INFO: Run Behavior\ParseTemplateBehavior [ RunTime:0.027001s ]
INFO: [ view_parse ] --END-- [ RunTime:0.027001s ]
INFO: [ view_filter ] --START--
INFO: Run Behavior\WriteHtmlCacheBehavior [ RunTime:0.000000s ]
INFO: [ view_filter ] --END-- [ RunTime:0.001000s ]
INFO: [ app_end ] --START--
INFO: Run Behavior\ShowPageTraceBehavior [ RunTime:0.001000s ]
INFO: [ app_end ] --END-- [ RunTime:0.001000s ]

[ 2016-12-22T09:30:35+08:00 ] 127.0.0.1 /User/index
INFO: [ app_init ] --START--
INFO: Run Behavior\BuildLiteBehavior [ RunTime:0.000000s ]
INFO: [ app_init ] --END-- [ RunTime:0.000000s ]
INFO: [ app_begin ] --START--
INFO: Run Behavior\ReadHtmlCacheBehavior [ RunTime:0.001000s ]
INFO: [ app_begin ] --END-- [ RunTime:0.001000s ]
INFO: [ view_parse ] --START--
INFO: [ template_filter ] --START--
INFO: Run Behavior\ContentReplaceBehavior [ RunTime:0.000000s ]
INFO: [ template_filter ] --END-- [ RunTime:0.000000s ]
INFO: Run Behavior\ParseTemplateBehavior [ RunTime:0.006000s ]
INFO: [ view_parse ] --END-- [ RunTime:0.006000s ]
INFO: [ view_filter ] --START--
INFO: Run Behavior\WriteHtmlCacheBehavior [ RunTime:0.001000s ]
INFO: [ view_filter ] --END-- [ RunTime:0.001000s ]

[ 2016-12-22T09:30:38+08:00 ] 127.0.0.1 /Admin/Login/index.html
INFO: [ app_init ] --START--
INFO: Run Behavior\BuildLiteBehavior [ RunTime:0.000000s ]
INFO: [ app_init ] --END-- [ RunTime:0.001000s ]
INFO: [ app_begin ] --START--
INFO: Run Behavior\ReadHtmlCacheBehavior [ RunTime:0.001000s ]
INFO: [ app_begin ] --END-- [ RunTime:0.001000s ]
INFO: [ view_parse ] --START--
INFO: [ template_filter ] --START--
INFO: Run Behavior\ContentReplaceBehavior [ RunTime:0.000000s ]
INFO: [ template_filter ] --END-- [ RunTime:0.000000s ]
INFO: Run Behavior\ParseTemplateBehavior [ RunTime:0.006000s ]
INFO: [ view_parse ] --END-- [ RunTime:0.006000s ]
INFO: [ view_filter ] --START--
INFO: Run Behavior\WriteHtmlCacheBehavior [ RunTime:0.000000s ]
INFO: [ view_filter ] --END-- [ RunTime:0.001000s ]
INFO: [ app_end ] --START--
INFO: Run Behavior\ShowPageTraceBehavior [ RunTime:0.000000s ]
INFO: [ app_end ] --END-- [ RunTime:0.000000s ]

[ 2016-12-22T09:30:38+08:00 ] 127.0.0.1 /Admin/Login/verify.html
INFO: [ app_init ] --START--
INFO: Run Behavior\BuildLiteBehavior [ RunTime:0.000000s ]
INFO: [ app_init ] --END-- [ RunTime:0.000000s ]
INFO: [ app_begin ] --START--
INFO: Run Behavior\ReadHtmlCacheBehavior [ RunTime:0.000000s ]
INFO: [ app_begin ] --END-- [ RunTime:0.000000s ]
INFO: [ app_end ] --START--
INFO: Run Behavior\ShowPageTraceBehavior [ RunTime:0.000000s ]
INFO: [ app_end ] --END-- [ RunTime:0.000000s ]

[ 2016-12-22T09:31:15+08:00 ] 127.0.0.1 /
INFO: [ app_init ] --START--
INFO: Run Behavior\BuildLiteBehavior [ RunTime:0.000000s ]
INFO: [ app_init ] --END-- [ RunTime:0.000000s ]
INFO: [ app_begin ] --START--
INFO: Run Behavior\ReadHtmlCacheBehavior [ RunTime:0.000000s ]
INFO: [ app_begin ] --END-- [ RunTime:0.000000s ]
SQL: SHOW COLUMNS FROM `tp_shop_set` [ RunTime:0.004000s ]
SQL: SELECT * FROM `tp_shop_set` WHERE ( id=1 )  [ RunTime:0.000000s ]
NOTIC: [8] Undefined index: shopCart D:\phpStudy\WWW\cpshop\Application\Home\Controller\BaseController.class.php 第 23 行.
SQL: SHOW COLUMNS FROM `tp_shop_cart` [ RunTime:0.005000s ]
SQL: SELECT * FROM `tp_shop_cart` WHERE ( uid=1 and status=1 )  [ RunTime:0.000000s ]
SQL: SHOW COLUMNS FROM `tp_shop_cate` [ RunTime:0.004000s ]
SQL: SELECT * FROM `tp_shop_cate` WHERE ( pid=0 and status=1 )  [ RunTime:0.001000s ]
SQL: SELECT * FROM `tp_shop_cate` WHERE ( status=1 ) LIMIT 0,1   [ RunTime:0.000000s ]
SQL: SELECT * FROM `tp_shop_cate` WHERE ( pid=1 and status=1 ) LIMIT 0,6   [ RunTime:0.001000s ]
SQL: SHOW COLUMNS FROM `tp_shop_goods` [ RunTime:0.004000s ]
SQL: SELECT COUNT(*) AS tp_count FROM `tp_shop_goods` WHERE ( cid=2 and status=1 and xiajia=1 ) LIMIT 1   [ RunTime:0.001000s ]
SQL: SELECT COUNT(*) AS tp_count FROM `tp_shop_goods` WHERE ( cid=3 and status=1 and xiajia=1 ) LIMIT 1   [ RunTime:0.000000s ]
SQL: SELECT COUNT(*) AS tp_count FROM `tp_shop_goods` WHERE ( cid=5 and status=1 and xiajia=1 ) LIMIT 1   [ RunTime:0.000000s ]
INFO: [ view_parse ] --START--
SQL: SHOW COLUMNS FROM `tp_ads` [ RunTime:0.004000s ]
SQL: SHOW COLUMNS FROM `tp_ads_cate` [ RunTime:0.003000s ]
SQL: SELECT `id` FROM `tp_ads_cate` WHERE ( tag='ceshi' )  [ RunTime:0.000000s ]
SQL: SELECT * FROM `tp_ads` WHERE ( status=1 and cid=1 ) ORDER BY id desc LIMIT 0,1   [ RunTime:0.001000s ]
NOTIC: [8] Undefined offset: 1 D:\phpStudy\WWW\cpshop\Application\Common\Taglib\Mytag.class.php 第 64 行.
NOTIC: [8] Undefined offset: 1 D:\phpStudy\WWW\cpshop\Application\Common\Taglib\Mytag.class.php 第 64 行.
NOTIC: [8] Undefined offset: 1 D:\phpStudy\WWW\cpshop\Application\Common\Taglib\Mytag.class.php 第 64 行.
INFO: [ template_filter ] --START--
INFO: Run Behavior\ContentReplaceBehavior [ RunTime:0.000000s ]
INFO: [ template_filter ] --END-- [ RunTime:0.000000s ]
NOTIC: [8] Use of undefined constant id - assumed 'id' D:\phpStudy\WWW\cpshop\Application\Runtime\Cache\Home\d2e71fb15b354760a5129829a5b6e03f.php 第 65 行.
NOTIC: [8] Array to string conversion D:\phpStudy\WWW\cpshop\Application\Runtime\Cache\Home\d2e71fb15b354760a5129829a5b6e03f.php 第 65 行.
NOTIC: [8] Use of undefined constant id - assumed 'id' D:\phpStudy\WWW\cpshop\Application\Runtime\Cache\Home\d2e71fb15b354760a5129829a5b6e03f.php 第 110 行.
NOTIC: [8] Array to string conversion D:\phpStudy\WWW\cpshop\Application\Runtime\Cache\Home\d2e71fb15b354760a5129829a5b6e03f.php 第 110 行.
NOTIC: [8] Use of undefined constant id - assumed 'id' D:\phpStudy\WWW\cpshop\Application\Runtime\Cache\Home\d2e71fb15b354760a5129829a5b6e03f.php 第 115 行.
NOTIC: [8] Array to string conversion D:\phpStudy\WWW\cpshop\Application\Runtime\Cache\Home\d2e71fb15b354760a5129829a5b6e03f.php 第 115 行.
NOTIC: [8] Use of undefined constant id - assumed 'id' D:\phpStudy\WWW\cpshop\Application\Runtime\Cache\Home\d2e71fb15b354760a5129829a5b6e03f.php 第 121 行.
NOTIC: [8] Array to string conversion D:\phpStudy\WWW\cpshop\Application\Runtime\Cache\Home\d2e71fb15b354760a5129829a5b6e03f.php 第 121 行.
NOTIC: [8] Use of undefined constant id - assumed 'id' D:\phpStudy\WWW\cpshop\Application\Runtime\Cache\Home\d2e71fb15b354760a5129829a5b6e03f.php 第 115 行.
NOTIC: [8] Array to string conversion D:\phpStudy\WWW\cpshop\Application\Runtime\Cache\Home\d2e71fb15b354760a5129829a5b6e03f.php 第 115 行.
NOTIC: [8] Use of undefined constant id - assumed 'id' D:\phpStudy\WWW\cpshop\Application\Runtime\Cache\Home\d2e71fb15b354760a5129829a5b6e03f.php 第 121 行.
NOTIC: [8] Array to string conversion D:\phpStudy\WWW\cpshop\Application\Runtime\Cache\Home\d2e71fb15b354760a5129829a5b6e03f.php 第 121 行.
NOTIC: [8] Use of undefined constant id - assumed 'id' D:\phpStudy\WWW\cpshop\Application\Runtime\Cache\Home\d2e71fb15b354760a5129829a5b6e03f.php 第 115 行.
NOTIC: [8] Array to string conversion D:\phpStudy\WWW\cpshop\Application\Runtime\Cache\Home\d2e71fb15b354760a5129829a5b6e03f.php 第 115 行.
NOTIC: [8] Use of undefined constant id - assumed 'id' D:\phpStudy\WWW\cpshop\Application\Runtime\Cache\Home\d2e71fb15b354760a5129829a5b6e03f.php 第 121 行.
NOTIC: [8] Array to string conversion D:\phpStudy\WWW\cpshop\Application\Runtime\Cache\Home\d2e71fb15b354760a5129829a5b6e03f.php 第 121 行.
INFO: Run Behavior\ParseTemplateBehavior [ RunTime:0.024002s ]
INFO: [ view_parse ] --END-- [ RunTime:0.024002s ]
INFO: [ view_filter ] --START--
INFO: Run Behavior\WriteHtmlCacheBehavior [ RunTime:0.000000s ]
INFO: [ view_filter ] --END-- [ RunTime:0.000000s ]
INFO: [ app_end ] --START--
INFO: Run Behavior\ShowPageTraceBehavior [ RunTime:0.001000s ]
INFO: [ app_end ] --END-- [ RunTime:0.001000s ]

[ 2016-12-22T09:31:16+08:00 ] 127.0.0.1 /Home/User/index
INFO: [ app_init ] --START--
INFO: Run Behavior\BuildLiteBehavior [ RunTime:0.000000s ]
INFO: [ app_init ] --END-- [ RunTime:0.000000s ]
INFO: [ app_begin ] --START--
INFO: Run Behavior\ReadHtmlCacheBehavior [ RunTime:0.000000s ]
INFO: [ app_begin ] --END-- [ RunTime:0.000000s ]
ERR: 无法加载控制器:User

[ 2016-12-22T09:32:23+08:00 ] 127.0.0.1 /
INFO: [ app_init ] --START--
INFO: Run Behavior\BuildLiteBehavior [ RunTime:0.000000s ]
INFO: [ app_init ] --END-- [ RunTime:0.001000s ]
INFO: [ app_begin ] --START--
INFO: Run Behavior\ReadHtmlCacheBehavior [ RunTime:0.000000s ]
INFO: [ app_begin ] --END-- [ RunTime:0.000000s ]
SQL: SHOW COLUMNS FROM `tp_shop_set` [ RunTime:0.004000s ]
SQL: SELECT * FROM `tp_shop_set` WHERE ( id=1 )  [ RunTime:0.000000s ]
NOTIC: [8] Undefined index: shopCart D:\phpStudy\WWW\cpshop\Application\Home\Controller\BaseController.class.php 第 23 行.
SQL: SHOW COLUMNS FROM `tp_shop_cart` [ RunTime:0.004001s ]
SQL: SELECT * FROM `tp_shop_cart` WHERE ( uid=1 and status=1 )  [ RunTime:0.000000s ]
SQL: SHOW COLUMNS FROM `tp_shop_cate` [ RunTime:0.004000s ]
SQL: SELECT * FROM `tp_shop_cate` WHERE ( pid=0 and status=1 )  [ RunTime:0.000000s ]
SQL: SELECT * FROM `tp_shop_cate` WHERE ( status=1 ) LIMIT 0,1   [ RunTime:0.000000s ]
SQL: SELECT * FROM `tp_shop_cate` WHERE ( pid=1 and status=1 ) LIMIT 0,6   [ RunTime:0.000000s ]
SQL: SHOW COLUMNS FROM `tp_shop_goods` [ RunTime:0.003000s ]
SQL: SELECT COUNT(*) AS tp_count FROM `tp_shop_goods` WHERE ( cid=2 and status=1 and xiajia=1 ) LIMIT 1   [ RunTime:0.000000s ]
SQL: SELECT COUNT(*) AS tp_count FROM `tp_shop_goods` WHERE ( cid=3 and status=1 and xiajia=1 ) LIMIT 1   [ RunTime:0.000000s ]
SQL: SELECT COUNT(*) AS tp_count FROM `tp_shop_goods` WHERE ( cid=5 and status=1 and xiajia=1 ) LIMIT 1   [ RunTime:0.001000s ]
INFO: [ view_parse ] --START--
SQL: SHOW COLUMNS FROM `tp_ads` [ RunTime:0.004000s ]
SQL: SHOW COLUMNS FROM `tp_ads_cate` [ RunTime:0.003000s ]
SQL: SELECT `id` FROM `tp_ads_cate` WHERE ( tag='ceshi' )  [ RunTime:0.000000s ]
SQL: SELECT * FROM `tp_ads` WHERE ( status=1 and cid=1 ) ORDER BY id desc LIMIT 0,1   [ RunTime:0.001000s ]
NOTIC: [8] Undefined offset: 1 D:\phpStudy\WWW\cpshop\Application\Common\Taglib\Mytag.class.php 第 64 行.
NOTIC: [8] Undefined offset: 1 D:\phpStudy\WWW\cpshop\Application\Common\Taglib\Mytag.class.php 第 64 行.
NOTIC: [8] Undefined offset: 1 D:\phpStudy\WWW\cpshop\Application\Common\Taglib\Mytag.class.php 第 64 行.
INFO: [ template_filter ] --START--
INFO: Run Behavior\ContentReplaceBehavior [ RunTime:0.000000s ]
INFO: [ template_filter ] --END-- [ RunTime:0.000000s ]
NOTIC: [8] Use of undefined constant id - assumed 'id' D:\phpStudy\WWW\cpshop\Application\Runtime\Cache\Home\d2e71fb15b354760a5129829a5b6e03f.php 第 65 行.
NOTIC: [8] Array to string conversion D:\phpStudy\WWW\cpshop\Application\Runtime\Cache\Home\d2e71fb15b354760a5129829a5b6e03f.php 第 65 行.
NOTIC: [8] Use of undefined constant id - assumed 'id' D:\phpStudy\WWW\cpshop\Application\Runtime\Cache\Home\d2e71fb15b354760a5129829a5b6e03f.php 第 110 行.
NOTIC: [8] Array to string conversion D:\phpStudy\WWW\cpshop\Application\Runtime\Cache\Home\d2e71fb15b354760a5129829a5b6e03f.php 第 110 行.
NOTIC: [8] Use of undefined constant id - assumed 'id' D:\phpStudy\WWW\cpshop\Application\Runtime\Cache\Home\d2e71fb15b354760a5129829a5b6e03f.php 第 115 行.
NOTIC: [8] Array to string conversion D:\phpStudy\WWW\cpshop\Application\Runtime\Cache\Home\d2e71fb15b354760a5129829a5b6e03f.php 第 115 行.
NOTIC: [8] Use of undefined constant id - assumed 'id' D:\phpStudy\WWW\cpshop\Application\Runtime\Cache\Home\d2e71fb15b354760a5129829a5b6e03f.php 第 121 行.
NOTIC: [8] Array to string conversion D:\phpStudy\WWW\cpshop\Application\Runtime\Cache\Home\d2e71fb15b354760a5129829a5b6e03f.php 第 121 行.
NOTIC: [8] Use of undefined constant id - assumed 'id' D:\phpStudy\WWW\cpshop\Application\Runtime\Cache\Home\d2e71fb15b354760a5129829a5b6e03f.php 第 115 行.
NOTIC: [8] Array to string conversion D:\phpStudy\WWW\cpshop\Application\Runtime\Cache\Home\d2e71fb15b354760a5129829a5b6e03f.php 第 115 行.
NOTIC: [8] Use of undefined constant id - assumed 'id' D:\phpStudy\WWW\cpshop\Application\Runtime\Cache\Home\d2e71fb15b354760a5129829a5b6e03f.php 第 121 行.
NOTIC: [8] Array to string conversion D:\phpStudy\WWW\cpshop\Application\Runtime\Cache\Home\d2e71fb15b354760a5129829a5b6e03f.php 第 121 行.
NOTIC: [8] Use of undefined constant id - assumed 'id' D:\phpStudy\WWW\cpshop\Application\Runtime\Cache\Home\d2e71fb15b354760a5129829a5b6e03f.php 第 115 行.
NOTIC: [8] Array to string conversion D:\phpStudy\WWW\cpshop\Application\Runtime\Cache\Home\d2e71fb15b354760a5129829a5b6e03f.php 第 115 行.
NOTIC: [8] Use of undefined constant id - assumed 'id' D:\phpStudy\WWW\cpshop\Application\Runtime\Cache\Home\d2e71fb15b354760a5129829a5b6e03f.php 第 121 行.
NOTIC: [8] Array to string conversion D:\phpStudy\WWW\cpshop\Application\Runtime\Cache\Home\d2e71fb15b354760a5129829a5b6e03f.php 第 121 行.
INFO: Run Behavior\ParseTemplateBehavior [ RunTime:0.022001s ]
INFO: [ view_parse ] --END-- [ RunTime:0.022001s ]
INFO: [ view_filter ] --START--
INFO: Run Behavior\WriteHtmlCacheBehavior [ RunTime:0.001001s ]
INFO: [ view_filter ] --END-- [ RunTime:0.001001s ]
INFO: [ app_end ] --START--
INFO: Run Behavior\ShowPageTraceBehavior [ RunTime:0.001000s ]
INFO: [ app_end ] --END-- [ RunTime:0.001000s ]

[ 2016-12-22T09:32:25+08:00 ] 127.0.0.1 /Home/User/index
INFO: [ app_init ] --START--
INFO: Run Behavior\BuildLiteBehavior [ RunTime:0.000000s ]
INFO: [ app_init ] --END-- [ RunTime:0.001000s ]
INFO: [ app_begin ] --START--
INFO: Run Behavior\ReadHtmlCacheBehavior [ RunTime:0.000000s ]
INFO: [ app_begin ] --END-- [ RunTime:0.001001s ]
SQL: SHOW COLUMNS FROM `tp_shop_set` [ RunTime:0.006000s ]
SQL: SELECT * FROM `tp_shop_set` WHERE ( id=1 )  [ RunTime:0.000000s ]
NOTIC: [8] Undefined index: shopCart D:\phpStudy\WWW\cpshop\Application\Home\Controller\BaseController.class.php 第 23 行.
SQL: SHOW COLUMNS FROM `tp_shop_cart` [ RunTime:0.005001s ]
SQL: SELECT * FROM `tp_shop_cart` WHERE ( uid=1 and status=1 )  [ RunTime:0.000000s ]
SQL: SHOW COLUMNS FROM `tp_shop_cate` [ RunTime:0.005000s ]
SQL: SELECT * FROM `tp_shop_cate` WHERE ( pid=0 and status=1 )  [ RunTime:0.001000s ]
INFO: [ view_parse ] --START--
INFO: [ template_filter ] --START--
INFO: Run Behavior\ContentReplaceBehavior [ RunTime:0.000000s ]
INFO: [ template_filter ] --END-- [ RunTime:0.001000s ]
NOTIC: [8] Use of undefined constant id - assumed 'id' D:\phpStudy\WWW\cpshop\Application\Runtime\Cache\Home\d838438e2a86df1d822e5a4b1dca1959.php 第 67 行.
NOTIC: [8] Array to string conversion D:\phpStudy\WWW\cpshop\Application\Runtime\Cache\Home\d838438e2a86df1d822e5a4b1dca1959.php 第 67 行.
INFO: Run Behavior\ParseTemplateBehavior [ RunTime:0.017001s ]
INFO: [ view_parse ] --END-- [ RunTime:0.017001s ]
INFO: [ view_filter ] --START--
INFO: Run Behavior\WriteHtmlCacheBehavior [ RunTime:0.001000s ]
INFO: [ view_filter ] --END-- [ RunTime:0.001000s ]
INFO: [ app_end ] --START--
INFO: Run Behavior\ShowPageTraceBehavior [ RunTime:0.001000s ]
INFO: [ app_end ] --END-- [ RunTime:0.001000s ]

[ 2016-12-22T09:32:28+08:00 ] 127.0.0.1 /Home/User/index
INFO: [ app_init ] --START--
INFO: Run Behavior\BuildLiteBehavior [ RunTime:0.000000s ]
INFO: [ app_init ] --END-- [ RunTime:0.000000s ]
INFO: [ app_begin ] --START--
INFO: Run Behavior\ReadHtmlCacheBehavior [ RunTime:0.000000s ]
INFO: [ app_begin ] --END-- [ RunTime:0.000000s ]
SQL: SHOW COLUMNS FROM `tp_shop_set` [ RunTime:0.006001s ]
SQL: SELECT * FROM `tp_shop_set` WHERE ( id=1 )  [ RunTime:0.001000s ]
NOTIC: [8] Undefined index: shopCart D:\phpStudy\WWW\cpshop\Application\Home\Controller\BaseController.class.php 第 23 行.
SQL: SHOW COLUMNS FROM `tp_shop_cart` [ RunTime:0.005000s ]
SQL: SELECT * FROM `tp_shop_cart` WHERE ( uid=1 and status=1 )  [ RunTime:0.000000s ]
SQL: SHOW COLUMNS FROM `tp_shop_cate` [ RunTime:0.004000s ]
SQL: SELECT * FROM `tp_shop_cate` WHERE ( pid=0 and status=1 )  [ RunTime:0.000000s ]
INFO: [ view_parse ] --START--
INFO: [ template_filter ] --START--
INFO: Run Behavior\ContentReplaceBehavior [ RunTime:0.001000s ]
INFO: [ template_filter ] --END-- [ RunTime:0.001000s ]
NOTIC: [8] Use of undefined constant id - assumed 'id' D:\phpStudy\WWW\cpshop\Application\Runtime\Cache\Home\d838438e2a86df1d822e5a4b1dca1959.php 第 67 行.
NOTIC: [8] Array to string conversion D:\phpStudy\WWW\cpshop\Application\Runtime\Cache\Home\d838438e2a86df1d822e5a4b1dca1959.php 第 67 行.
INFO: Run Behavior\ParseTemplateBehavior [ RunTime:0.016001s ]
INFO: [ view_parse ] --END-- [ RunTime:0.016001s ]
INFO: [ view_filter ] --START--
INFO: Run Behavior\WriteHtmlCacheBehavior [ RunTime:0.000000s ]
INFO: [ view_filter ] --END-- [ RunTime:0.000000s ]
INFO: [ app_end ] --START--
INFO: Run Behavior\ShowPageTraceBehavior [ RunTime:0.001000s ]
INFO: [ app_end ] --END-- [ RunTime:0.001000s ]

[ 2016-12-22T09:33:09+08:00 ] 127.0.0.1 /Home/User/index
INFO: [ app_init ] --START--
INFO: Run Behavior\BuildLiteBehavior [ RunTime:0.000000s ]
INFO: [ app_init ] --END-- [ RunTime:0.000000s ]
INFO: [ app_begin ] --START--
INFO: Run Behavior\ReadHtmlCacheBehavior [ RunTime:0.001000s ]
INFO: [ app_begin ] --END-- [ RunTime:0.001000s ]
SQL: SHOW COLUMNS FROM `tp_shop_set` [ RunTime:0.003000s ]
SQL: SELECT * FROM `tp_shop_set` WHERE ( id=1 )  [ RunTime:0.001000s ]
NOTIC: [8] Undefined index: shopCart D:\phpStudy\WWW\cpshop\Application\Home\Controller\BaseController.class.php 第 23 行.
SQL: SHOW COLUMNS FROM `tp_shop_cart` [ RunTime:0.002000s ]
SQL: SELECT * FROM `tp_shop_cart` WHERE ( uid=1 and status=1 )  [ RunTime:0.001000s ]
SQL: SHOW COLUMNS FROM `tp_shop_cate` [ RunTime:0.002001s ]
SQL: SELECT * FROM `tp_shop_cate` WHERE ( pid=0 and status=1 )  [ RunTime:0.001000s ]
INFO: [ app_end ] --START--
INFO: Run Behavior\ShowPageTraceBehavior [ RunTime:0.000000s ]
INFO: [ app_end ] --END-- [ RunTime:0.000000s ]

[ 2016-12-22T09:33:11+08:00 ] 127.0.0.1 /
INFO: [ app_init ] --START--
INFO: Run Behavior\BuildLiteBehavior [ RunTime:0.000000s ]
INFO: [ app_init ] --END-- [ RunTime:0.001001s ]
INFO: [ app_begin ] --START--
INFO: Run Behavior\ReadHtmlCacheBehavior [ RunTime:0.001000s ]
INFO: [ app_begin ] --END-- [ RunTime:0.001000s ]
SQL: SHOW COLUMNS FROM `tp_shop_set` [ RunTime:0.005000s ]
SQL: SELECT * FROM `tp_shop_set` WHERE ( id=1 )  [ RunTime:0.001000s ]
NOTIC: [8] Undefined index: shopCart D:\phpStudy\WWW\cpshop\Application\Home\Controller\BaseController.class.php 第 23 行.
SQL: SHOW COLUMNS FROM `tp_shop_cart` [ RunTime:0.006000s ]
SQL: SELECT * FROM `tp_shop_cart` WHERE ( uid=1 and status=1 )  [ RunTime:0.001000s ]
SQL: SHOW COLUMNS FROM `tp_shop_cate` [ RunTime:0.005001s ]
SQL: SELECT * FROM `tp_shop_cate` WHERE ( pid=0 and status=1 )  [ RunTime:0.000000s ]
SQL: SELECT * FROM `tp_shop_cate` WHERE ( status=1 ) LIMIT 0,1   [ RunTime:0.001000s ]
SQL: SELECT * FROM `tp_shop_cate` WHERE ( pid=1 and status=1 ) LIMIT 0,6   [ RunTime:0.000000s ]
SQL: SHOW COLUMNS FROM `tp_shop_goods` [ RunTime:0.006000s ]
SQL: SELECT COUNT(*) AS tp_count FROM `tp_shop_goods` WHERE ( cid=2 and status=1 and xiajia=1 ) LIMIT 1   [ RunTime:0.000000s ]
SQL: SELECT COUNT(*) AS tp_count FROM `tp_shop_goods` WHERE ( cid=3 and status=1 and xiajia=1 ) LIMIT 1   [ RunTime:0.000000s ]
SQL: SELECT COUNT(*) AS tp_count FROM `tp_shop_goods` WHERE ( cid=5 and status=1 and xiajia=1 ) LIMIT 1   [ RunTime:0.001000s ]
INFO: [ view_parse ] --START--
SQL: SHOW COLUMNS FROM `tp_ads` [ RunTime:0.005001s ]
SQL: SHOW COLUMNS FROM `tp_ads_cate` [ RunTime:0.004000s ]
SQL: SELECT `id` FROM `tp_ads_cate` WHERE ( tag='ceshi' )  [ RunTime:0.000000s ]
SQL: SELECT * FROM `tp_ads` WHERE ( status=1 and cid=1 ) ORDER BY id desc LIMIT 0,1   [ RunTime:0.000000s ]
NOTIC: [8] Undefined offset: 1 D:\phpStudy\WWW\cpshop\Application\Common\Taglib\Mytag.class.php 第 64 行.
NOTIC: [8] Undefined offset: 1 D:\phpStudy\WWW\cpshop\Application\Common\Taglib\Mytag.class.php 第 64 行.
NOTIC: [8] Undefined offset: 1 D:\phpStudy\WWW\cpshop\Application\Common\Taglib\Mytag.class.php 第 64 行.
INFO: [ template_filter ] --START--
INFO: Run Behavior\ContentReplaceBehavior [ RunTime:0.000000s ]
INFO: [ template_filter ] --END-- [ RunTime:0.000000s ]
NOTIC: [8] Use of undefined constant id - assumed 'id' D:\phpStudy\WWW\cpshop\Application\Runtime\Cache\Home\d2e71fb15b354760a5129829a5b6e03f.php 第 65 行.
NOTIC: [8] Array to string conversion D:\phpStudy\WWW\cpshop\Application\Runtime\Cache\Home\d2e71fb15b354760a5129829a5b6e03f.php 第 65 行.
NOTIC: [8] Use of undefined constant id - assumed 'id' D:\phpStudy\WWW\cpshop\Application\Runtime\Cache\Home\d2e71fb15b354760a5129829a5b6e03f.php 第 110 行.
NOTIC: [8] Array to string conversion D:\phpStudy\WWW\cpshop\Application\Runtime\Cache\Home\d2e71fb15b354760a5129829a5b6e03f.php 第 110 行.
NOTIC: [8] Use of undefined constant id - assumed 'id' D:\phpStudy\WWW\cpshop\Application\Runtime\Cache\Home\d2e71fb15b354760a5129829a5b6e03f.php 第 115 行.
NOTIC: [8] Array to string conversion D:\phpStudy\WWW\cpshop\Application\Runtime\Cache\Home\d2e71fb15b354760a5129829a5b6e03f.php 第 115 行.
NOTIC: [8] Use of undefined constant id - assumed 'id' D:\phpStudy\WWW\cpshop\Application\Runtime\Cache\Home\d2e71fb15b354760a5129829a5b6e03f.php 第 121 行.
NOTIC: [8] Array to string conversion D:\phpStudy\WWW\cpshop\Application\Runtime\Cache\Home\d2e71fb15b354760a5129829a5b6e03f.php 第 121 行.
NOTIC: [8] Use of undefined constant id - assumed 'id' D:\phpStudy\WWW\cpshop\Application\Runtime\Cache\Home\d2e71fb15b354760a5129829a5b6e03f.php 第 115 行.
NOTIC: [8] Array to string conversion D:\phpStudy\WWW\cpshop\Application\Runtime\Cache\Home\d2e71fb15b354760a5129829a5b6e03f.php 第 115 行.
NOTIC: [8] Use of undefined constant id - assumed 'id' D:\phpStudy\WWW\cpshop\Application\Runtime\Cache\Home\d2e71fb15b354760a5129829a5b6e03f.php 第 121 行.
NOTIC: [8] Array to string conversion D:\phpStudy\WWW\cpshop\Application\Runtime\Cache\Home\d2e71fb15b354760a5129829a5b6e03f.php 第 121 行.
NOTIC: [8] Use of undefined constant id - assumed 'id' D:\phpStudy\WWW\cpshop\Application\Runtime\Cache\Home\d2e71fb15b354760a5129829a5b6e03f.php 第 115 行.
NOTIC: [8] Array to string conversion D:\phpStudy\WWW\cpshop\Application\Runtime\Cache\Home\d2e71fb15b354760a5129829a5b6e03f.php 第 115 行.
NOTIC: [8] Use of undefined constant id - assumed 'id' D:\phpStudy\WWW\cpshop\Application\Runtime\Cache\Home\d2e71fb15b354760a5129829a5b6e03f.php 第 121 行.
NOTIC: [8] Array to string conversion D:\phpStudy\WWW\cpshop\Application\Runtime\Cache\Home\d2e71fb15b354760a5129829a5b6e03f.php 第 121 行.
INFO: Run Behavior\ParseTemplateBehavior [ RunTime:0.030002s ]
INFO: [ view_parse ] --END-- [ RunTime:0.030002s ]
INFO: [ view_filter ] --START--
INFO: Run Behavior\WriteHtmlCacheBehavior [ RunTime:0.001000s ]
INFO: [ view_filter ] --END-- [ RunTime:0.001000s ]
INFO: [ app_end ] --START--
INFO: Run Behavior\ShowPageTraceBehavior [ RunTime:0.001000s ]
INFO: [ app_end ] --END-- [ RunTime:0.001000s ]

[ 2016-12-22T09:33:13+08:00 ] 127.0.0.1 /User/index
INFO: [ app_init ] --START--
INFO: Run Behavior\BuildLiteBehavior [ RunTime:0.000000s ]
INFO: [ app_init ] --END-- [ RunTime:0.001000s ]
INFO: [ app_begin ] --START--
INFO: Run Behavior\ReadHtmlCacheBehavior [ RunTime:0.000000s ]
INFO: [ app_begin ] --END-- [ RunTime:0.001000s ]
INFO: [ view_parse ] --START--
INFO: [ template_filter ] --START--
INFO: Run Behavior\ContentReplaceBehavior [ RunTime:0.000000s ]
INFO: [ template_filter ] --END-- [ RunTime:0.000000s ]
INFO: Run Behavior\ParseTemplateBehavior [ RunTime:0.005001s ]
INFO: [ view_parse ] --END-- [ RunTime:0.005001s ]
INFO: [ view_filter ] --START--
INFO: Run Behavior\WriteHtmlCacheBehavior [ RunTime:0.000000s ]
INFO: [ view_filter ] --END-- [ RunTime:0.000000s ]

[ 2016-12-22T09:33:17+08:00 ] 127.0.0.1 /
INFO: [ app_init ] --START--
INFO: Run Behavior\BuildLiteBehavior [ RunTime:0.000000s ]
INFO: [ app_init ] --END-- [ RunTime:0.000000s ]
INFO: [ app_begin ] --START--
INFO: Run Behavior\ReadHtmlCacheBehavior [ RunTime:0.001000s ]
INFO: [ app_begin ] --END-- [ RunTime:0.001000s ]
SQL: SHOW COLUMNS FROM `tp_shop_set` [ RunTime:0.003001s ]
SQL: SELECT * FROM `tp_shop_set` WHERE ( id=1 )  [ RunTime:0.001000s ]
NOTIC: [8] Undefined index: shopCart D:\phpStudy\WWW\cpshop\Application\Home\Controller\BaseController.class.php 第 23 行.
SQL: SHOW COLUMNS FROM `tp_shop_cart` [ RunTime:0.003000s ]
SQL: SELECT * FROM `tp_shop_cart` WHERE ( uid=1 and status=1 )  [ RunTime:0.001000s ]
SQL: SHOW COLUMNS FROM `tp_shop_cate` [ RunTime:0.003000s ]
SQL: SELECT * FROM `tp_shop_cate` WHERE ( pid=0 and status=1 )  [ RunTime:0.000000s ]
SQL: SELECT * FROM `tp_shop_cate` WHERE ( status=1 ) LIMIT 0,1   [ RunTime:0.000000s ]
SQL: SELECT * FROM `tp_shop_cate` WHERE ( pid=1 and status=1 ) LIMIT 0,6   [ RunTime:0.000000s ]
SQL: SHOW COLUMNS FROM `tp_shop_goods` [ RunTime:0.003000s ]
SQL: SELECT COUNT(*) AS tp_count FROM `tp_shop_goods` WHERE ( cid=2 and status=1 and xiajia=1 ) LIMIT 1   [ RunTime:0.001000s ]
SQL: SELECT COUNT(*) AS tp_count FROM `tp_shop_goods` WHERE ( cid=3 and status=1 and xiajia=1 ) LIMIT 1   [ RunTime:0.000000s ]
SQL: SELECT COUNT(*) AS tp_count FROM `tp_shop_goods` WHERE ( cid=5 and status=1 and xiajia=1 ) LIMIT 1   [ RunTime:0.001000s ]
INFO: [ view_parse ] --START--
SQL: SHOW COLUMNS FROM `tp_ads` [ RunTime:0.003000s ]
SQL: SHOW COLUMNS FROM `tp_ads_cate` [ RunTime:0.003000s ]
SQL: SELECT `id` FROM `tp_ads_cate` WHERE ( tag='ceshi' )  [ RunTime:0.000000s ]
SQL: SELECT * FROM `tp_ads` WHERE ( status=1 and cid=1 ) ORDER BY id desc LIMIT 0,1   [ RunTime:0.001000s ]
NOTIC: [8] Undefined offset: 1 D:\phpStudy\WWW\cpshop\Application\Common\Taglib\Mytag.class.php 第 64 行.
NOTIC: [8] Undefined offset: 1 D:\phpStudy\WWW\cpshop\Application\Common\Taglib\Mytag.class.php 第 64 行.
NOTIC: [8] Undefined offset: 1 D:\phpStudy\WWW\cpshop\Application\Common\Taglib\Mytag.class.php 第 64 行.
INFO: [ template_filter ] --START--
INFO: Run Behavior\ContentReplaceBehavior [ RunTime:0.000000s ]
INFO: [ template_filter ] --END-- [ RunTime:0.000000s ]
NOTIC: [8] Use of undefined constant id - assumed 'id' D:\phpStudy\WWW\cpshop\Application\Runtime\Cache\Home\d2e71fb15b354760a5129829a5b6e03f.php 第 65 行.
NOTIC: [8] Array to string conversion D:\phpStudy\WWW\cpshop\Application\Runtime\Cache\Home\d2e71fb15b354760a5129829a5b6e03f.php 第 65 行.
NOTIC: [8] Use of undefined constant id - assumed 'id' D:\phpStudy\WWW\cpshop\Application\Runtime\Cache\Home\d2e71fb15b354760a5129829a5b6e03f.php 第 110 行.
NOTIC: [8] Array to string conversion D:\phpStudy\WWW\cpshop\Application\Runtime\Cache\Home\d2e71fb15b354760a5129829a5b6e03f.php 第 110 行.
NOTIC: [8] Use of undefined constant id - assumed 'id' D:\phpStudy\WWW\cpshop\Application\Runtime\Cache\Home\d2e71fb15b354760a5129829a5b6e03f.php 第 115 行.
NOTIC: [8] Array to string conversion D:\phpStudy\WWW\cpshop\Application\Runtime\Cache\Home\d2e71fb15b354760a5129829a5b6e03f.php 第 115 行.
NOTIC: [8] Use of undefined constant id - assumed 'id' D:\phpStudy\WWW\cpshop\Application\Runtime\Cache\Home\d2e71fb15b354760a5129829a5b6e03f.php 第 121 行.
NOTIC: [8] Array to string conversion D:\phpStudy\WWW\cpshop\Application\Runtime\Cache\Home\d2e71fb15b354760a5129829a5b6e03f.php 第 121 行.
NOTIC: [8] Use of undefined constant id - assumed 'id' D:\phpStudy\WWW\cpshop\Application\Runtime\Cache\Home\d2e71fb15b354760a5129829a5b6e03f.php 第 115 行.
NOTIC: [8] Array to string conversion D:\phpStudy\WWW\cpshop\Application\Runtime\Cache\Home\d2e71fb15b354760a5129829a5b6e03f.php 第 115 行.
NOTIC: [8] Use of undefined constant id - assumed 'id' D:\phpStudy\WWW\cpshop\Application\Runtime\Cache\Home\d2e71fb15b354760a5129829a5b6e03f.php 第 121 行.
NOTIC: [8] Array to string conversion D:\phpStudy\WWW\cpshop\Application\Runtime\Cache\Home\d2e71fb15b354760a5129829a5b6e03f.php 第 121 行.
NOTIC: [8] Use of undefined constant id - assumed 'id' D:\phpStudy\WWW\cpshop\Application\Runtime\Cache\Home\d2e71fb15b354760a5129829a5b6e03f.php 第 115 行.
NOTIC: [8] Array to string conversion D:\phpStudy\WWW\cpshop\Application\Runtime\Cache\Home\d2e71fb15b354760a5129829a5b6e03f.php 第 115 行.
NOTIC: [8] Use of undefined constant id - assumed 'id' D:\phpStudy\WWW\cpshop\Application\Runtime\Cache\Home\d2e71fb15b354760a5129829a5b6e03f.php 第 121 行.
NOTIC: [8] Array to string conversion D:\phpStudy\WWW\cpshop\Application\Runtime\Cache\Home\d2e71fb15b354760a5129829a5b6e03f.php 第 121 行.
INFO: Run Behavior\ParseTemplateBehavior [ RunTime:0.019001s ]
INFO: [ view_parse ] --END-- [ RunTime:0.019001s ]
INFO: [ view_filter ] --START--
INFO: Run Behavior\WriteHtmlCacheBehavior [ RunTime:0.000000s ]
INFO: [ view_filter ] --END-- [ RunTime:0.000000s ]
INFO: [ app_end ] --START--
INFO: Run Behavior\ShowPageTraceBehavior [ RunTime:0.000000s ]
INFO: [ app_end ] --END-- [ RunTime:0.000000s ]

[ 2016-12-22T09:33:37+08:00 ] 127.0.0.1 /User/index
INFO: [ app_init ] --START--
INFO: Run Behavior\BuildLiteBehavior [ RunTime:0.000000s ]
INFO: [ app_init ] --END-- [ RunTime:0.001000s ]
INFO: [ app_begin ] --START--
INFO: Run Behavior\ReadHtmlCacheBehavior [ RunTime:0.000000s ]
INFO: [ app_begin ] --END-- [ RunTime:0.000000s ]
INFO: [ view_parse ] --START--
INFO: [ template_filter ] --START--
INFO: Run Behavior\ContentReplaceBehavior [ RunTime:0.000000s ]
INFO: [ template_filter ] --END-- [ RunTime:0.000000s ]
INFO: Run Behavior\ParseTemplateBehavior [ RunTime:0.006001s ]
INFO: [ view_parse ] --END-- [ RunTime:0.006001s ]
INFO: [ view_filter ] --START--
INFO: Run Behavior\WriteHtmlCacheBehavior [ RunTime:0.000000s ]
INFO: [ view_filter ] --END-- [ RunTime:0.000000s ]

[ 2016-12-22T09:33:50+08:00 ] 127.0.0.1 /
INFO: [ app_init ] --START--
INFO: Run Behavior\BuildLiteBehavior [ RunTime:0.000000s ]
INFO: [ app_init ] --END-- [ RunTime:0.000000s ]
INFO: [ app_begin ] --START--
INFO: Run Behavior\ReadHtmlCacheBehavior [ RunTime:0.000000s ]
INFO: [ app_begin ] --END-- [ RunTime:0.000000s ]
SQL: SHOW COLUMNS FROM `tp_shop_set` [ RunTime:0.006001s ]
SQL: SELECT * FROM `tp_shop_set` WHERE ( id=1 )  [ RunTime:0.000000s ]
NOTIC: [8] Undefined index: shopCart D:\phpStudy\WWW\cpshop\Application\Home\Controller\BaseController.class.php 第 23 行.
SQL: SHOW COLUMNS FROM `tp_shop_cart` [ RunTime:0.005000s ]
SQL: SELECT * FROM `tp_shop_cart` WHERE ( uid=1 and status=1 )  [ RunTime:0.001000s ]
SQL: SHOW COLUMNS FROM `tp_shop_cate` [ RunTime:0.004000s ]
SQL: SELECT * FROM `tp_shop_cate` WHERE ( pid=0 and status=1 )  [ RunTime:0.000000s ]
SQL: SELECT * FROM `tp_shop_cate` WHERE ( status=1 ) LIMIT 0,1   [ RunTime:0.001000s ]
SQL: SELECT * FROM `tp_shop_cate` WHERE ( pid=1 and status=1 ) LIMIT 0,6   [ RunTime:0.000000s ]
SQL: SHOW COLUMNS FROM `tp_shop_goods` [ RunTime:0.005001s ]
SQL: SELECT COUNT(*) AS tp_count FROM `tp_shop_goods` WHERE ( cid=2 and status=1 and xiajia=1 ) LIMIT 1   [ RunTime:0.001000s ]
SQL: SELECT COUNT(*) AS tp_count FROM `tp_shop_goods` WHERE ( cid=3 and status=1 and xiajia=1 ) LIMIT 1   [ RunTime:0.000000s ]
SQL: SELECT COUNT(*) AS tp_count FROM `tp_shop_goods` WHERE ( cid=5 and status=1 and xiajia=1 ) LIMIT 1   [ RunTime:0.001000s ]
INFO: [ view_parse ] --START--
SQL: SHOW COLUMNS FROM `tp_ads` [ RunTime:0.004000s ]
SQL: SHOW COLUMNS FROM `tp_ads_cate` [ RunTime:0.004000s ]
SQL: SELECT `id` FROM `tp_ads_cate` WHERE ( tag='ceshi' )  [ RunTime:0.001000s ]
SQL: SELECT * FROM `tp_ads` WHERE ( status=1 and cid=1 ) ORDER BY id desc LIMIT 0,1   [ RunTime:0.000000s ]
NOTIC: [8] Undefined offset: 1 D:\phpStudy\WWW\cpshop\Application\Common\Taglib\Mytag.class.php 第 64 行.
NOTIC: [8] Undefined offset: 1 D:\phpStudy\WWW\cpshop\Application\Common\Taglib\Mytag.class.php 第 64 行.
NOTIC: [8] Undefined offset: 1 D:\phpStudy\WWW\cpshop\Application\Common\Taglib\Mytag.class.php 第 64 行.
INFO: [ template_filter ] --START--
INFO: Run Behavior\ContentReplaceBehavior [ RunTime:0.000000s ]
INFO: [ template_filter ] --END-- [ RunTime:0.000000s ]
NOTIC: [8] Use of undefined constant id - assumed 'id' D:\phpStudy\WWW\cpshop\Application\Runtime\Cache\Home\d2e71fb15b354760a5129829a5b6e03f.php 第 65 行.
NOTIC: [8] Array to string conversion D:\phpStudy\WWW\cpshop\Application\Runtime\Cache\Home\d2e71fb15b354760a5129829a5b6e03f.php 第 65 行.
NOTIC: [8] Use of undefined constant id - assumed 'id' D:\phpStudy\WWW\cpshop\Application\Runtime\Cache\Home\d2e71fb15b354760a5129829a5b6e03f.php 第 110 行.
NOTIC: [8] Array to string conversion D:\phpStudy\WWW\cpshop\Application\Runtime\Cache\Home\d2e71fb15b354760a5129829a5b6e03f.php 第 110 行.
NOTIC: [8] Use of undefined constant id - assumed 'id' D:\phpStudy\WWW\cpshop\Application\Runtime\Cache\Home\d2e71fb15b354760a5129829a5b6e03f.php 第 115 行.
NOTIC: [8] Array to string conversion D:\phpStudy\WWW\cpshop\Application\Runtime\Cache\Home\d2e71fb15b354760a5129829a5b6e03f.php 第 115 行.
NOTIC: [8] Use of undefined constant id - assumed 'id' D:\phpStudy\WWW\cpshop\Application\Runtime\Cache\Home\d2e71fb15b354760a5129829a5b6e03f.php 第 121 行.
NOTIC: [8] Array to string conversion D:\phpStudy\WWW\cpshop\Application\Runtime\Cache\Home\d2e71fb15b354760a5129829a5b6e03f.php 第 121 行.
NOTIC: [8] Use of undefined constant id - assumed 'id' D:\phpStudy\WWW\cpshop\Application\Runtime\Cache\Home\d2e71fb15b354760a5129829a5b6e03f.php 第 115 行.
NOTIC: [8] Array to string conversion D:\phpStudy\WWW\cpshop\Application\Runtime\Cache\Home\d2e71fb15b354760a5129829a5b6e03f.php 第 115 行.
NOTIC: [8] Use of undefined constant id - assumed 'id' D:\phpStudy\WWW\cpshop\Application\Runtime\Cache\Home\d2e71fb15b354760a5129829a5b6e03f.php 第 121 行.
NOTIC: [8] Array to string conversion D:\phpStudy\WWW\cpshop\Application\Runtime\Cache\Home\d2e71fb15b354760a5129829a5b6e03f.php 第 121 行.
NOTIC: [8] Use of undefined constant id - assumed 'id' D:\phpStudy\WWW\cpshop\Application\Runtime\Cache\Home\d2e71fb15b354760a5129829a5b6e03f.php 第 115 行.
NOTIC: [8] Array to string conversion D:\phpStudy\WWW\cpshop\Application\Runtime\Cache\Home\d2e71fb15b354760a5129829a5b6e03f.php 第 115 行.
NOTIC: [8] Use of undefined constant id - assumed 'id' D:\phpStudy\WWW\cpshop\Application\Runtime\Cache\Home\d2e71fb15b354760a5129829a5b6e03f.php 第 121 行.
NOTIC: [8] Array to string conversion D:\phpStudy\WWW\cpshop\Application\Runtime\Cache\Home\d2e71fb15b354760a5129829a5b6e03f.php 第 121 行.
INFO: Run Behavior\ParseTemplateBehavior [ RunTime:0.026001s ]
INFO: [ view_parse ] --END-- [ RunTime:0.026001s ]
INFO: [ view_filter ] --START--
INFO: Run Behavior\WriteHtmlCacheBehavior [ RunTime:0.000000s ]
INFO: [ view_filter ] --END-- [ RunTime:0.001000s ]
INFO: [ app_end ] --START--
INFO: Run Behavior\ShowPageTraceBehavior [ RunTime:0.001000s ]
INFO: [ app_end ] --END-- [ RunTime:0.001000s ]

[ 2016-12-22T09:33:55+08:00 ] 127.0.0.1 /Home/User/index
INFO: [ app_init ] --START--
INFO: Run Behavior\BuildLiteBehavior [ RunTime:0.000000s ]
INFO: [ app_init ] --END-- [ RunTime:0.001000s ]
INFO: [ app_begin ] --START--
INFO: Run Behavior\ReadHtmlCacheBehavior [ RunTime:0.000000s ]
INFO: [ app_begin ] --END-- [ RunTime:0.000000s ]
SQL: SHOW COLUMNS FROM `tp_shop_set` [ RunTime:0.005000s ]
SQL: SELECT * FROM `tp_shop_set` WHERE ( id=1 )  [ RunTime:0.001000s ]
NOTIC: [8] Undefined index: shopCart D:\phpStudy\WWW\cpshop\Application\Home\Controller\BaseController.class.php 第 23 行.
SQL: SHOW COLUMNS FROM `tp_shop_cart` [ RunTime:0.005000s ]
SQL: SELECT * FROM `tp_shop_cart` WHERE ( uid=1 and status=1 )  [ RunTime:0.000000s ]
SQL: SHOW COLUMNS FROM `tp_shop_cate` [ RunTime:0.006001s ]
SQL: SELECT * FROM `tp_shop_cate` WHERE ( pid=0 and status=1 )  [ RunTime:0.000000s ]
INFO: [ app_end ] --START--
INFO: Run Behavior\ShowPageTraceBehavior [ RunTime:0.001000s ]
INFO: [ app_end ] --END-- [ RunTime:0.001000s ]

[ 2016-12-22T09:34:10+08:00 ] 127.0.0.1 /Home/User/index
INFO: [ app_init ] --START--
INFO: Run Behavior\BuildLiteBehavior [ RunTime:0.000000s ]
INFO: [ app_init ] --END-- [ RunTime:0.000000s ]
INFO: [ app_begin ] --START--
INFO: Run Behavior\ReadHtmlCacheBehavior [ RunTime:0.000000s ]
INFO: [ app_begin ] --END-- [ RunTime:0.000000s ]
SQL: SHOW COLUMNS FROM `tp_shop_set` [ RunTime:0.006000s ]
SQL: SELECT * FROM `tp_shop_set` WHERE ( id=1 )  [ RunTime:0.000000s ]
NOTIC: [8] Undefined index: shopCart D:\phpStudy\WWW\cpshop\Application\Home\Controller\BaseController.class.php 第 23 行.
SQL: SHOW COLUMNS FROM `tp_shop_cart` [ RunTime:0.005000s ]
SQL: SELECT * FROM `tp_shop_cart` WHERE ( uid=1 and status=1 )  [ RunTime:0.001000s ]
SQL: SHOW COLUMNS FROM `tp_shop_cate` [ RunTime:0.005001s ]
SQL: SELECT * FROM `tp_shop_cate` WHERE ( pid=0 and status=1 )  [ RunTime:0.000000s ]
INFO: [ view_parse ] --START--
INFO: [ template_filter ] --START--
INFO: Run Behavior\ContentReplaceBehavior [ RunTime:0.000000s ]
INFO: [ template_filter ] --END-- [ RunTime:0.000000s ]
NOTIC: [8] Use of undefined constant id - assumed 'id' D:\phpStudy\WWW\cpshop\Application\Runtime\Cache\Home\d838438e2a86df1d822e5a4b1dca1959.php 第 67 行.
NOTIC: [8] Array to string conversion D:\phpStudy\WWW\cpshop\Application\Runtime\Cache\Home\d838438e2a86df1d822e5a4b1dca1959.php 第 67 行.
INFO: Run Behavior\ParseTemplateBehavior [ RunTime:0.014000s ]
INFO: [ view_parse ] --END-- [ RunTime:0.014000s ]
INFO: [ view_filter ] --START--
INFO: Run Behavior\WriteHtmlCacheBehavior [ RunTime:0.001001s ]
INFO: [ view_filter ] --END-- [ RunTime:0.001001s ]
INFO: [ app_end ] --START--
INFO: Run Behavior\ShowPageTraceBehavior [ RunTime:0.001000s ]
INFO: [ app_end ] --END-- [ RunTime:0.001000s ]

[ 2016-12-22T09:44:08+08:00 ] 127.0.0.1 /Home/User/index
INFO: [ app_init ] --START--
INFO: Run Behavior\BuildLiteBehavior [ RunTime:0.000000s ]
INFO: [ app_init ] --END-- [ RunTime:0.001000s ]
INFO: [ app_begin ] --START--
INFO: Run Behavior\ReadHtmlCacheBehavior [ RunTime:0.000000s ]
INFO: [ app_begin ] --END-- [ RunTime:0.000000s ]
SQL: SHOW COLUMNS FROM `tp_shop_set` [ RunTime:0.006001s ]
SQL: SELECT * FROM `tp_shop_set` WHERE ( id=1 )  [ RunTime:0.000000s ]
NOTIC: [8] Undefined index: shopCart D:\phpStudy\WWW\cpshop\Application\Home\Controller\BaseController.class.php 第 23 行.
SQL: SHOW COLUMNS FROM `tp_shop_cart` [ RunTime:0.005000s ]
SQL: SELECT * FROM `tp_shop_cart` WHERE ( uid=1 and status=1 )  [ RunTime:0.000000s ]
SQL: SHOW COLUMNS FROM `tp_shop_cate` [ RunTime:0.006000s ]
SQL: SELECT * FROM `tp_shop_cate` WHERE ( pid=0 and status=1 )  [ RunTime:0.000000s ]
INFO: [ view_parse ] --START--
INFO: [ template_filter ] --START--
INFO: Run Behavior\ContentReplaceBehavior [ RunTime:0.000000s ]
INFO: [ template_filter ] --END-- [ RunTime:0.000000s ]
NOTIC: [8] Use of undefined constant id - assumed 'id' D:\phpStudy\WWW\cpshop\Application\Runtime\Cache\Home\d838438e2a86df1d822e5a4b1dca1959.php 第 67 行.
NOTIC: [8] Array to string conversion D:\phpStudy\WWW\cpshop\Application\Runtime\Cache\Home\d838438e2a86df1d822e5a4b1dca1959.php 第 67 行.
INFO: Run Behavior\ParseTemplateBehavior [ RunTime:0.017001s ]
INFO: [ view_parse ] --END-- [ RunTime:0.017001s ]
INFO: [ view_filter ] --START--
INFO: Run Behavior\WriteHtmlCacheBehavior [ RunTime:0.000000s ]
INFO: [ view_filter ] --END-- [ RunTime:0.000000s ]
INFO: [ app_end ] --START--
INFO: Run Behavior\ShowPageTraceBehavior [ RunTime:0.001000s ]
INFO: [ app_end ] --END-- [ RunTime:0.001000s ]

[ 2016-12-22T09:47:42+08:00 ] 127.0.0.1 /Home/User/index
INFO: [ app_init ] --START--
INFO: Run Behavior\BuildLiteBehavior [ RunTime:0.000000s ]
INFO: [ app_init ] --END-- [ RunTime:0.000000s ]
INFO: [ app_begin ] --START--
INFO: Run Behavior\ReadHtmlCacheBehavior [ RunTime:0.000000s ]
INFO: [ app_begin ] --END-- [ RunTime:0.000000s ]
SQL: SHOW COLUMNS FROM `tp_shop_set` [ RunTime:0.004000s ]
SQL: SELECT * FROM `tp_shop_set` WHERE ( id=1 )  [ RunTime:0.000000s ]
NOTIC: [8] Undefined index: shopCart D:\phpStudy\WWW\cpshop\Application\Home\Controller\BaseController.class.php 第 23 行.
SQL: SHOW COLUMNS FROM `tp_shop_cart` [ RunTime:0.004000s ]
SQL: SELECT * FROM `tp_shop_cart` WHERE ( uid=1 and status=1 )  [ RunTime:0.000000s ]
SQL: SHOW COLUMNS FROM `tp_shop_cate` [ RunTime:0.004000s ]
SQL: SELECT * FROM `tp_shop_cate` WHERE ( pid=0 and status=1 )  [ RunTime:0.000000s ]
INFO: [ view_parse ] --START--
INFO: [ template_filter ] --START--
INFO: Run Behavior\ContentReplaceBehavior [ RunTime:0.000000s ]
INFO: [ template_filter ] --END-- [ RunTime:0.000000s ]
NOTIC: [8] Use of undefined constant id - assumed 'id' D:\phpStudy\WWW\cpshop\Application\Runtime\Cache\Home\d838438e2a86df1d822e5a4b1dca1959.php 第 67 行.
NOTIC: [8] Array to string conversion D:\phpStudy\WWW\cpshop\Application\Runtime\Cache\Home\d838438e2a86df1d822e5a4b1dca1959.php 第 67 行.
INFO: Run Behavior\ParseTemplateBehavior [ RunTime:0.013001s ]
INFO: [ view_parse ] --END-- [ RunTime:0.013001s ]
INFO: [ view_filter ] --START--
INFO: Run Behavior\WriteHtmlCacheBehavior [ RunTime:0.000000s ]
INFO: [ view_filter ] --END-- [ RunTime:0.000000s ]
INFO: [ app_end ] --START--
INFO: Run Behavior\ShowPageTraceBehavior [ RunTime:0.001000s ]
INFO: [ app_end ] --END-- [ RunTime:0.001000s ]

[ 2016-12-22T09:48:26+08:00 ] 127.0.0.1 /Home/User/index
INFO: [ app_init ] --START--
INFO: Run Behavior\BuildLiteBehavior [ RunTime:0.000000s ]
INFO: [ app_init ] --END-- [ RunTime:0.001000s ]
INFO: [ app_begin ] --START--
INFO: Run Behavior\ReadHtmlCacheBehavior [ RunTime:0.001001s ]
INFO: [ app_begin ] --END-- [ RunTime:0.001001s ]
SQL: SHOW COLUMNS FROM `tp_shop_set` [ RunTime:0.006001s ]
SQL: SELECT * FROM `tp_shop_set` WHERE ( id=1 )  [ RunTime:0.001000s ]
NOTIC: [8] Undefined index: shopCart D:\phpStudy\WWW\cpshop\Application\Home\Controller\BaseController.class.php 第 23 行.
SQL: SHOW COLUMNS FROM `tp_shop_cart` [ RunTime:0.006000s ]
SQL: SELECT * FROM `tp_shop_cart` WHERE ( uid=1 and status=1 )  [ RunTime:0.001000s ]
SQL: SHOW COLUMNS FROM `tp_shop_cate` [ RunTime:0.005000s ]
SQL: SELECT * FROM `tp_shop_cate` WHERE ( pid=0 and status=1 )  [ RunTime:0.001000s ]
INFO: [ view_parse ] --START--
INFO: [ template_filter ] --START--
INFO: Run Behavior\ContentReplaceBehavior [ RunTime:0.000000s ]
INFO: [ template_filter ] --END-- [ RunTime:0.000000s ]
NOTIC: [8] Use of undefined constant id - assumed 'id' D:\phpStudy\WWW\cpshop\Application\Runtime\Cache\Home\d838438e2a86df1d822e5a4b1dca1959.php 第 67 行.
NOTIC: [8] Array to string conversion D:\phpStudy\WWW\cpshop\Application\Runtime\Cache\Home\d838438e2a86df1d822e5a4b1dca1959.php 第 67 行.
INFO: Run Behavior\ParseTemplateBehavior [ RunTime:0.014001s ]
INFO: [ view_parse ] --END-- [ RunTime:0.014001s ]
INFO: [ view_filter ] --START--
INFO: Run Behavior\WriteHtmlCacheBehavior [ RunTime:0.001000s ]
INFO: [ view_filter ] --END-- [ RunTime:0.001000s ]
INFO: [ app_end ] --START--
INFO: Run Behavior\ShowPageTraceBehavior [ RunTime:0.001000s ]
INFO: [ app_end ] --END-- [ RunTime:0.001000s ]

[ 2016-12-22T09:49:27+08:00 ] 127.0.0.1 /Home/User/index
INFO: [ app_init ] --START--
INFO: Run Behavior\BuildLiteBehavior [ RunTime:0.000000s ]
INFO: [ app_init ] --END-- [ RunTime:0.000000s ]
INFO: [ app_begin ] --START--
INFO: Run Behavior\ReadHtmlCacheBehavior [ RunTime:0.001000s ]
INFO: [ app_begin ] --END-- [ RunTime:0.001000s ]
SQL: SHOW COLUMNS FROM `tp_shop_set` [ RunTime:0.007001s ]
SQL: SELECT * FROM `tp_shop_set` WHERE ( id=1 )  [ RunTime:0.000000s ]
NOTIC: [8] Undefined index: shopCart D:\phpStudy\WWW\cpshop\Application\Home\Controller\BaseController.class.php 第 23 行.
SQL: SHOW COLUMNS FROM `tp_shop_cart` [ RunTime:0.007000s ]
SQL: SELECT * FROM `tp_shop_cart` WHERE ( uid=1 and status=1 )  [ RunTime:0.000000s ]
SQL: SHOW COLUMNS FROM `tp_shop_cate` [ RunTime:0.007000s ]
SQL: SELECT * FROM `tp_shop_cate` WHERE ( pid=0 and status=1 )  [ RunTime:0.000000s ]
INFO: [ view_parse ] --START--
INFO: [ template_filter ] --START--
INFO: Run Behavior\ContentReplaceBehavior [ RunTime:0.000000s ]
INFO: [ template_filter ] --END-- [ RunTime:0.000000s ]
NOTIC: [8] Use of undefined constant id - assumed 'id' D:\phpStudy\WWW\cpshop\Application\Runtime\Cache\Home\d838438e2a86df1d822e5a4b1dca1959.php 第 67 行.
NOTIC: [8] Array to string conversion D:\phpStudy\WWW\cpshop\Application\Runtime\Cache\Home\d838438e2a86df1d822e5a4b1dca1959.php 第 67 行.
INFO: Run Behavior\ParseTemplateBehavior [ RunTime:0.016001s ]
INFO: [ view_parse ] --END-- [ RunTime:0.016001s ]
INFO: [ view_filter ] --START--
INFO: Run Behavior\WriteHtmlCacheBehavior [ RunTime:0.001000s ]
INFO: [ view_filter ] --END-- [ RunTime:0.001000s ]
INFO: [ app_end ] --START--
INFO: Run Behavior\ShowPageTraceBehavior [ RunTime:0.001001s ]
INFO: [ app_end ] --END-- [ RunTime:0.002001s ]

[ 2016-12-22T09:49:50+08:00 ] 127.0.0.1 /Home/User/index
INFO: [ app_init ] --START--
INFO: Run Behavior\BuildLiteBehavior [ RunTime:0.000000s ]
INFO: [ app_init ] --END-- [ RunTime:0.000000s ]
INFO: [ app_begin ] --START--
INFO: Run Behavior\ReadHtmlCacheBehavior [ RunTime:0.000000s ]
INFO: [ app_begin ] --END-- [ RunTime:0.000000s ]
SQL: SHOW COLUMNS FROM `tp_shop_set` [ RunTime:0.007001s ]
SQL: SELECT * FROM `tp_shop_set` WHERE ( id=1 )  [ RunTime:0.001000s ]
NOTIC: [8] Undefined index: shopCart D:\phpStudy\WWW\cpshop\Application\Home\Controller\BaseController.class.php 第 23 行.
SQL: SHOW COLUMNS FROM `tp_shop_cart` [ RunTime:0.007000s ]
SQL: SELECT * FROM `tp_shop_cart` WHERE ( uid=1 and status=1 )  [ RunTime:0.000000s ]
SQL: SHOW COLUMNS FROM `tp_shop_cate` [ RunTime:0.008001s ]
SQL: SELECT * FROM `tp_shop_cate` WHERE ( pid=0 and status=1 )  [ RunTime:0.000000s ]
INFO: [ view_parse ] --START--
INFO: [ template_filter ] --START--
INFO: Run Behavior\ContentReplaceBehavior [ RunTime:0.000000s ]
INFO: [ template_filter ] --END-- [ RunTime:0.000000s ]
NOTIC: [8] Use of undefined constant id - assumed 'id' D:\phpStudy\WWW\cpshop\Application\Runtime\Cache\Home\d838438e2a86df1d822e5a4b1dca1959.php 第 67 行.
NOTIC: [8] Array to string conversion D:\phpStudy\WWW\cpshop\Application\Runtime\Cache\Home\d838438e2a86df1d822e5a4b1dca1959.php 第 67 行.
INFO: Run Behavior\ParseTemplateBehavior [ RunTime:0.018001s ]
INFO: [ view_parse ] --END-- [ RunTime:0.018001s ]
INFO: [ view_filter ] --START--
INFO: Run Behavior\WriteHtmlCacheBehavior [ RunTime:0.000000s ]
INFO: [ view_filter ] --END-- [ RunTime:0.000000s ]
INFO: [ app_end ] --START--
INFO: Run Behavior\ShowPageTraceBehavior [ RunTime:0.001000s ]
INFO: [ app_end ] --END-- [ RunTime:0.001000s ]

[ 2016-12-22T09:52:25+08:00 ] 127.0.0.1 /Home/User/index
INFO: [ app_init ] --START--
INFO: Run Behavior\BuildLiteBehavior [ RunTime:0.000000s ]
INFO: [ app_init ] --END-- [ RunTime:0.000000s ]
INFO: [ app_begin ] --START--
INFO: Run Behavior\ReadHtmlCacheBehavior [ RunTime:0.000000s ]
INFO: [ app_begin ] --END-- [ RunTime:0.000000s ]
SQL: SHOW COLUMNS FROM `tp_shop_set` [ RunTime:0.006000s ]
SQL: SELECT * FROM `tp_shop_set` WHERE ( id=1 )  [ RunTime:0.001000s ]
NOTIC: [8] Undefined index: shopCart D:\phpStudy\WWW\cpshop\Application\Home\Controller\BaseController.class.php 第 23 行.
SQL: SHOW COLUMNS FROM `tp_shop_cart` [ RunTime:0.005001s ]
SQL: SELECT * FROM `tp_shop_cart` WHERE ( uid=1 and status=1 )  [ RunTime:0.000000s ]
SQL: SHOW COLUMNS FROM `tp_shop_cate` [ RunTime:0.005000s ]
SQL: SELECT * FROM `tp_shop_cate` WHERE ( pid=0 and status=1 )  [ RunTime:0.000000s ]
INFO: [ view_parse ] --START--
INFO: [ template_filter ] --START--
INFO: Run Behavior\ContentReplaceBehavior [ RunTime:0.000000s ]
INFO: [ template_filter ] --END-- [ RunTime:0.000000s ]
NOTIC: [8] Use of undefined constant id - assumed 'id' D:\phpStudy\WWW\cpshop\Application\Runtime\Cache\Home\d838438e2a86df1d822e5a4b1dca1959.php 第 67 行.
NOTIC: [8] Array to string conversion D:\phpStudy\WWW\cpshop\Application\Runtime\Cache\Home\d838438e2a86df1d822e5a4b1dca1959.php 第 67 行.
INFO: Run Behavior\ParseTemplateBehavior [ RunTime:0.016001s ]
INFO: [ view_parse ] --END-- [ RunTime:0.016001s ]
INFO: [ view_filter ] --START--
INFO: Run Behavior\WriteHtmlCacheBehavior [ RunTime:0.000000s ]
INFO: [ view_filter ] --END-- [ RunTime:0.001000s ]
INFO: [ app_end ] --START--
INFO: Run Behavior\ShowPageTraceBehavior [ RunTime:0.001000s ]
INFO: [ app_end ] --END-- [ RunTime:0.001000s ]

[ 2016-12-22T09:58:28+08:00 ] 127.0.0.1 /Home/User/index
INFO: [ app_init ] --START--
INFO: Run Behavior\BuildLiteBehavior [ RunTime:0.000000s ]
INFO: [ app_init ] --END-- [ RunTime:0.000000s ]
INFO: [ app_begin ] --START--
INFO: Run Behavior\ReadHtmlCacheBehavior [ RunTime:0.000000s ]
INFO: [ app_begin ] --END-- [ RunTime:0.000000s ]
SQL: SHOW COLUMNS FROM `tp_shop_set` [ RunTime:0.006000s ]
SQL: SELECT * FROM `tp_shop_set` WHERE ( id=1 )  [ RunTime:0.000000s ]
NOTIC: [8] Undefined index: shopCart D:\phpStudy\WWW\cpshop\Application\Home\Controller\BaseController.class.php 第 23 行.
SQL: SHOW COLUMNS FROM `tp_shop_cart` [ RunTime:0.007001s ]
SQL: SELECT * FROM `tp_shop_cart` WHERE ( uid=1 and status=1 )  [ RunTime:0.000000s ]
SQL: SHOW COLUMNS FROM `tp_shop_cate` [ RunTime:0.005000s ]
SQL: SELECT * FROM `tp_shop_cate` WHERE ( pid=0 and status=1 )  [ RunTime:0.000000s ]
INFO: [ view_parse ] --START--
INFO: [ template_filter ] --START--
INFO: Run Behavior\ContentReplaceBehavior [ RunTime:0.000000s ]
INFO: [ template_filter ] --END-- [ RunTime:0.000000s ]
NOTIC: [8] Use of undefined constant id - assumed 'id' D:\phpStudy\WWW\cpshop\Application\Runtime\Cache\Home\d838438e2a86df1d822e5a4b1dca1959.php 第 67 行.
NOTIC: [8] Array to string conversion D:\phpStudy\WWW\cpshop\Application\Runtime\Cache\Home\d838438e2a86df1d822e5a4b1dca1959.php 第 67 行.
INFO: Run Behavior\ParseTemplateBehavior [ RunTime:0.014001s ]
INFO: [ view_parse ] --END-- [ RunTime:0.014001s ]
INFO: [ view_filter ] --START--
INFO: Run Behavior\WriteHtmlCacheBehavior [ RunTime:0.001000s ]
INFO: [ view_filter ] --END-- [ RunTime:0.001000s ]
INFO: [ app_end ] --START--
INFO: Run Behavior\ShowPageTraceBehavior [ RunTime:0.001000s ]
INFO: [ app_end ] --END-- [ RunTime:0.001000s ]

[ 2016-12-22T09:58:56+08:00 ] 127.0.0.1 /Home/User/index
INFO: [ app_init ] --START--
INFO: Run Behavior\BuildLiteBehavior [ RunTime:0.000000s ]
INFO: [ app_init ] --END-- [ RunTime:0.001000s ]
INFO: [ app_begin ] --START--
INFO: Run Behavior\ReadHtmlCacheBehavior [ RunTime:0.001000s ]
INFO: [ app_begin ] --END-- [ RunTime:0.001000s ]
SQL: SHOW COLUMNS FROM `tp_shop_set` [ RunTime:0.007000s ]
SQL: SELECT * FROM `tp_shop_set` WHERE ( id=1 )  [ RunTime:0.000000s ]
NOTIC: [8] Undefined index: shopCart D:\phpStudy\WWW\cpshop\Application\Home\Controller\BaseController.class.php 第 23 行.
SQL: SHOW COLUMNS FROM `tp_shop_cart` [ RunTime:0.007000s ]
SQL: SELECT * FROM `tp_shop_cart` WHERE ( uid=1 and status=1 )  [ RunTime:0.001000s ]
SQL: SHOW COLUMNS FROM `tp_shop_cate` [ RunTime:0.007001s ]
SQL: SELECT * FROM `tp_shop_cate` WHERE ( pid=0 and status=1 )  [ RunTime:0.001000s ]
INFO: [ view_parse ] --START--
INFO: [ template_filter ] --START--
INFO: Run Behavior\ContentReplaceBehavior [ RunTime:0.000000s ]
INFO: [ template_filter ] --END-- [ RunTime:0.000000s ]
NOTIC: [8] Use of undefined constant id - assumed 'id' D:\phpStudy\WWW\cpshop\Application\Runtime\Cache\Home\d838438e2a86df1d822e5a4b1dca1959.php 第 67 行.
NOTIC: [8] Array to string conversion D:\phpStudy\WWW\cpshop\Application\Runtime\Cache\Home\d838438e2a86df1d822e5a4b1dca1959.php 第 67 行.
INFO: Run Behavior\ParseTemplateBehavior [ RunTime:0.018001s ]
INFO: [ view_parse ] --END-- [ RunTime:0.018001s ]
INFO: [ view_filter ] --START--
INFO: Run Behavior\WriteHtmlCacheBehavior [ RunTime:0.001000s ]
INFO: [ view_filter ] --END-- [ RunTime:0.001000s ]
INFO: [ app_end ] --START--
INFO: Run Behavior\ShowPageTraceBehavior [ RunTime:0.001000s ]
INFO: [ app_end ] --END-- [ RunTime:0.001000s ]

[ 2016-12-22T09:59:33+08:00 ] 127.0.0.1 /Home/User/index
INFO: [ app_init ] --START--
INFO: Run Behavior\BuildLiteBehavior [ RunTime:0.000000s ]
INFO: [ app_init ] --END-- [ RunTime:0.000000s ]
INFO: [ app_begin ] --START--
INFO: Run Behavior\ReadHtmlCacheBehavior [ RunTime:0.001000s ]
INFO: [ app_begin ] --END-- [ RunTime:0.001000s ]
SQL: SHOW COLUMNS FROM `tp_shop_set` [ RunTime:0.007001s ]
SQL: SELECT * FROM `tp_shop_set` WHERE ( id=1 )  [ RunTime:0.001000s ]
NOTIC: [8] Undefined index: shopCart D:\phpStudy\WWW\cpshop\Application\Home\Controller\BaseController.class.php 第 23 行.
SQL: SHOW COLUMNS FROM `tp_shop_cart` [ RunTime:0.007000s ]
SQL: SELECT * FROM `tp_shop_cart` WHERE ( uid=1 and status=1 )  [ RunTime:0.001000s ]
SQL: SHOW COLUMNS FROM `tp_shop_cate` [ RunTime:0.007001s ]
SQL: SELECT * FROM `tp_shop_cate` WHERE ( pid=0 and status=1 )  [ RunTime:0.000000s ]
INFO: [ view_parse ] --START--
INFO: [ template_filter ] --START--
INFO: Run Behavior\ContentReplaceBehavior [ RunTime:0.000000s ]
INFO: [ template_filter ] --END-- [ RunTime:0.000000s ]
NOTIC: [8] Use of undefined constant id - assumed 'id' D:\phpStudy\WWW\cpshop\Application\Runtime\Cache\Home\d838438e2a86df1d822e5a4b1dca1959.php 第 67 行.
NOTIC: [8] Array to string conversion D:\phpStudy\WWW\cpshop\Application\Runtime\Cache\Home\d838438e2a86df1d822e5a4b1dca1959.php 第 67 行.
INFO: Run Behavior\ParseTemplateBehavior [ RunTime:0.017001s ]
INFO: [ view_parse ] --END-- [ RunTime:0.017001s ]
INFO: [ view_filter ] --START--
INFO: Run Behavior\WriteHtmlCacheBehavior [ RunTime:0.000000s ]
INFO: [ view_filter ] --END-- [ RunTime:0.000000s ]
INFO: [ app_end ] --START--
INFO: Run Behavior\ShowPageTraceBehavior [ RunTime:0.001000s ]
INFO: [ app_end ] --END-- [ RunTime:0.001000s ]

[ 2016-12-22T09:59:36+08:00 ] 127.0.0.1 /Home/User/addressesAdd
INFO: [ app_init ] --START--
INFO: Run Behavior\BuildLiteBehavior [ RunTime:0.000000s ]
INFO: [ app_init ] --END-- [ RunTime:0.001000s ]
INFO: [ app_begin ] --START--
INFO: Run Behavior\ReadHtmlCacheBehavior [ RunTime:0.000000s ]
INFO: [ app_begin ] --END-- [ RunTime:0.001000s ]
SQL: SHOW COLUMNS FROM `tp_shop_set` [ RunTime:0.007001s ]
SQL: SELECT * FROM `tp_shop_set` WHERE ( id=1 )  [ RunTime:0.000000s ]
NOTIC: [8] Undefined index: shopCart D:\phpStudy\WWW\cpshop\Application\Home\Controller\BaseController.class.php 第 23 行.
SQL: SHOW COLUMNS FROM `tp_shop_cart` [ RunTime:0.007000s ]
SQL: SELECT * FROM `tp_shop_cart` WHERE ( uid=1 and status=1 )  [ RunTime:0.000000s ]
SQL: SHOW COLUMNS FROM `tp_shop_cate` [ RunTime:0.006001s ]
SQL: SELECT * FROM `tp_shop_cate` WHERE ( pid=0 and status=1 )  [ RunTime:0.001000s ]
INFO: [ view_parse ] --START--
INFO: [ template_filter ] --START--
INFO: Run Behavior\ContentReplaceBehavior [ RunTime:0.000000s ]
INFO: [ template_filter ] --END-- [ RunTime:0.000000s ]
NOTIC: [8] Use of undefined constant id - assumed 'id' D:\phpStudy\WWW\cpshop\Application\Runtime\Cache\Home\a242dd364b2760109e6d99c5e6cbad4b.php 第 67 行.
NOTIC: [8] Array to string conversion D:\phpStudy\WWW\cpshop\Application\Runtime\Cache\Home\a242dd364b2760109e6d99c5e6cbad4b.php 第 67 行.
INFO: Run Behavior\ParseTemplateBehavior [ RunTime:0.016001s ]
INFO: [ view_parse ] --END-- [ RunTime:0.016001s ]
INFO: [ view_filter ] --START--
INFO: Run Behavior\WriteHtmlCacheBehavior [ RunTime:0.001000s ]
INFO: [ view_filter ] --END-- [ RunTime:0.001000s ]
INFO: [ app_end ] --START--
INFO: Run Behavior\ShowPageTraceBehavior [ RunTime:0.002000s ]
INFO: [ app_end ] --END-- [ RunTime:0.002000s ]

[ 2016-12-22T09:59:38+08:00 ] 127.0.0.1 /Home/User/addressesAdd
INFO: [ app_init ] --START--
INFO: Run Behavior\BuildLiteBehavior [ RunTime:0.000000s ]
INFO: [ app_init ] --END-- [ RunTime:0.001000s ]
INFO: [ app_begin ] --START--
INFO: Run Behavior\ReadHtmlCacheBehavior [ RunTime:0.001000s ]
INFO: [ app_begin ] --END-- [ RunTime:0.001000s ]
SQL: SHOW COLUMNS FROM `tp_shop_set` [ RunTime:0.006001s ]
SQL: SELECT * FROM `tp_shop_set` WHERE ( id=1 )  [ RunTime:0.000000s ]
NOTIC: [8] Undefined index: shopCart D:\phpStudy\WWW\cpshop\Application\Home\Controller\BaseController.class.php 第 23 行.
SQL: SHOW COLUMNS FROM `tp_shop_cart` [ RunTime:0.006000s ]
SQL: SELECT * FROM `tp_shop_cart` WHERE ( uid=1 and status=1 )  [ RunTime:0.000000s ]
SQL: SHOW COLUMNS FROM `tp_shop_cate` [ RunTime:0.005000s ]
SQL: SELECT * FROM `tp_shop_cate` WHERE ( pid=0 and status=1 )  [ RunTime:0.000000s ]
INFO: [ view_parse ] --START--
INFO: [ template_filter ] --START--
INFO: Run Behavior\ContentReplaceBehavior [ RunTime:0.001000s ]
INFO: [ template_filter ] --END-- [ RunTime:0.001000s ]
NOTIC: [8] Use of undefined constant id - assumed 'id' D:\phpStudy\WWW\cpshop\Application\Runtime\Cache\Home\a242dd364b2760109e6d99c5e6cbad4b.php 第 67 行.
NOTIC: [8] Array to string conversion D:\phpStudy\WWW\cpshop\Application\Runtime\Cache\Home\a242dd364b2760109e6d99c5e6cbad4b.php 第 67 行.
INFO: Run Behavior\ParseTemplateBehavior [ RunTime:0.014001s ]
INFO: [ view_parse ] --END-- [ RunTime:0.014001s ]
INFO: [ view_filter ] --START--
INFO: Run Behavior\WriteHtmlCacheBehavior [ RunTime:0.000000s ]
INFO: [ view_filter ] --END-- [ RunTime:0.000000s ]
INFO: [ app_end ] --START--
INFO: Run Behavior\ShowPageTraceBehavior [ RunTime:0.001000s ]
INFO: [ app_end ] --END-- [ RunTime:0.001000s ]

[ 2016-12-22T10:28:28+08:00 ] 127.0.0.1 /Home/User/addressesAdd
INFO: [ app_init ] --START--
INFO: Run Behavior\BuildLiteBehavior [ RunTime:0.000000s ]
INFO: [ app_init ] --END-- [ RunTime:0.001000s ]
INFO: [ app_begin ] --START--
INFO: Run Behavior\ReadHtmlCacheBehavior [ RunTime:0.001000s ]
INFO: [ app_begin ] --END-- [ RunTime:0.001000s ]
SQL: SHOW COLUMNS FROM `tp_shop_set` [ RunTime:0.007001s ]
SQL: SELECT * FROM `tp_shop_set` WHERE ( id=1 )  [ RunTime:0.001000s ]
NOTIC: [8] Undefined index: shopCart D:\phpStudy\WWW\cpshop\Application\Home\Controller\BaseController.class.php 第 23 行.
SQL: SHOW COLUMNS FROM `tp_shop_cart` [ RunTime:0.007000s ]
SQL: SELECT * FROM `tp_shop_cart` WHERE ( uid=1 and status=1 )  [ RunTime:0.000000s ]
SQL: SHOW COLUMNS FROM `tp_shop_cate` [ RunTime:0.007001s ]
SQL: SELECT * FROM `tp_shop_cate` WHERE ( pid=0 and status=1 )  [ RunTime:0.000000s ]
INFO: [ view_parse ] --START--
INFO: [ template_filter ] --START--
INFO: Run Behavior\ContentReplaceBehavior [ RunTime:0.000000s ]
INFO: [ template_filter ] --END-- [ RunTime:0.000000s ]
NOTIC: [8] Use of undefined constant id - assumed 'id' D:\phpStudy\WWW\cpshop\Application\Runtime\Cache\Home\a242dd364b2760109e6d99c5e6cbad4b.php 第 67 行.
NOTIC: [8] Array to string conversion D:\phpStudy\WWW\cpshop\Application\Runtime\Cache\Home\a242dd364b2760109e6d99c5e6cbad4b.php 第 67 行.
INFO: Run Behavior\ParseTemplateBehavior [ RunTime:0.016001s ]
INFO: [ view_parse ] --END-- [ RunTime:0.016001s ]
INFO: [ view_filter ] --START--
INFO: Run Behavior\WriteHtmlCacheBehavior [ RunTime:0.001000s ]
INFO: [ view_filter ] --END-- [ RunTime:0.001000s ]
INFO: [ app_end ] --START--
INFO: Run Behavior\ShowPageTraceBehavior [ RunTime:0.002000s ]
INFO: [ app_end ] --END-- [ RunTime:0.002000s ]

[ 2016-12-22T10:28:30+08:00 ] 127.0.0.1 /
INFO: [ app_init ] --START--
INFO: Run Behavior\BuildLiteBehavior [ RunTime:0.000000s ]
INFO: [ app_init ] --END-- [ RunTime:0.001000s ]
INFO: [ app_begin ] --START--
INFO: Run Behavior\ReadHtmlCacheBehavior [ RunTime:0.001000s ]
INFO: [ app_begin ] --END-- [ RunTime:0.001000s ]
SQL: SHOW COLUMNS FROM `tp_shop_set` [ RunTime:0.006000s ]
SQL: SELECT * FROM `tp_shop_set` WHERE ( id=1 )  [ RunTime:0.000000s ]
NOTIC: [8] Undefined index: shopCart D:\phpStudy\WWW\cpshop\Application\Home\Controller\BaseController.class.php 第 23 行.
SQL: SHOW COLUMNS FROM `tp_shop_cart` [ RunTime:0.005000s ]
SQL: SELECT * FROM `tp_shop_cart` WHERE ( uid=1 and status=1 )  [ RunTime:0.001000s ]
SQL: SHOW COLUMNS FROM `tp_shop_cate` [ RunTime:0.005000s ]
SQL: SELECT * FROM `tp_shop_cate` WHERE ( pid=0 and status=1 )  [ RunTime:0.000000s ]
SQL: SELECT * FROM `tp_shop_cate` WHERE ( status=1 ) LIMIT 0,1   [ RunTime:0.000000s ]
SQL: SELECT * FROM `tp_shop_cate` WHERE ( pid=1 and status=1 ) LIMIT 0,6   [ RunTime:0.000000s ]
SQL: SHOW COLUMNS FROM `tp_shop_goods` [ RunTime:0.005001s ]
SQL: SELECT COUNT(*) AS tp_count FROM `tp_shop_goods` WHERE ( cid=2 and status=1 and xiajia=1 ) LIMIT 1   [ RunTime:0.000000s ]
SQL: SELECT COUNT(*) AS tp_count FROM `tp_shop_goods` WHERE ( cid=3 and status=1 and xiajia=1 ) LIMIT 1   [ RunTime:0.000000s ]
SQL: SELECT COUNT(*) AS tp_count FROM `tp_shop_goods` WHERE ( cid=5 and status=1 and xiajia=1 ) LIMIT 1   [ RunTime:0.000000s ]
INFO: [ view_parse ] --START--
SQL: SHOW COLUMNS FROM `tp_ads` [ RunTime:0.005001s ]
SQL: SHOW COLUMNS FROM `tp_ads_cate` [ RunTime:0.004000s ]
SQL: SELECT `id` FROM `tp_ads_cate` WHERE ( tag='ceshi' )  [ RunTime:0.001000s ]
SQL: SELECT * FROM `tp_ads` WHERE ( status=1 and cid=1 ) ORDER BY id desc LIMIT 0,1   [ RunTime:0.000000s ]
NOTIC: [8] Undefined offset: 1 D:\phpStudy\WWW\cpshop\Application\Common\Taglib\Mytag.class.php 第 64 行.
NOTIC: [8] Undefined offset: 1 D:\phpStudy\WWW\cpshop\Application\Common\Taglib\Mytag.class.php 第 64 行.
NOTIC: [8] Undefined offset: 1 D:\phpStudy\WWW\cpshop\Application\Common\Taglib\Mytag.class.php 第 64 行.
INFO: [ template_filter ] --START--
INFO: Run Behavior\ContentReplaceBehavior [ RunTime:0.000000s ]
INFO: [ template_filter ] --END-- [ RunTime:0.000000s ]
NOTIC: [8] Use of undefined constant id - assumed 'id' D:\phpStudy\WWW\cpshop\Application\Runtime\Cache\Home\d2e71fb15b354760a5129829a5b6e03f.php 第 65 行.
NOTIC: [8] Array to string conversion D:\phpStudy\WWW\cpshop\Application\Runtime\Cache\Home\d2e71fb15b354760a5129829a5b6e03f.php 第 65 行.
NOTIC: [8] Use of undefined constant id - assumed 'id' D:\phpStudy\WWW\cpshop\Application\Runtime\Cache\Home\d2e71fb15b354760a5129829a5b6e03f.php 第 110 行.
NOTIC: [8] Array to string conversion D:\phpStudy\WWW\cpshop\Application\Runtime\Cache\Home\d2e71fb15b354760a5129829a5b6e03f.php 第 110 行.
NOTIC: [8] Use of undefined constant id - assumed 'id' D:\phpStudy\WWW\cpshop\Application\Runtime\Cache\Home\d2e71fb15b354760a5129829a5b6e03f.php 第 115 行.
NOTIC: [8] Array to string conversion D:\phpStudy\WWW\cpshop\Application\Runtime\Cache\Home\d2e71fb15b354760a5129829a5b6e03f.php 第 115 行.
NOTIC: [8] Use of undefined constant id - assumed 'id' D:\phpStudy\WWW\cpshop\Application\Runtime\Cache\Home\d2e71fb15b354760a5129829a5b6e03f.php 第 121 行.
NOTIC: [8] Array to string conversion D:\phpStudy\WWW\cpshop\Application\Runtime\Cache\Home\d2e71fb15b354760a5129829a5b6e03f.php 第 121 行.
NOTIC: [8] Use of undefined constant id - assumed 'id' D:\phpStudy\WWW\cpshop\Application\Runtime\Cache\Home\d2e71fb15b354760a5129829a5b6e03f.php 第 115 行.
NOTIC: [8] Array to string conversion D:\phpStudy\WWW\cpshop\Application\Runtime\Cache\Home\d2e71fb15b354760a5129829a5b6e03f.php 第 115 行.
NOTIC: [8] Use of undefined constant id - assumed 'id' D:\phpStudy\WWW\cpshop\Application\Runtime\Cache\Home\d2e71fb15b354760a5129829a5b6e03f.php 第 121 行.
NOTIC: [8] Array to string conversion D:\phpStudy\WWW\cpshop\Application\Runtime\Cache\Home\d2e71fb15b354760a5129829a5b6e03f.php 第 121 行.
NOTIC: [8] Use of undefined constant id - assumed 'id' D:\phpStudy\WWW\cpshop\Application\Runtime\Cache\Home\d2e71fb15b354760a5129829a5b6e03f.php 第 115 行.
NOTIC: [8] Array to string conversion D:\phpStudy\WWW\cpshop\Application\Runtime\Cache\Home\d2e71fb15b354760a5129829a5b6e03f.php 第 115 行.
NOTIC: [8] Use of undefined constant id - assumed 'id' D:\phpStudy\WWW\cpshop\Application\Runtime\Cache\Home\d2e71fb15b354760a5129829a5b6e03f.php 第 121 行.
NOTIC: [8] Array to string conversion D:\phpStudy\WWW\cpshop\Application\Runtime\Cache\Home\d2e71fb15b354760a5129829a5b6e03f.php 第 121 行.
INFO: Run Behavior\ParseTemplateBehavior [ RunTime:0.025001s ]
INFO: [ view_parse ] --END-- [ RunTime:0.025001s ]
INFO: [ view_filter ] --START--
INFO: Run Behavior\WriteHtmlCacheBehavior [ RunTime:0.001000s ]
INFO: [ view_filter ] --END-- [ RunTime:0.001000s ]
INFO: [ app_end ] --START--
INFO: Run Behavior\ShowPageTraceBehavior [ RunTime:0.000000s ]
INFO: [ app_end ] --END-- [ RunTime:0.001000s ]

