[ 2016-11-30T09:16:21+08:00 ] 127.0.0.1 /
INFO: [ app_init ] --START--
INFO: Run Behavior\BuildLiteBehavior [ RunTime:0.000000s ]
INFO: [ app_init ] --END-- [ RunTime:0.000000s ]
INFO: [ app_begin ] --START--
INFO: Run Behavior\ReadHtmlCacheBehavior [ RunTime:0.001000s ]
INFO: [ app_begin ] --END-- [ RunTime:0.001000s ]
SQL: SHOW COLUMNS FROM `tp_shop_cate` [ RunTime:0.007000s ]
SQL: SELECT * FROM `tp_shop_cate` WHERE ( pid=0 and status=1 )  [ RunTime:0.001000s ]
SQL: SELECT * FROM `tp_shop_cate` WHERE ( pid=1 and status=1 ) LIMIT 0,6   [ RunTime:0.001000s ]
SQL: SHOW COLUMNS FROM `tp_shop_goods` [ RunTime:0.006000s ]
SQL: SELECT COUNT(*) AS tp_count FROM `tp_shop_goods` WHERE ( cid=2 and status=1 ) LIMIT 1   [ RunTime:0.000000s ]
SQL: SELECT COUNT(*) AS tp_count FROM `tp_shop_goods` WHERE ( cid=3 and status=1 ) LIMIT 1   [ RunTime:0.001000s ]
SQL: SELECT COUNT(*) AS tp_count FROM `tp_shop_goods` WHERE ( cid=5 and status=1 ) LIMIT 1   [ RunTime:0.000000s ]
INFO: [ view_parse ] --START--
SQL: SHOW COLUMNS FROM `tp_ads` [ RunTime:0.006001s ]
SQL: SHOW COLUMNS FROM `tp_ads_cate` [ RunTime:0.005000s ]
SQL: SELECT `id` FROM `tp_ads_cate` WHERE ( tag='ceshi' )  [ RunTime:0.000000s ]
SQL: SELECT * FROM `tp_ads` WHERE ( status=1 and cid=1 ) ORDER BY id desc LIMIT 0,1   [ RunTime:0.000000s ]
NOTIC: [8] Undefined offset: 1 D:\phpStudy\WWW\cpshop\Application\Common\Taglib\Mytag.class.php 第 44 行.
NOTIC: [8] Undefined offset: 1 D:\phpStudy\WWW\cpshop\Application\Common\Taglib\Mytag.class.php 第 44 行.
NOTIC: [8] Undefined offset: 1 D:\phpStudy\WWW\cpshop\Application\Common\Taglib\Mytag.class.php 第 44 行.
INFO: [ template_filter ] --START--
INFO: Run Behavior\ContentReplaceBehavior [ RunTime:0.001000s ]
INFO: [ template_filter ] --END-- [ RunTime:0.001000s ]
INFO: Run Behavior\ParseTemplateBehavior [ RunTime:0.029001s ]
INFO: [ view_parse ] --END-- [ RunTime:0.029001s ]
INFO: [ view_filter ] --START--
INFO: Run Behavior\WriteHtmlCacheBehavior [ RunTime:0.001000s ]
INFO: [ view_filter ] --END-- [ RunTime:0.001000s ]
INFO: [ app_end ] --START--
INFO: Run Behavior\ShowPageTraceBehavior [ RunTime:0.001000s ]
INFO: [ app_end ] --END-- [ RunTime:0.001000s ]

[ 2016-11-30T10:12:04+08:00 ] 127.0.0.1 /
INFO: [ app_init ] --START--
INFO: Run Behavior\BuildLiteBehavior [ RunTime:0.000000s ]
INFO: [ app_init ] --END-- [ RunTime:0.001000s ]
INFO: [ app_begin ] --START--
INFO: Run Behavior\ReadHtmlCacheBehavior [ RunTime:0.000000s ]
INFO: [ app_begin ] --END-- [ RunTime:0.001000s ]
SQL: SHOW COLUMNS FROM `tp_shop_cate` [ RunTime:0.006001s ]
SQL: SELECT * FROM `tp_shop_cate` WHERE ( pid=0 and status=1 )  [ RunTime:0.000000s ]
SQL: SELECT * FROM `tp_shop_cate` WHERE ( pid=1 and status=1 ) LIMIT 0,6   [ RunTime:0.000000s ]
SQL: SHOW COLUMNS FROM `tp_shop_goods` [ RunTime:0.007000s ]
SQL: SELECT COUNT(*) AS tp_count FROM `tp_shop_goods` WHERE ( cid=2 and status=1 ) LIMIT 1   [ RunTime:0.000000s ]
SQL: SELECT COUNT(*) AS tp_count FROM `tp_shop_goods` WHERE ( cid=3 and status=1 ) LIMIT 1   [ RunTime:0.000000s ]
SQL: SELECT COUNT(*) AS tp_count FROM `tp_shop_goods` WHERE ( cid=5 and status=1 ) LIMIT 1   [ RunTime:0.000000s ]
INFO: [ view_parse ] --START--
SQL: SHOW COLUMNS FROM `tp_ads` [ RunTime:0.005000s ]
SQL: SHOW COLUMNS FROM `tp_ads_cate` [ RunTime:0.003001s ]
SQL: SELECT `id` FROM `tp_ads_cate` WHERE ( tag='ceshi' )  [ RunTime:0.000000s ]
SQL: SELECT * FROM `tp_ads` WHERE ( status=1 and cid=1 ) ORDER BY id desc LIMIT 0,1   [ RunTime:0.000000s ]
NOTIC: [8] Undefined offset: 1 D:\phpStudy\WWW\cpshop\Application\Common\Taglib\Mytag.class.php 第 44 行.
NOTIC: [8] Undefined offset: 1 D:\phpStudy\WWW\cpshop\Application\Common\Taglib\Mytag.class.php 第 44 行.
NOTIC: [8] Undefined offset: 1 D:\phpStudy\WWW\cpshop\Application\Common\Taglib\Mytag.class.php 第 44 行.
INFO: [ template_filter ] --START--
INFO: Run Behavior\ContentReplaceBehavior [ RunTime:0.000000s ]
INFO: [ template_filter ] --END-- [ RunTime:0.000000s ]
INFO: Run Behavior\ParseTemplateBehavior [ RunTime:0.025002s ]
INFO: [ view_parse ] --END-- [ RunTime:0.025002s ]
INFO: [ view_filter ] --START--
INFO: Run Behavior\WriteHtmlCacheBehavior [ RunTime:0.001000s ]
INFO: [ view_filter ] --END-- [ RunTime:0.001000s ]
INFO: [ app_end ] --START--
INFO: Run Behavior\ShowPageTraceBehavior [ RunTime:0.001000s ]
INFO: [ app_end ] --END-- [ RunTime:0.001000s ]

[ 2016-11-30T10:43:35+08:00 ] 127.0.0.1 /
INFO: [ app_init ] --START--
INFO: Run Behavior\BuildLiteBehavior [ RunTime:0.000000s ]
INFO: [ app_init ] --END-- [ RunTime:0.000000s ]
INFO: [ app_begin ] --START--
INFO: Run Behavior\ReadHtmlCacheBehavior [ RunTime:0.001000s ]
INFO: [ app_begin ] --END-- [ RunTime:0.001000s ]
SQL: SHOW COLUMNS FROM `tp_shop_cate` [ RunTime:0.005000s ]
SQL: SELECT * FROM `tp_shop_cate` WHERE ( pid=0 and status=1 )  [ RunTime:0.000000s ]
SQL: SELECT * FROM `tp_shop_cate` WHERE ( pid=1 and status=1 ) LIMIT 0,6   [ RunTime:0.001000s ]
SQL: SHOW COLUMNS FROM `tp_shop_goods` [ RunTime:0.004000s ]
SQL: SELECT COUNT(*) AS tp_count FROM `tp_shop_goods` WHERE ( cid=2 and status=1 ) LIMIT 1   [ RunTime:0.001000s ]
SQL: SELECT COUNT(*) AS tp_count FROM `tp_shop_goods` WHERE ( cid=3 and status=1 ) LIMIT 1   [ RunTime:0.000000s ]
SQL: SELECT COUNT(*) AS tp_count FROM `tp_shop_goods` WHERE ( cid=5 and status=1 ) LIMIT 1   [ RunTime:0.001000s ]
INFO: [ view_parse ] --START--
SQL: SHOW COLUMNS FROM `tp_ads` [ RunTime:0.004000s ]
SQL: SHOW COLUMNS FROM `tp_ads_cate` [ RunTime:0.003000s ]
SQL: SELECT `id` FROM `tp_ads_cate` WHERE ( tag='ceshi' )  [ RunTime:0.001000s ]
SQL: SELECT * FROM `tp_ads` WHERE ( status=1 and cid=1 ) ORDER BY id desc LIMIT 0,1   [ RunTime:0.000000s ]
NOTIC: [8] Undefined offset: 1 D:\phpStudy\WWW\cpshop\Application\Common\Taglib\Mytag.class.php 第 44 行.
NOTIC: [8] Undefined offset: 1 D:\phpStudy\WWW\cpshop\Application\Common\Taglib\Mytag.class.php 第 44 行.
NOTIC: [8] Undefined offset: 1 D:\phpStudy\WWW\cpshop\Application\Common\Taglib\Mytag.class.php 第 44 行.
INFO: [ template_filter ] --START--
INFO: Run Behavior\ContentReplaceBehavior [ RunTime:0.000000s ]
INFO: [ template_filter ] --END-- [ RunTime:0.000000s ]
INFO: Run Behavior\ParseTemplateBehavior [ RunTime:0.023001s ]
INFO: [ view_parse ] --END-- [ RunTime:0.023001s ]
INFO: [ view_filter ] --START--
INFO: Run Behavior\WriteHtmlCacheBehavior [ RunTime:0.000000s ]
INFO: [ view_filter ] --END-- [ RunTime:0.000000s ]
INFO: [ app_end ] --START--
INFO: Run Behavior\ShowPageTraceBehavior [ RunTime:0.001000s ]
INFO: [ app_end ] --END-- [ RunTime:0.001000s ]

[ 2016-11-30T11:19:53+08:00 ] 127.0.0.1 /
INFO: [ app_init ] --START--
INFO: Run Behavior\BuildLiteBehavior [ RunTime:0.001000s ]
INFO: [ app_init ] --END-- [ RunTime:0.001000s ]
INFO: [ app_begin ] --START--
INFO: Run Behavior\ReadHtmlCacheBehavior [ RunTime:0.001000s ]
INFO: [ app_begin ] --END-- [ RunTime:0.001000s ]
SQL: SHOW COLUMNS FROM `tp_shop_cate` [ RunTime:0.005000s ]
SQL: SELECT * FROM `tp_shop_cate` WHERE ( pid=0 and status=1 )  [ RunTime:0.001000s ]
SQL: SELECT * FROM `tp_shop_cate` WHERE ( pid=1 and status=1 ) LIMIT 0,6   [ RunTime:0.000000s ]
SQL: SHOW COLUMNS FROM `tp_shop_goods` [ RunTime:0.006000s ]
SQL: SELECT COUNT(*) AS tp_count FROM `tp_shop_goods` WHERE ( cid=2 and status=1 ) LIMIT 1   [ RunTime:0.000000s ]
SQL: SELECT COUNT(*) AS tp_count FROM `tp_shop_goods` WHERE ( cid=3 and status=1 ) LIMIT 1   [ RunTime:0.000000s ]
SQL: SELECT COUNT(*) AS tp_count FROM `tp_shop_goods` WHERE ( cid=5 and status=1 ) LIMIT 1   [ RunTime:0.000000s ]
INFO: [ view_parse ] --START--
SQL: SHOW COLUMNS FROM `tp_ads` [ RunTime:0.004001s ]
SQL: SHOW COLUMNS FROM `tp_ads_cate` [ RunTime:0.003000s ]
SQL: SELECT `id` FROM `tp_ads_cate` WHERE ( tag='ceshi' )  [ RunTime:0.001000s ]
SQL: SELECT * FROM `tp_ads` WHERE ( status=1 and cid=1 ) ORDER BY id desc LIMIT 0,1   [ RunTime:0.000000s ]
NOTIC: [8] Undefined offset: 1 D:\phpStudy\WWW\cpshop\Application\Common\Taglib\Mytag.class.php 第 44 行.
NOTIC: [8] Undefined offset: 1 D:\phpStudy\WWW\cpshop\Application\Common\Taglib\Mytag.class.php 第 44 行.
NOTIC: [8] Undefined offset: 1 D:\phpStudy\WWW\cpshop\Application\Common\Taglib\Mytag.class.php 第 44 行.
INFO: [ template_filter ] --START--
INFO: Run Behavior\ContentReplaceBehavior [ RunTime:0.000000s ]
INFO: [ template_filter ] --END-- [ RunTime:0.000000s ]
INFO: Run Behavior\ParseTemplateBehavior [ RunTime:0.023001s ]
INFO: [ view_parse ] --END-- [ RunTime:0.023001s ]
INFO: [ view_filter ] --START--
INFO: Run Behavior\WriteHtmlCacheBehavior [ RunTime:0.000000s ]
INFO: [ view_filter ] --END-- [ RunTime:0.000000s ]
INFO: [ app_end ] --START--
INFO: Run Behavior\ShowPageTraceBehavior [ RunTime:0.000000s ]
INFO: [ app_end ] --END-- [ RunTime:0.000000s ]

[ 2016-11-30T11:25:47+08:00 ] 127.0.0.1 /index.php/Admin/AdsManager/adsList.html?cid=1
INFO: [ app_init ] --START--
INFO: Run Behavior\BuildLiteBehavior [ RunTime:0.000000s ]
INFO: [ app_init ] --END-- [ RunTime:0.000000s ]
INFO: [ app_begin ] --START--
INFO: Run Behavior\ReadHtmlCacheBehavior [ RunTime:0.000000s ]
INFO: [ app_begin ] --END-- [ RunTime:0.000000s ]
INFO: [ view_parse ] --START--
INFO: [ template_filter ] --START--
INFO: Run Behavior\ContentReplaceBehavior [ RunTime:0.000000s ]
INFO: [ template_filter ] --END-- [ RunTime:0.000000s ]
INFO: Run Behavior\ParseTemplateBehavior [ RunTime:0.012001s ]
INFO: [ view_parse ] --END-- [ RunTime:0.012001s ]
INFO: [ view_filter ] --START--
INFO: Run Behavior\WriteHtmlCacheBehavior [ RunTime:0.000000s ]
INFO: [ view_filter ] --END-- [ RunTime:0.000000s ]

[ 2016-11-30T16:27:14+08:00 ] 127.0.0.1 /
INFO: [ app_init ] --START--
INFO: Run Behavior\BuildLiteBehavior [ RunTime:0.000000s ]
INFO: [ app_init ] --END-- [ RunTime:0.001000s ]
INFO: [ app_begin ] --START--
INFO: Run Behavior\ReadHtmlCacheBehavior [ RunTime:0.001000s ]
INFO: [ app_begin ] --END-- [ RunTime:0.001000s ]
SQL: SHOW COLUMNS FROM `tp_shop_cate` [ RunTime:0.004000s ]
SQL: SELECT * FROM `tp_shop_cate` WHERE ( pid=0 and status=1 )  [ RunTime:0.000000s ]
SQL: SELECT * FROM `tp_shop_cate` WHERE ( pid=1 and status=1 ) LIMIT 0,6   [ RunTime:0.001001s ]
SQL: SHOW COLUMNS FROM `tp_shop_goods` [ RunTime:0.003000s ]
SQL: SELECT COUNT(*) AS tp_count FROM `tp_shop_goods` WHERE ( cid=2 and status=1 ) LIMIT 1   [ RunTime:0.000000s ]
SQL: SELECT COUNT(*) AS tp_count FROM `tp_shop_goods` WHERE ( cid=3 and status=1 ) LIMIT 1   [ RunTime:0.000000s ]
SQL: SELECT COUNT(*) AS tp_count FROM `tp_shop_goods` WHERE ( cid=5 and status=1 ) LIMIT 1   [ RunTime:0.000000s ]
INFO: [ view_parse ] --START--
SQL: SHOW COLUMNS FROM `tp_ads` [ RunTime:0.004001s ]
SQL: SHOW COLUMNS FROM `tp_ads_cate` [ RunTime:0.004000s ]
SQL: SELECT `id` FROM `tp_ads_cate` WHERE ( tag='ceshi' )  [ RunTime:0.001000s ]
SQL: SELECT * FROM `tp_ads` WHERE ( status=1 and cid=1 ) ORDER BY id desc LIMIT 0,1   [ RunTime:0.000000s ]
NOTIC: [8] Undefined offset: 1 D:\phpStudy\WWW\cpshop\Application\Common\Taglib\Mytag.class.php 第 44 行.
NOTIC: [8] Undefined offset: 1 D:\phpStudy\WWW\cpshop\Application\Common\Taglib\Mytag.class.php 第 44 行.
NOTIC: [8] Undefined offset: 1 D:\phpStudy\WWW\cpshop\Application\Common\Taglib\Mytag.class.php 第 44 行.
INFO: [ template_filter ] --START--
INFO: Run Behavior\ContentReplaceBehavior [ RunTime:0.000000s ]
INFO: [ template_filter ] --END-- [ RunTime:0.000000s ]
INFO: Run Behavior\ParseTemplateBehavior [ RunTime:0.019001s ]
INFO: [ view_parse ] --END-- [ RunTime:0.019001s ]
INFO: [ view_filter ] --START--
INFO: Run Behavior\WriteHtmlCacheBehavior [ RunTime:0.000000s ]
INFO: [ view_filter ] --END-- [ RunTime:0.000000s ]
INFO: [ app_end ] --START--
INFO: Run Behavior\ShowPageTraceBehavior [ RunTime:0.001000s ]
INFO: [ app_end ] --END-- [ RunTime:0.001000s ]

[ 2016-11-30T16:27:16+08:00 ] 127.0.0.1 /
INFO: [ app_init ] --START--
INFO: Run Behavior\BuildLiteBehavior [ RunTime:0.000000s ]
INFO: [ app_init ] --END-- [ RunTime:0.001000s ]
INFO: [ app_begin ] --START--
INFO: Run Behavior\ReadHtmlCacheBehavior [ RunTime:0.000000s ]
INFO: [ app_begin ] --END-- [ RunTime:0.000000s ]
SQL: SHOW COLUMNS FROM `tp_shop_cate` [ RunTime:0.003000s ]
SQL: SELECT * FROM `tp_shop_cate` WHERE ( pid=0 and status=1 )  [ RunTime:0.000000s ]
SQL: SELECT * FROM `tp_shop_cate` WHERE ( pid=1 and status=1 ) LIMIT 0,6   [ RunTime:0.000000s ]
SQL: SHOW COLUMNS FROM `tp_shop_goods` [ RunTime:0.003000s ]
SQL: SELECT COUNT(*) AS tp_count FROM `tp_shop_goods` WHERE ( cid=2 and status=1 ) LIMIT 1   [ RunTime:0.000000s ]
SQL: SELECT COUNT(*) AS tp_count FROM `tp_shop_goods` WHERE ( cid=3 and status=1 ) LIMIT 1   [ RunTime:0.000000s ]
SQL: SELECT COUNT(*) AS tp_count FROM `tp_shop_goods` WHERE ( cid=5 and status=1 ) LIMIT 1   [ RunTime:0.000000s ]
INFO: [ view_parse ] --START--
SQL: SHOW COLUMNS FROM `tp_ads` [ RunTime:0.003000s ]
SQL: SHOW COLUMNS FROM `tp_ads_cate` [ RunTime:0.003000s ]
SQL: SELECT `id` FROM `tp_ads_cate` WHERE ( tag='ceshi' )  [ RunTime:0.001000s ]
SQL: SELECT * FROM `tp_ads` WHERE ( status=1 and cid=1 ) ORDER BY id desc LIMIT 0,1   [ RunTime:0.000000s ]
NOTIC: [8] Undefined offset: 1 D:\phpStudy\WWW\cpshop\Application\Common\Taglib\Mytag.class.php 第 44 行.
NOTIC: [8] Undefined offset: 1 D:\phpStudy\WWW\cpshop\Application\Common\Taglib\Mytag.class.php 第 44 行.
NOTIC: [8] Undefined offset: 1 D:\phpStudy\WWW\cpshop\Application\Common\Taglib\Mytag.class.php 第 44 行.
INFO: [ template_filter ] --START--
INFO: Run Behavior\ContentReplaceBehavior [ RunTime:0.000000s ]
INFO: [ template_filter ] --END-- [ RunTime:0.000000s ]
INFO: Run Behavior\ParseTemplateBehavior [ RunTime:0.018001s ]
INFO: [ view_parse ] --END-- [ RunTime:0.018001s ]
INFO: [ view_filter ] --START--
INFO: Run Behavior\WriteHtmlCacheBehavior [ RunTime:0.001000s ]
INFO: [ view_filter ] --END-- [ RunTime:0.001000s ]
INFO: [ app_end ] --START--
INFO: Run Behavior\ShowPageTraceBehavior [ RunTime:0.001000s ]
INFO: [ app_end ] --END-- [ RunTime:0.001000s ]

[ 2016-11-30T16:39:00+08:00 ] 127.0.0.1 /
INFO: [ app_init ] --START--
INFO: Run Behavior\BuildLiteBehavior [ RunTime:0.000000s ]
INFO: [ app_init ] --END-- [ RunTime:0.000000s ]
INFO: [ app_begin ] --START--
INFO: Run Behavior\ReadHtmlCacheBehavior [ RunTime:0.001000s ]
INFO: [ app_begin ] --END-- [ RunTime:0.001000s ]
SQL: SHOW COLUMNS FROM `tp_shop_cate` [ RunTime:0.005001s ]
SQL: SELECT * FROM `tp_shop_cate` WHERE ( pid=0 and status=1 )  [ RunTime:0.000000s ]
SQL: SELECT * FROM `tp_shop_cate` WHERE ( pid=1 and status=1 ) LIMIT 0,6   [ RunTime:0.001000s ]
SQL: SHOW COLUMNS FROM `tp_shop_goods` [ RunTime:0.004000s ]
SQL: SELECT COUNT(*) AS tp_count FROM `tp_shop_goods` WHERE ( cid=2 and status=1 ) LIMIT 1   [ RunTime:0.000000s ]
SQL: SELECT COUNT(*) AS tp_count FROM `tp_shop_goods` WHERE ( cid=3 and status=1 ) LIMIT 1   [ RunTime:0.000000s ]
SQL: SELECT COUNT(*) AS tp_count FROM `tp_shop_goods` WHERE ( cid=5 and status=1 ) LIMIT 1   [ RunTime:0.001000s ]
INFO: [ view_parse ] --START--
SQL: SHOW COLUMNS FROM `tp_ads` [ RunTime:0.004001s ]
SQL: SHOW COLUMNS FROM `tp_ads_cate` [ RunTime:0.004000s ]
SQL: SELECT `id` FROM `tp_ads_cate` WHERE ( tag='ceshi' )  [ RunTime:0.000000s ]
SQL: SELECT * FROM `tp_ads` WHERE ( status=1 and cid=1 ) ORDER BY id desc LIMIT 0,1   [ RunTime:0.001000s ]
NOTIC: [8] Undefined offset: 1 D:\phpStudy\WWW\cpshop\Application\Common\Taglib\Mytag.class.php 第 44 行.
NOTIC: [8] Undefined offset: 1 D:\phpStudy\WWW\cpshop\Application\Common\Taglib\Mytag.class.php 第 44 行.
NOTIC: [8] Undefined offset: 1 D:\phpStudy\WWW\cpshop\Application\Common\Taglib\Mytag.class.php 第 44 行.
INFO: [ template_filter ] --START--
INFO: Run Behavior\ContentReplaceBehavior [ RunTime:0.000000s ]
INFO: [ template_filter ] --END-- [ RunTime:0.000000s ]
INFO: Run Behavior\ParseTemplateBehavior [ RunTime:0.018001s ]
INFO: [ view_parse ] --END-- [ RunTime:0.018001s ]
INFO: [ view_filter ] --START--
INFO: Run Behavior\WriteHtmlCacheBehavior [ RunTime:0.001000s ]
INFO: [ view_filter ] --END-- [ RunTime:0.001000s ]
INFO: [ app_end ] --START--
INFO: Run Behavior\ShowPageTraceBehavior [ RunTime:0.001000s ]
INFO: [ app_end ] --END-- [ RunTime:0.001000s ]

[ 2016-11-30T16:39:33+08:00 ] 127.0.0.1 /
INFO: [ app_init ] --START--
INFO: Run Behavior\BuildLiteBehavior [ RunTime:0.000000s ]
INFO: [ app_init ] --END-- [ RunTime:0.001000s ]
INFO: [ app_begin ] --START--
INFO: Run Behavior\ReadHtmlCacheBehavior [ RunTime:0.001000s ]
INFO: [ app_begin ] --END-- [ RunTime:0.001000s ]
SQL: SHOW COLUMNS FROM `tp_shop_cate` [ RunTime:0.004001s ]
SQL: SELECT * FROM `tp_shop_cate` WHERE ( pid=0 and status=1 )  [ RunTime:0.000000s ]
SQL: SELECT * FROM `tp_shop_cate` WHERE ( pid=1 and status=1 ) LIMIT 0,6   [ RunTime:0.001000s ]
SQL: SHOW COLUMNS FROM `tp_shop_goods` [ RunTime:0.005000s ]
SQL: SELECT COUNT(*) AS tp_count FROM `tp_shop_goods` WHERE ( cid=2 and status=1 ) LIMIT 1   [ RunTime:0.001000s ]
SQL: SELECT COUNT(*) AS tp_count FROM `tp_shop_goods` WHERE ( cid=3 and status=1 ) LIMIT 1   [ RunTime:0.000000s ]
SQL: SELECT COUNT(*) AS tp_count FROM `tp_shop_goods` WHERE ( cid=5 and status=1 ) LIMIT 1   [ RunTime:0.000000s ]
INFO: [ view_parse ] --START--
SQL: SHOW COLUMNS FROM `tp_ads` [ RunTime:0.004000s ]
SQL: SHOW COLUMNS FROM `tp_ads_cate` [ RunTime:0.003000s ]
SQL: SELECT `id` FROM `tp_ads_cate` WHERE ( tag='ceshi' )  [ RunTime:0.001000s ]
SQL: SELECT * FROM `tp_ads` WHERE ( status=1 and cid=1 ) ORDER BY id desc LIMIT 0,1   [ RunTime:0.000000s ]
NOTIC: [8] Undefined offset: 1 D:\phpStudy\WWW\cpshop\Application\Common\Taglib\Mytag.class.php 第 44 行.
NOTIC: [8] Undefined offset: 1 D:\phpStudy\WWW\cpshop\Application\Common\Taglib\Mytag.class.php 第 44 行.
NOTIC: [8] Undefined offset: 1 D:\phpStudy\WWW\cpshop\Application\Common\Taglib\Mytag.class.php 第 44 行.
INFO: [ template_filter ] --START--
INFO: Run Behavior\ContentReplaceBehavior [ RunTime:0.000000s ]
INFO: [ template_filter ] --END-- [ RunTime:0.000000s ]
INFO: Run Behavior\ParseTemplateBehavior [ RunTime:0.018001s ]
INFO: [ view_parse ] --END-- [ RunTime:0.018001s ]
INFO: [ view_filter ] --START--
INFO: Run Behavior\WriteHtmlCacheBehavior [ RunTime:0.001000s ]
INFO: [ view_filter ] --END-- [ RunTime:0.001000s ]
INFO: [ app_end ] --START--
INFO: Run Behavior\ShowPageTraceBehavior [ RunTime:0.001000s ]
INFO: [ app_end ] --END-- [ RunTime:0.001000s ]

[ 2016-11-30T16:40:05+08:00 ] 127.0.0.1 /
INFO: [ app_init ] --START--
INFO: Run Behavior\BuildLiteBehavior [ RunTime:0.000000s ]
INFO: [ app_init ] --END-- [ RunTime:0.000000s ]
INFO: [ app_begin ] --START--
INFO: Run Behavior\ReadHtmlCacheBehavior [ RunTime:0.001000s ]
INFO: [ app_begin ] --END-- [ RunTime:0.001000s ]
SQL: SHOW COLUMNS FROM `tp_shop_cate` [ RunTime:0.004000s ]
SQL: SELECT * FROM `tp_shop_cate` WHERE ( pid=0 and status=1 )  [ RunTime:0.000000s ]
SQL: SELECT * FROM `tp_shop_cate` WHERE ( pid=1 and status=1 ) LIMIT 0,6   [ RunTime:0.001000s ]
SQL: SHOW COLUMNS FROM `tp_shop_goods` [ RunTime:0.005000s ]
SQL: SELECT COUNT(*) AS tp_count FROM `tp_shop_goods` WHERE ( cid=2 and status=1 ) LIMIT 1   [ RunTime:0.001000s ]
SQL: SELECT COUNT(*) AS tp_count FROM `tp_shop_goods` WHERE ( cid=3 and status=1 ) LIMIT 1   [ RunTime:0.000000s ]
SQL: SELECT COUNT(*) AS tp_count FROM `tp_shop_goods` WHERE ( cid=5 and status=1 ) LIMIT 1   [ RunTime:0.001001s ]
INFO: [ view_parse ] --START--
SQL: SHOW COLUMNS FROM `tp_ads` [ RunTime:0.004000s ]
SQL: SHOW COLUMNS FROM `tp_ads_cate` [ RunTime:0.003000s ]
SQL: SELECT `id` FROM `tp_ads_cate` WHERE ( tag='ceshi' )  [ RunTime:0.000000s ]
SQL: SELECT * FROM `tp_ads` WHERE ( status=1 and cid=1 ) ORDER BY id desc LIMIT 0,1   [ RunTime:0.000000s ]
NOTIC: [8] Undefined offset: 1 D:\phpStudy\WWW\cpshop\Application\Common\Taglib\Mytag.class.php 第 44 行.
NOTIC: [8] Undefined offset: 1 D:\phpStudy\WWW\cpshop\Application\Common\Taglib\Mytag.class.php 第 44 行.
NOTIC: [8] Undefined offset: 1 D:\phpStudy\WWW\cpshop\Application\Common\Taglib\Mytag.class.php 第 44 行.
INFO: [ template_filter ] --START--
INFO: Run Behavior\ContentReplaceBehavior [ RunTime:0.000000s ]
INFO: [ template_filter ] --END-- [ RunTime:0.000000s ]
INFO: Run Behavior\ParseTemplateBehavior [ RunTime:0.020001s ]
INFO: [ view_parse ] --END-- [ RunTime:0.020001s ]
INFO: [ view_filter ] --START--
INFO: Run Behavior\WriteHtmlCacheBehavior [ RunTime:0.000000s ]
INFO: [ view_filter ] --END-- [ RunTime:0.000000s ]
INFO: [ app_end ] --START--
INFO: Run Behavior\ShowPageTraceBehavior [ RunTime:0.000000s ]
INFO: [ app_end ] --END-- [ RunTime:0.000000s ]

[ 2016-11-30T16:44:55+08:00 ] 127.0.0.1 /
INFO: [ app_init ] --START--
INFO: Run Behavior\BuildLiteBehavior [ RunTime:0.000000s ]
INFO: [ app_init ] --END-- [ RunTime:0.000000s ]
INFO: [ app_begin ] --START--
INFO: Run Behavior\ReadHtmlCacheBehavior [ RunTime:0.001000s ]
INFO: [ app_begin ] --END-- [ RunTime:0.001000s ]
SQL: SHOW COLUMNS FROM `tp_shop_cate` [ RunTime:0.004000s ]
SQL: SELECT * FROM `tp_shop_cate` WHERE ( pid=0 and status=1 )  [ RunTime:0.000000s ]
SQL: SELECT * FROM `tp_shop_cate` WHERE ( pid=1 and status=1 ) LIMIT 0,6   [ RunTime:0.001000s ]
SQL: SHOW COLUMNS FROM `tp_shop_goods` [ RunTime:0.004000s ]
SQL: SELECT COUNT(*) AS tp_count FROM `tp_shop_goods` WHERE ( cid=2 and status=1 ) LIMIT 1   [ RunTime:0.000000s ]
SQL: SELECT COUNT(*) AS tp_count FROM `tp_shop_goods` WHERE ( cid=3 and status=1 ) LIMIT 1   [ RunTime:0.000000s ]
SQL: SELECT COUNT(*) AS tp_count FROM `tp_shop_goods` WHERE ( cid=5 and status=1 ) LIMIT 1   [ RunTime:0.001000s ]
INFO: [ view_parse ] --START--
SQL: SHOW COLUMNS FROM `tp_ads` [ RunTime:0.004000s ]
SQL: SHOW COLUMNS FROM `tp_ads_cate` [ RunTime:0.003001s ]
SQL: SELECT `id` FROM `tp_ads_cate` WHERE ( tag='ceshi' )  [ RunTime:0.001000s ]
SQL: SELECT * FROM `tp_ads` WHERE ( status=1 and cid=1 ) ORDER BY id desc LIMIT 0,1   [ RunTime:0.000000s ]
NOTIC: [8] Undefined offset: 1 D:\phpStudy\WWW\cpshop\Application\Common\Taglib\Mytag.class.php 第 44 行.
NOTIC: [8] Undefined offset: 1 D:\phpStudy\WWW\cpshop\Application\Common\Taglib\Mytag.class.php 第 44 行.
NOTIC: [8] Undefined offset: 1 D:\phpStudy\WWW\cpshop\Application\Common\Taglib\Mytag.class.php 第 44 行.
INFO: [ template_filter ] --START--
INFO: Run Behavior\ContentReplaceBehavior [ RunTime:0.000000s ]
INFO: [ template_filter ] --END-- [ RunTime:0.000000s ]
INFO: Run Behavior\ParseTemplateBehavior [ RunTime:0.022002s ]
INFO: [ view_parse ] --END-- [ RunTime:0.022002s ]
INFO: [ view_filter ] --START--
INFO: Run Behavior\WriteHtmlCacheBehavior [ RunTime:0.001000s ]
INFO: [ view_filter ] --END-- [ RunTime:0.001000s ]
INFO: [ app_end ] --START--
INFO: Run Behavior\ShowPageTraceBehavior [ RunTime:0.001000s ]
INFO: [ app_end ] --END-- [ RunTime:0.001000s ]

[ 2016-11-30T16:44:56+08:00 ] 127.0.0.1 /
INFO: [ app_init ] --START--
INFO: Run Behavior\BuildLiteBehavior [ RunTime:0.000000s ]
INFO: [ app_init ] --END-- [ RunTime:0.000000s ]
INFO: [ app_begin ] --START--
INFO: Run Behavior\ReadHtmlCacheBehavior [ RunTime:0.000000s ]
INFO: [ app_begin ] --END-- [ RunTime:0.001000s ]
SQL: SHOW COLUMNS FROM `tp_shop_cate` [ RunTime:0.006000s ]
SQL: SELECT * FROM `tp_shop_cate` WHERE ( pid=0 and status=1 )  [ RunTime:0.000000s ]
SQL: SELECT * FROM `tp_shop_cate` WHERE ( pid=1 and status=1 ) LIMIT 0,6   [ RunTime:0.000000s ]
SQL: SHOW COLUMNS FROM `tp_shop_goods` [ RunTime:0.005000s ]
SQL: SELECT COUNT(*) AS tp_count FROM `tp_shop_goods` WHERE ( cid=2 and status=1 ) LIMIT 1   [ RunTime:0.001001s ]
SQL: SELECT COUNT(*) AS tp_count FROM `tp_shop_goods` WHERE ( cid=3 and status=1 ) LIMIT 1   [ RunTime:0.000000s ]
SQL: SELECT COUNT(*) AS tp_count FROM `tp_shop_goods` WHERE ( cid=5 and status=1 ) LIMIT 1   [ RunTime:0.001000s ]
INFO: [ view_parse ] --START--
SQL: SHOW COLUMNS FROM `tp_ads` [ RunTime:0.005001s ]
SQL: SHOW COLUMNS FROM `tp_ads_cate` [ RunTime:0.004000s ]
SQL: SELECT `id` FROM `tp_ads_cate` WHERE ( tag='ceshi' )  [ RunTime:0.000000s ]
SQL: SELECT * FROM `tp_ads` WHERE ( status=1 and cid=1 ) ORDER BY id desc LIMIT 0,1   [ RunTime:0.000000s ]
NOTIC: [8] Undefined offset: 1 D:\phpStudy\WWW\cpshop\Application\Common\Taglib\Mytag.class.php 第 44 行.
NOTIC: [8] Undefined offset: 1 D:\phpStudy\WWW\cpshop\Application\Common\Taglib\Mytag.class.php 第 44 行.
NOTIC: [8] Undefined offset: 1 D:\phpStudy\WWW\cpshop\Application\Common\Taglib\Mytag.class.php 第 44 行.
INFO: [ template_filter ] --START--
INFO: Run Behavior\ContentReplaceBehavior [ RunTime:0.000000s ]
INFO: [ template_filter ] --END-- [ RunTime:0.000000s ]
INFO: Run Behavior\ParseTemplateBehavior [ RunTime:0.026001s ]
INFO: [ view_parse ] --END-- [ RunTime:0.026001s ]
INFO: [ view_filter ] --START--
INFO: Run Behavior\WriteHtmlCacheBehavior [ RunTime:0.000000s ]
INFO: [ view_filter ] --END-- [ RunTime:0.000000s ]
INFO: [ app_end ] --START--
INFO: Run Behavior\ShowPageTraceBehavior [ RunTime:0.001000s ]
INFO: [ app_end ] --END-- [ RunTime:0.001000s ]

[ 2016-11-30T16:45:31+08:00 ] 127.0.0.1 /
INFO: [ app_init ] --START--
INFO: Run Behavior\BuildLiteBehavior [ RunTime:0.000000s ]
INFO: [ app_init ] --END-- [ RunTime:0.000000s ]
INFO: [ app_begin ] --START--
INFO: Run Behavior\ReadHtmlCacheBehavior [ RunTime:0.000000s ]
INFO: [ app_begin ] --END-- [ RunTime:0.000000s ]
SQL: SHOW COLUMNS FROM `tp_shop_cate` [ RunTime:0.007000s ]
SQL: SELECT * FROM `tp_shop_cate` WHERE ( pid=0 and status=1 )  [ RunTime:0.001000s ]
SQL: SELECT * FROM `tp_shop_cate` WHERE ( pid=1 and status=1 ) LIMIT 0,6   [ RunTime:0.001000s ]
SQL: SHOW COLUMNS FROM `tp_shop_goods` [ RunTime:0.007001s ]
SQL: SELECT COUNT(*) AS tp_count FROM `tp_shop_goods` WHERE ( cid=2 and status=1 ) LIMIT 1   [ RunTime:0.000000s ]
SQL: SELECT COUNT(*) AS tp_count FROM `tp_shop_goods` WHERE ( cid=3 and status=1 ) LIMIT 1   [ RunTime:0.000000s ]
SQL: SELECT COUNT(*) AS tp_count FROM `tp_shop_goods` WHERE ( cid=5 and status=1 ) LIMIT 1   [ RunTime:0.001000s ]
INFO: [ view_parse ] --START--
SQL: SHOW COLUMNS FROM `tp_ads` [ RunTime:0.004000s ]
SQL: SHOW COLUMNS FROM `tp_ads_cate` [ RunTime:0.003000s ]
SQL: SELECT `id` FROM `tp_ads_cate` WHERE ( tag='ceshi' )  [ RunTime:0.001000s ]
SQL: SELECT * FROM `tp_ads` WHERE ( status=1 and cid=1 ) ORDER BY id desc LIMIT 0,1   [ RunTime:0.000000s ]
NOTIC: [8] Undefined offset: 1 D:\phpStudy\WWW\cpshop\Application\Common\Taglib\Mytag.class.php 第 44 行.
NOTIC: [8] Undefined offset: 1 D:\phpStudy\WWW\cpshop\Application\Common\Taglib\Mytag.class.php 第 44 行.
NOTIC: [8] Undefined offset: 1 D:\phpStudy\WWW\cpshop\Application\Common\Taglib\Mytag.class.php 第 44 行.
INFO: [ template_filter ] --START--
INFO: Run Behavior\ContentReplaceBehavior [ RunTime:0.000000s ]
INFO: [ template_filter ] --END-- [ RunTime:0.000000s ]
INFO: Run Behavior\ParseTemplateBehavior [ RunTime:0.021001s ]
INFO: [ view_parse ] --END-- [ RunTime:0.021001s ]
INFO: [ view_filter ] --START--
INFO: Run Behavior\WriteHtmlCacheBehavior [ RunTime:0.000000s ]
INFO: [ view_filter ] --END-- [ RunTime:0.000000s ]
INFO: [ app_end ] --START--
INFO: Run Behavior\ShowPageTraceBehavior [ RunTime:0.001000s ]
INFO: [ app_end ] --END-- [ RunTime:0.001000s ]

[ 2016-11-30T16:45:40+08:00 ] 127.0.0.1 /
INFO: [ app_init ] --START--
INFO: Run Behavior\BuildLiteBehavior [ RunTime:0.000000s ]
INFO: [ app_init ] --END-- [ RunTime:0.001000s ]
INFO: [ app_begin ] --START--
INFO: Run Behavior\ReadHtmlCacheBehavior [ RunTime:0.000000s ]
INFO: [ app_begin ] --END-- [ RunTime:0.000000s ]
SQL: SHOW COLUMNS FROM `tp_shop_cate` [ RunTime:0.003000s ]
SQL: SELECT * FROM `tp_shop_cate` WHERE ( pid=0 and status=1 )  [ RunTime:0.000000s ]
SQL: SELECT * FROM `tp_shop_cate` WHERE ( pid=1 and status=1 ) LIMIT 0,6   [ RunTime:0.000000s ]
SQL: SHOW COLUMNS FROM `tp_shop_goods` [ RunTime:0.004001s ]
SQL: SELECT COUNT(*) AS tp_count FROM `tp_shop_goods` WHERE ( cid=2 and status=1 ) LIMIT 1   [ RunTime:0.000000s ]
SQL: SELECT COUNT(*) AS tp_count FROM `tp_shop_goods` WHERE ( cid=3 and status=1 ) LIMIT 1   [ RunTime:0.000000s ]
SQL: SELECT COUNT(*) AS tp_count FROM `tp_shop_goods` WHERE ( cid=5 and status=1 ) LIMIT 1   [ RunTime:0.001000s ]
INFO: [ view_parse ] --START--
SQL: SHOW COLUMNS FROM `tp_ads` [ RunTime:0.004000s ]
SQL: SHOW COLUMNS FROM `tp_ads_cate` [ RunTime:0.003001s ]
SQL: SELECT `id` FROM `tp_ads_cate` WHERE ( tag='ceshi' )  [ RunTime:0.000000s ]
SQL: SELECT * FROM `tp_ads` WHERE ( status=1 and cid=1 ) ORDER BY id desc LIMIT 0,1   [ RunTime:0.000000s ]
NOTIC: [8] Undefined offset: 1 D:\phpStudy\WWW\cpshop\Application\Common\Taglib\Mytag.class.php 第 44 行.
NOTIC: [8] Undefined offset: 1 D:\phpStudy\WWW\cpshop\Application\Common\Taglib\Mytag.class.php 第 44 行.
NOTIC: [8] Undefined offset: 1 D:\phpStudy\WWW\cpshop\Application\Common\Taglib\Mytag.class.php 第 44 行.
INFO: [ template_filter ] --START--
INFO: Run Behavior\ContentReplaceBehavior [ RunTime:0.001000s ]
INFO: [ template_filter ] --END-- [ RunTime:0.001000s ]
INFO: Run Behavior\ParseTemplateBehavior [ RunTime:0.019001s ]
INFO: [ view_parse ] --END-- [ RunTime:0.019001s ]
INFO: [ view_filter ] --START--
INFO: Run Behavior\WriteHtmlCacheBehavior [ RunTime:0.000000s ]
INFO: [ view_filter ] --END-- [ RunTime:0.000000s ]
INFO: [ app_end ] --START--
INFO: Run Behavior\ShowPageTraceBehavior [ RunTime:0.000000s ]
INFO: [ app_end ] --END-- [ RunTime:0.000000s ]

[ 2016-11-30T16:46:06+08:00 ] 127.0.0.1 /
INFO: [ app_init ] --START--
INFO: Run Behavior\BuildLiteBehavior [ RunTime:0.000000s ]
INFO: [ app_init ] --END-- [ RunTime:0.000000s ]
INFO: [ app_begin ] --START--
INFO: Run Behavior\ReadHtmlCacheBehavior [ RunTime:0.001000s ]
INFO: [ app_begin ] --END-- [ RunTime:0.001000s ]
SQL: SHOW COLUMNS FROM `tp_shop_cate` [ RunTime:0.004001s ]
SQL: SELECT * FROM `tp_shop_cate` WHERE ( pid=0 and status=1 )  [ RunTime:0.000000s ]
SQL: SELECT * FROM `tp_shop_cate` WHERE ( pid=1 and status=1 ) LIMIT 0,6   [ RunTime:0.000000s ]
SQL: SHOW COLUMNS FROM `tp_shop_goods` [ RunTime:0.005000s ]
SQL: SELECT COUNT(*) AS tp_count FROM `tp_shop_goods` WHERE ( cid=2 and status=1 ) LIMIT 1   [ RunTime:0.000000s ]
SQL: SELECT COUNT(*) AS tp_count FROM `tp_shop_goods` WHERE ( cid=3 and status=1 ) LIMIT 1   [ RunTime:0.000000s ]
SQL: SELECT COUNT(*) AS tp_count FROM `tp_shop_goods` WHERE ( cid=5 and status=1 ) LIMIT 1   [ RunTime:0.000000s ]
INFO: [ view_parse ] --START--
SQL: SHOW COLUMNS FROM `tp_ads` [ RunTime:0.004000s ]
SQL: SHOW COLUMNS FROM `tp_ads_cate` [ RunTime:0.003000s ]
SQL: SELECT `id` FROM `tp_ads_cate` WHERE ( tag='ceshi' )  [ RunTime:0.000000s ]
SQL: SELECT * FROM `tp_ads` WHERE ( status=1 and cid=1 ) ORDER BY id desc LIMIT 0,1   [ RunTime:0.000000s ]
NOTIC: [8] Undefined offset: 1 D:\phpStudy\WWW\cpshop\Application\Common\Taglib\Mytag.class.php 第 44 行.
NOTIC: [8] Undefined offset: 1 D:\phpStudy\WWW\cpshop\Application\Common\Taglib\Mytag.class.php 第 44 行.
NOTIC: [8] Undefined offset: 1 D:\phpStudy\WWW\cpshop\Application\Common\Taglib\Mytag.class.php 第 44 行.
INFO: [ template_filter ] --START--
INFO: Run Behavior\ContentReplaceBehavior [ RunTime:0.000000s ]
INFO: [ template_filter ] --END-- [ RunTime:0.001000s ]
INFO: Run Behavior\ParseTemplateBehavior [ RunTime:0.022001s ]
INFO: [ view_parse ] --END-- [ RunTime:0.022001s ]
INFO: [ view_filter ] --START--
INFO: Run Behavior\WriteHtmlCacheBehavior [ RunTime:0.001000s ]
INFO: [ view_filter ] --END-- [ RunTime:0.001000s ]
INFO: [ app_end ] --START--
INFO: Run Behavior\ShowPageTraceBehavior [ RunTime:0.001000s ]
INFO: [ app_end ] --END-- [ RunTime:0.001000s ]

[ 2016-11-30T16:46:40+08:00 ] 127.0.0.1 /
INFO: [ app_init ] --START--
INFO: Run Behavior\BuildLiteBehavior [ RunTime:0.000000s ]
INFO: [ app_init ] --END-- [ RunTime:0.001000s ]
INFO: [ app_begin ] --START--
INFO: Run Behavior\ReadHtmlCacheBehavior [ RunTime:0.000000s ]
INFO: [ app_begin ] --END-- [ RunTime:0.000000s ]
SQL: SHOW COLUMNS FROM `tp_shop_cate` [ RunTime:0.005000s ]
SQL: SELECT * FROM `tp_shop_cate` WHERE ( pid=0 and status=1 )  [ RunTime:0.000000s ]
SQL: SELECT * FROM `tp_shop_cate` WHERE ( pid=1 and status=1 ) LIMIT 0,6   [ RunTime:0.000000s ]
SQL: SHOW COLUMNS FROM `tp_shop_goods` [ RunTime:0.004001s ]
SQL: SELECT COUNT(*) AS tp_count FROM `tp_shop_goods` WHERE ( cid=2 and status=1 ) LIMIT 1   [ RunTime:0.000000s ]
SQL: SELECT COUNT(*) AS tp_count FROM `tp_shop_goods` WHERE ( cid=3 and status=1 ) LIMIT 1   [ RunTime:0.000000s ]
SQL: SELECT COUNT(*) AS tp_count FROM `tp_shop_goods` WHERE ( cid=5 and status=1 ) LIMIT 1   [ RunTime:0.000000s ]
INFO: [ view_parse ] --START--
SQL: SHOW COLUMNS FROM `tp_ads` [ RunTime:0.005001s ]
SQL: SHOW COLUMNS FROM `tp_ads_cate` [ RunTime:0.005000s ]
SQL: SELECT `id` FROM `tp_ads_cate` WHERE ( tag='ceshi' )  [ RunTime:0.000000s ]
SQL: SELECT * FROM `tp_ads` WHERE ( status=1 and cid=1 ) ORDER BY id desc LIMIT 0,1   [ RunTime:0.001000s ]
NOTIC: [8] Undefined offset: 1 D:\phpStudy\WWW\cpshop\Application\Common\Taglib\Mytag.class.php 第 44 行.
NOTIC: [8] Undefined offset: 1 D:\phpStudy\WWW\cpshop\Application\Common\Taglib\Mytag.class.php 第 44 行.
NOTIC: [8] Undefined offset: 1 D:\phpStudy\WWW\cpshop\Application\Common\Taglib\Mytag.class.php 第 44 行.
INFO: [ template_filter ] --START--
INFO: Run Behavior\ContentReplaceBehavior [ RunTime:0.000000s ]
INFO: [ template_filter ] --END-- [ RunTime:0.000000s ]
INFO: Run Behavior\ParseTemplateBehavior [ RunTime:0.022001s ]
INFO: [ view_parse ] --END-- [ RunTime:0.022001s ]
INFO: [ view_filter ] --START--
INFO: Run Behavior\WriteHtmlCacheBehavior [ RunTime:0.001000s ]
INFO: [ view_filter ] --END-- [ RunTime:0.001000s ]
INFO: [ app_end ] --START--
INFO: Run Behavior\ShowPageTraceBehavior [ RunTime:0.001000s ]
INFO: [ app_end ] --END-- [ RunTime:0.001000s ]

[ 2016-11-30T16:47:12+08:00 ] 127.0.0.1 /
INFO: [ app_init ] --START--
INFO: Run Behavior\BuildLiteBehavior [ RunTime:0.000000s ]
INFO: [ app_init ] --END-- [ RunTime:0.001000s ]
INFO: [ app_begin ] --START--
INFO: Run Behavior\ReadHtmlCacheBehavior [ RunTime:0.001000s ]
INFO: [ app_begin ] --END-- [ RunTime:0.001000s ]
SQL: SHOW COLUMNS FROM `tp_shop_cate` [ RunTime:0.005001s ]
SQL: SELECT * FROM `tp_shop_cate` WHERE ( pid=0 and status=1 )  [ RunTime:0.001000s ]
SQL: SELECT * FROM `tp_shop_cate` WHERE ( pid=1 and status=1 ) LIMIT 0,6   [ RunTime:0.000000s ]
SQL: SHOW COLUMNS FROM `tp_shop_goods` [ RunTime:0.005000s ]
SQL: SELECT COUNT(*) AS tp_count FROM `tp_shop_goods` WHERE ( cid=2 and status=1 ) LIMIT 1   [ RunTime:0.000000s ]
SQL: SELECT COUNT(*) AS tp_count FROM `tp_shop_goods` WHERE ( cid=3 and status=1 ) LIMIT 1   [ RunTime:0.001000s ]
SQL: SELECT COUNT(*) AS tp_count FROM `tp_shop_goods` WHERE ( cid=5 and status=1 ) LIMIT 1   [ RunTime:0.000000s ]
INFO: [ view_parse ] --START--
SQL: SHOW COLUMNS FROM `tp_ads` [ RunTime:0.004000s ]
SQL: SHOW COLUMNS FROM `tp_ads_cate` [ RunTime:0.004000s ]
SQL: SELECT `id` FROM `tp_ads_cate` WHERE ( tag='ceshi' )  [ RunTime:0.000000s ]
SQL: SELECT * FROM `tp_ads` WHERE ( status=1 and cid=1 ) ORDER BY id desc LIMIT 0,1   [ RunTime:0.000000s ]
NOTIC: [8] Undefined offset: 1 D:\phpStudy\WWW\cpshop\Application\Common\Taglib\Mytag.class.php 第 44 行.
NOTIC: [8] Undefined offset: 1 D:\phpStudy\WWW\cpshop\Application\Common\Taglib\Mytag.class.php 第 44 行.
NOTIC: [8] Undefined offset: 1 D:\phpStudy\WWW\cpshop\Application\Common\Taglib\Mytag.class.php 第 44 行.
INFO: [ template_filter ] --START--
INFO: Run Behavior\ContentReplaceBehavior [ RunTime:0.000000s ]
INFO: [ template_filter ] --END-- [ RunTime:0.000000s ]
INFO: Run Behavior\ParseTemplateBehavior [ RunTime:0.022001s ]
INFO: [ view_parse ] --END-- [ RunTime:0.022001s ]
INFO: [ view_filter ] --START--
INFO: Run Behavior\WriteHtmlCacheBehavior [ RunTime:0.001000s ]
INFO: [ view_filter ] --END-- [ RunTime:0.001000s ]
INFO: [ app_end ] --START--
INFO: Run Behavior\ShowPageTraceBehavior [ RunTime:0.001001s ]
INFO: [ app_end ] --END-- [ RunTime:0.001001s ]

[ 2016-11-30T16:47:22+08:00 ] 127.0.0.1 /
INFO: [ app_init ] --START--
INFO: Run Behavior\BuildLiteBehavior [ RunTime:0.000000s ]
INFO: [ app_init ] --END-- [ RunTime:0.000000s ]
INFO: [ app_begin ] --START--
INFO: Run Behavior\ReadHtmlCacheBehavior [ RunTime:0.001000s ]
INFO: [ app_begin ] --END-- [ RunTime:0.001000s ]
SQL: SHOW COLUMNS FROM `tp_shop_cate` [ RunTime:0.006001s ]
SQL: SELECT * FROM `tp_shop_cate` WHERE ( pid=0 and status=1 )  [ RunTime:0.000000s ]
SQL: SELECT * FROM `tp_shop_cate` WHERE ( pid=1 and status=1 ) LIMIT 0,6   [ RunTime:0.001000s ]
SQL: SHOW COLUMNS FROM `tp_shop_goods` [ RunTime:0.006000s ]
SQL: SELECT COUNT(*) AS tp_count FROM `tp_shop_goods` WHERE ( cid=2 and status=1 ) LIMIT 1   [ RunTime:0.001000s ]
SQL: SELECT COUNT(*) AS tp_count FROM `tp_shop_goods` WHERE ( cid=3 and status=1 ) LIMIT 1   [ RunTime:0.000000s ]
SQL: SELECT COUNT(*) AS tp_count FROM `tp_shop_goods` WHERE ( cid=5 and status=1 ) LIMIT 1   [ RunTime:0.000000s ]
INFO: [ view_parse ] --START--
SQL: SHOW COLUMNS FROM `tp_ads` [ RunTime:0.004000s ]
SQL: SHOW COLUMNS FROM `tp_ads_cate` [ RunTime:0.004000s ]
SQL: SELECT `id` FROM `tp_ads_cate` WHERE ( tag='ceshi' )  [ RunTime:0.000000s ]
SQL: SELECT * FROM `tp_ads` WHERE ( status=1 and cid=1 ) ORDER BY id desc LIMIT 0,1   [ RunTime:0.000000s ]
NOTIC: [8] Undefined offset: 1 D:\phpStudy\WWW\cpshop\Application\Common\Taglib\Mytag.class.php 第 44 行.
NOTIC: [8] Undefined offset: 1 D:\phpStudy\WWW\cpshop\Application\Common\Taglib\Mytag.class.php 第 44 行.
NOTIC: [8] Undefined offset: 1 D:\phpStudy\WWW\cpshop\Application\Common\Taglib\Mytag.class.php 第 44 行.
INFO: [ template_filter ] --START--
INFO: Run Behavior\ContentReplaceBehavior [ RunTime:0.000000s ]
INFO: [ template_filter ] --END-- [ RunTime:0.000000s ]
INFO: Run Behavior\ParseTemplateBehavior [ RunTime:0.021001s ]
INFO: [ view_parse ] --END-- [ RunTime:0.021001s ]
INFO: [ view_filter ] --START--
INFO: Run Behavior\WriteHtmlCacheBehavior [ RunTime:0.001001s ]
INFO: [ view_filter ] --END-- [ RunTime:0.001001s ]
INFO: [ app_end ] --START--
INFO: Run Behavior\ShowPageTraceBehavior [ RunTime:0.001000s ]
INFO: [ app_end ] --END-- [ RunTime:0.001000s ]

[ 2016-11-30T16:48:23+08:00 ] 127.0.0.1 /index.php/Admin/AdsManager/adsList.html?cid=1
INFO: [ app_init ] --START--
INFO: Run Behavior\BuildLiteBehavior [ RunTime:0.000000s ]
INFO: [ app_init ] --END-- [ RunTime:0.000000s ]
INFO: [ app_begin ] --START--
INFO: Run Behavior\ReadHtmlCacheBehavior [ RunTime:0.001000s ]
INFO: [ app_begin ] --END-- [ RunTime:0.001000s ]
INFO: [ view_parse ] --START--
INFO: [ template_filter ] --START--
INFO: Run Behavior\ContentReplaceBehavior [ RunTime:0.000000s ]
INFO: [ template_filter ] --END-- [ RunTime:0.000000s ]
INFO: Run Behavior\ParseTemplateBehavior [ RunTime:0.007001s ]
INFO: [ view_parse ] --END-- [ RunTime:0.008001s ]
INFO: [ view_filter ] --START--
INFO: Run Behavior\WriteHtmlCacheBehavior [ RunTime:0.000000s ]
INFO: [ view_filter ] --END-- [ RunTime:0.000000s ]

[ 2016-11-30T16:48:27+08:00 ] 127.0.0.1 /index.php/Admin/Login/index.html
INFO: [ app_init ] --START--
INFO: Run Behavior\BuildLiteBehavior [ RunTime:0.000000s ]
INFO: [ app_init ] --END-- [ RunTime:0.000000s ]
INFO: [ app_begin ] --START--
INFO: Run Behavior\ReadHtmlCacheBehavior [ RunTime:0.000000s ]
INFO: [ app_begin ] --END-- [ RunTime:0.000000s ]
INFO: [ view_parse ] --START--
INFO: [ template_filter ] --START--
INFO: Run Behavior\ContentReplaceBehavior [ RunTime:0.000000s ]
INFO: [ template_filter ] --END-- [ RunTime:0.000000s ]
INFO: Run Behavior\ParseTemplateBehavior [ RunTime:0.179010s ]
INFO: [ view_parse ] --END-- [ RunTime:0.179010s ]
INFO: [ view_filter ] --START--
INFO: Run Behavior\WriteHtmlCacheBehavior [ RunTime:0.001000s ]
INFO: [ view_filter ] --END-- [ RunTime:0.001000s ]
INFO: [ app_end ] --START--
INFO: Run Behavior\ShowPageTraceBehavior [ RunTime:0.001000s ]
INFO: [ app_end ] --END-- [ RunTime:0.001000s ]

[ 2016-11-30T16:48:27+08:00 ] 127.0.0.1 /index.php/Admin/Login/verify.html
INFO: [ app_init ] --START--
INFO: Run Behavior\BuildLiteBehavior [ RunTime:0.000000s ]
INFO: [ app_init ] --END-- [ RunTime:0.000000s ]
INFO: [ app_begin ] --START--
INFO: Run Behavior\ReadHtmlCacheBehavior [ RunTime:0.000000s ]
INFO: [ app_begin ] --END-- [ RunTime:0.000000s ]
INFO: [ app_end ] --START--
INFO: Run Behavior\ShowPageTraceBehavior [ RunTime:0.002000s ]
INFO: [ app_end ] --END-- [ RunTime:0.002000s ]

[ 2016-11-30T17:24:16+08:00 ] 127.0.0.1 /index.php/Admin/Login/index.html
INFO: [ app_init ] --START--
INFO: Run Behavior\BuildLiteBehavior [ RunTime:0.000000s ]
INFO: [ app_init ] --END-- [ RunTime:0.000000s ]
INFO: [ app_begin ] --START--
INFO: Run Behavior\ReadHtmlCacheBehavior [ RunTime:0.000000s ]
INFO: [ app_begin ] --END-- [ RunTime:0.000000s ]
INFO: [ view_parse ] --START--
INFO: [ template_filter ] --START--
INFO: Run Behavior\ContentReplaceBehavior [ RunTime:0.000000s ]
INFO: [ template_filter ] --END-- [ RunTime:0.000000s ]
INFO: Run Behavior\ParseTemplateBehavior [ RunTime:0.008000s ]
INFO: [ view_parse ] --END-- [ RunTime:0.008000s ]
INFO: [ view_filter ] --START--
INFO: Run Behavior\WriteHtmlCacheBehavior [ RunTime:0.001001s ]
INFO: [ view_filter ] --END-- [ RunTime:0.001001s ]
INFO: [ app_end ] --START--
INFO: Run Behavior\ShowPageTraceBehavior [ RunTime:0.000000s ]
INFO: [ app_end ] --END-- [ RunTime:0.000000s ]

[ 2016-11-30T17:24:16+08:00 ] 127.0.0.1 /index.php/Admin/Login/verify.html
INFO: [ app_init ] --START--
INFO: Run Behavior\BuildLiteBehavior [ RunTime:0.000000s ]
INFO: [ app_init ] --END-- [ RunTime:0.000000s ]
INFO: [ app_begin ] --START--
INFO: Run Behavior\ReadHtmlCacheBehavior [ RunTime:0.000000s ]
INFO: [ app_begin ] --END-- [ RunTime:0.000000s ]
INFO: [ app_end ] --START--
INFO: Run Behavior\ShowPageTraceBehavior [ RunTime:0.000000s ]
INFO: [ app_end ] --END-- [ RunTime:0.001000s ]

