[ 2016-11-29T09:53:11+08:00 ] 127.0.0.1 /
INFO: [ app_init ] --START--
INFO: Run Behavior\BuildLiteBehavior [ RunTime:0.000000s ]
INFO: [ app_init ] --END-- [ RunTime:0.000000s ]
INFO: [ app_begin ] --START--
INFO: Run Behavior\ReadHtmlCacheBehavior [ RunTime:0.001000s ]
INFO: [ app_begin ] --END-- [ RunTime:0.001000s ]
SQL: SHOW COLUMNS FROM `tp_shop_cate` [ RunTime:0.003000s ]
SQL: SELECT * FROM `tp_shop_cate` WHERE ( pid=0 and status=1 )  [ RunTime:0.000000s ]
SQL: SELECT * FROM `tp_shop_cate` WHERE ( pid=1 and status=1 ) LIMIT 0,6   [ RunTime:0.000000s ]
SQL: SHOW COLUMNS FROM `tp_shop_goods` [ RunTime:0.004001s ]
SQL: SELECT COUNT(*) AS tp_count FROM `tp_shop_goods` WHERE ( cid=2 and status=1 ) LIMIT 1   [ RunTime:0.000000s ]
SQL: SELECT COUNT(*) AS tp_count FROM `tp_shop_goods` WHERE ( cid=3 and status=1 ) LIMIT 1   [ RunTime:0.000000s ]
SQL: SELECT COUNT(*) AS tp_count FROM `tp_shop_goods` WHERE ( cid=5 and status=1 ) LIMIT 1   [ RunTime:0.000000s ]
INFO: [ view_parse ] --START--
SQL: SHOW COLUMNS FROM `tp_ads` [ RunTime:0.004000s ]
SQL: SHOW COLUMNS FROM `tp_ads_cate` [ RunTime:0.003001s ]
SQL: SELECT `id` FROM `tp_ads_cate` WHERE ( tag='ceshi' )  [ RunTime:0.000000s ]
SQL: SELECT * FROM `tp_ads` WHERE ( status=1 and cid=1 ) ORDER BY id desc LIMIT 0,1   [ RunTime:0.000000s ]
NOTIC: [8] Undefined offset: 1 D:\phpStudy\WWW\cpshop\Application\Common\Taglib\Mytag.class.php 第 44 行.
NOTIC: [8] Undefined offset: 1 D:\phpStudy\WWW\cpshop\Application\Common\Taglib\Mytag.class.php 第 44 行.
NOTIC: [8] Undefined offset: 1 D:\phpStudy\WWW\cpshop\Application\Common\Taglib\Mytag.class.php 第 44 行.
INFO: [ template_filter ] --START--
INFO: Run Behavior\ContentReplaceBehavior [ RunTime:0.000000s ]
INFO: [ template_filter ] --END-- [ RunTime:0.001000s ]
INFO: Run Behavior\ParseTemplateBehavior [ RunTime:0.018001s ]
INFO: [ view_parse ] --END-- [ RunTime:0.018001s ]
INFO: [ view_filter ] --START--
INFO: Run Behavior\WriteHtmlCacheBehavior [ RunTime:0.000000s ]
INFO: [ view_filter ] --END-- [ RunTime:0.000000s ]
INFO: [ app_end ] --START--
INFO: Run Behavior\ShowPageTraceBehavior [ RunTime:0.000000s ]
INFO: [ app_end ] --END-- [ RunTime:0.000000s ]

[ 2016-11-29T09:53:17+08:00 ] 127.0.0.1 /
INFO: [ app_init ] --START--
INFO: Run Behavior\BuildLiteBehavior [ RunTime:0.000000s ]
INFO: [ app_init ] --END-- [ RunTime:0.000000s ]
INFO: [ app_begin ] --START--
INFO: Run Behavior\ReadHtmlCacheBehavior [ RunTime:0.001000s ]
INFO: [ app_begin ] --END-- [ RunTime:0.001000s ]
SQL: SHOW COLUMNS FROM `tp_shop_cate` [ RunTime:0.003000s ]
SQL: SELECT * FROM `tp_shop_cate` WHERE ( pid=0 and status=1 )  [ RunTime:0.000000s ]
SQL: SELECT * FROM `tp_shop_cate` WHERE ( pid=1 and status=1 ) LIMIT 0,6   [ RunTime:0.001000s ]
SQL: SHOW COLUMNS FROM `tp_shop_goods` [ RunTime:0.003001s ]
SQL: SELECT COUNT(*) AS tp_count FROM `tp_shop_goods` WHERE ( cid=2 and status=1 ) LIMIT 1   [ RunTime:0.000000s ]
SQL: SELECT COUNT(*) AS tp_count FROM `tp_shop_goods` WHERE ( cid=3 and status=1 ) LIMIT 1   [ RunTime:0.000000s ]
SQL: SELECT COUNT(*) AS tp_count FROM `tp_shop_goods` WHERE ( cid=5 and status=1 ) LIMIT 1   [ RunTime:0.000000s ]
INFO: [ view_parse ] --START--
SQL: SHOW COLUMNS FROM `tp_ads` [ RunTime:0.003001s ]
SQL: SHOW COLUMNS FROM `tp_ads_cate` [ RunTime:0.003000s ]
SQL: SELECT `id` FROM `tp_ads_cate` WHERE ( tag='ceshi' )  [ RunTime:0.000000s ]
SQL: SELECT * FROM `tp_ads` WHERE ( status=1 and cid=1 ) ORDER BY id desc LIMIT 0,1   [ RunTime:0.000000s ]
NOTIC: [8] Undefined offset: 1 D:\phpStudy\WWW\cpshop\Application\Common\Taglib\Mytag.class.php 第 44 行.
NOTIC: [8] Undefined offset: 1 D:\phpStudy\WWW\cpshop\Application\Common\Taglib\Mytag.class.php 第 44 行.
NOTIC: [8] Undefined offset: 1 D:\phpStudy\WWW\cpshop\Application\Common\Taglib\Mytag.class.php 第 44 行.
INFO: [ template_filter ] --START--
INFO: Run Behavior\ContentReplaceBehavior [ RunTime:0.000000s ]
INFO: [ template_filter ] --END-- [ RunTime:0.000000s ]
INFO: Run Behavior\ParseTemplateBehavior [ RunTime:0.019001s ]
INFO: [ view_parse ] --END-- [ RunTime:0.019001s ]
INFO: [ view_filter ] --START--
INFO: Run Behavior\WriteHtmlCacheBehavior [ RunTime:0.000000s ]
INFO: [ view_filter ] --END-- [ RunTime:0.000000s ]
INFO: [ app_end ] --START--
INFO: Run Behavior\ShowPageTraceBehavior [ RunTime:0.000000s ]
INFO: [ app_end ] --END-- [ RunTime:0.000000s ]

[ 2016-11-29T09:53:19+08:00 ] 127.0.0.1 /
INFO: [ app_init ] --START--
INFO: Run Behavior\BuildLiteBehavior [ RunTime:0.000000s ]
INFO: [ app_init ] --END-- [ RunTime:0.001000s ]
INFO: [ app_begin ] --START--
INFO: Run Behavior\ReadHtmlCacheBehavior [ RunTime:0.000000s ]
INFO: [ app_begin ] --END-- [ RunTime:0.001000s ]
SQL: SHOW COLUMNS FROM `tp_shop_cate` [ RunTime:0.002000s ]
SQL: SELECT * FROM `tp_shop_cate` WHERE ( pid=0 and status=1 )  [ RunTime:0.001000s ]
SQL: SELECT * FROM `tp_shop_cate` WHERE ( pid=1 and status=1 ) LIMIT 0,6   [ RunTime:0.000000s ]
SQL: SHOW COLUMNS FROM `tp_shop_goods` [ RunTime:0.003000s ]
SQL: SELECT COUNT(*) AS tp_count FROM `tp_shop_goods` WHERE ( cid=2 and status=1 ) LIMIT 1   [ RunTime:0.000000s ]
SQL: SELECT COUNT(*) AS tp_count FROM `tp_shop_goods` WHERE ( cid=3 and status=1 ) LIMIT 1   [ RunTime:0.000000s ]
SQL: SELECT COUNT(*) AS tp_count FROM `tp_shop_goods` WHERE ( cid=5 and status=1 ) LIMIT 1   [ RunTime:0.001000s ]
INFO: [ view_parse ] --START--
SQL: SHOW COLUMNS FROM `tp_ads` [ RunTime:0.003001s ]
SQL: SHOW COLUMNS FROM `tp_ads_cate` [ RunTime:0.003000s ]
SQL: SELECT `id` FROM `tp_ads_cate` WHERE ( tag='ceshi' )  [ RunTime:0.000000s ]
SQL: SELECT * FROM `tp_ads` WHERE ( status=1 and cid=1 ) ORDER BY id desc LIMIT 0,1   [ RunTime:0.000000s ]
NOTIC: [8] Undefined offset: 1 D:\phpStudy\WWW\cpshop\Application\Common\Taglib\Mytag.class.php 第 44 行.
NOTIC: [8] Undefined offset: 1 D:\phpStudy\WWW\cpshop\Application\Common\Taglib\Mytag.class.php 第 44 行.
NOTIC: [8] Undefined offset: 1 D:\phpStudy\WWW\cpshop\Application\Common\Taglib\Mytag.class.php 第 44 行.
INFO: [ template_filter ] --START--
INFO: Run Behavior\ContentReplaceBehavior [ RunTime:0.000000s ]
INFO: [ template_filter ] --END-- [ RunTime:0.000000s ]
INFO: Run Behavior\ParseTemplateBehavior [ RunTime:0.016001s ]
INFO: [ view_parse ] --END-- [ RunTime:0.016001s ]
INFO: [ view_filter ] --START--
INFO: Run Behavior\WriteHtmlCacheBehavior [ RunTime:0.000000s ]
INFO: [ view_filter ] --END-- [ RunTime:0.000000s ]
INFO: [ app_end ] --START--
INFO: Run Behavior\ShowPageTraceBehavior [ RunTime:0.001000s ]
INFO: [ app_end ] --END-- [ RunTime:0.001000s ]

[ 2016-11-29T09:57:01+08:00 ] 127.0.0.1 /
INFO: [ app_init ] --START--
INFO: Run Behavior\BuildLiteBehavior [ RunTime:0.000000s ]
INFO: [ app_init ] --END-- [ RunTime:0.001000s ]
INFO: [ app_begin ] --START--
INFO: Run Behavior\ReadHtmlCacheBehavior [ RunTime:0.001000s ]
INFO: [ app_begin ] --END-- [ RunTime:0.001000s ]
SQL: SHOW COLUMNS FROM `tp_shop_cate` [ RunTime:0.007000s ]
SQL: SELECT * FROM `tp_shop_cate` WHERE ( pid=0 and status=1 )  [ RunTime:0.001000s ]
SQL: SELECT * FROM `tp_shop_cate` WHERE ( pid=1 and status=1 ) LIMIT 0,6   [ RunTime:0.001001s ]
SQL: SHOW COLUMNS FROM `tp_shop_goods` [ RunTime:0.006000s ]
SQL: SELECT COUNT(*) AS tp_count FROM `tp_shop_goods` WHERE ( cid=2 and status=1 ) LIMIT 1   [ RunTime:0.001000s ]
SQL: SELECT COUNT(*) AS tp_count FROM `tp_shop_goods` WHERE ( cid=3 and status=1 ) LIMIT 1   [ RunTime:0.000000s ]
SQL: SELECT COUNT(*) AS tp_count FROM `tp_shop_goods` WHERE ( cid=5 and status=1 ) LIMIT 1   [ RunTime:0.000000s ]
INFO: [ view_parse ] --START--
SQL: SHOW COLUMNS FROM `tp_ads` [ RunTime:0.005000s ]
SQL: SHOW COLUMNS FROM `tp_ads_cate` [ RunTime:0.005001s ]
SQL: SELECT `id` FROM `tp_ads_cate` WHERE ( tag='ceshi' )  [ RunTime:0.000000s ]
SQL: SELECT * FROM `tp_ads` WHERE ( status=1 and cid=1 ) ORDER BY id desc LIMIT 0,1   [ RunTime:0.000000s ]
NOTIC: [8] Undefined offset: 1 D:\phpStudy\WWW\cpshop\Application\Common\Taglib\Mytag.class.php 第 44 行.
NOTIC: [8] Undefined offset: 1 D:\phpStudy\WWW\cpshop\Application\Common\Taglib\Mytag.class.php 第 44 行.
NOTIC: [8] Undefined offset: 1 D:\phpStudy\WWW\cpshop\Application\Common\Taglib\Mytag.class.php 第 44 行.
INFO: [ template_filter ] --START--
INFO: Run Behavior\ContentReplaceBehavior [ RunTime:0.001000s ]
INFO: [ template_filter ] --END-- [ RunTime:0.001000s ]
INFO: Run Behavior\ParseTemplateBehavior [ RunTime:0.030002s ]
INFO: [ view_parse ] --END-- [ RunTime:0.030002s ]
INFO: [ view_filter ] --START--
INFO: Run Behavior\WriteHtmlCacheBehavior [ RunTime:0.001000s ]
INFO: [ view_filter ] --END-- [ RunTime:0.001000s ]
INFO: [ app_end ] --START--
INFO: Run Behavior\ShowPageTraceBehavior [ RunTime:0.001000s ]
INFO: [ app_end ] --END-- [ RunTime:0.002000s ]

[ 2016-11-29T10:22:42+08:00 ] 127.0.0.1 /index.php/Admin/AdsManager/adsList.html?cid=1
INFO: [ app_init ] --START--
INFO: Run Behavior\BuildLiteBehavior [ RunTime:0.000000s ]
INFO: [ app_init ] --END-- [ RunTime:0.001000s ]
INFO: [ app_begin ] --START--
INFO: Run Behavior\ReadHtmlCacheBehavior [ RunTime:0.001000s ]
INFO: [ app_begin ] --END-- [ RunTime:0.001000s ]
INFO: [ view_parse ] --START--
INFO: [ template_filter ] --START--
INFO: Run Behavior\ContentReplaceBehavior [ RunTime:0.000000s ]
INFO: [ template_filter ] --END-- [ RunTime:0.000000s ]
INFO: Run Behavior\ParseTemplateBehavior [ RunTime:0.035002s ]
INFO: [ view_parse ] --END-- [ RunTime:0.035002s ]
INFO: [ view_filter ] --START--
INFO: Run Behavior\WriteHtmlCacheBehavior [ RunTime:0.001000s ]
INFO: [ view_filter ] --END-- [ RunTime:0.001000s ]

[ 2016-11-29T10:22:44+08:00 ] 127.0.0.1 /index.php/Admin/Login/index.html
INFO: [ app_init ] --START--
INFO: Run Behavior\BuildLiteBehavior [ RunTime:0.000000s ]
INFO: [ app_init ] --END-- [ RunTime:0.000000s ]
INFO: [ app_begin ] --START--
INFO: Run Behavior\ReadHtmlCacheBehavior [ RunTime:0.001000s ]
INFO: [ app_begin ] --END-- [ RunTime:0.001000s ]
INFO: [ view_parse ] --START--
INFO: [ template_filter ] --START--
INFO: Run Behavior\ContentReplaceBehavior [ RunTime:0.000000s ]
INFO: [ template_filter ] --END-- [ RunTime:0.000000s ]
INFO: Run Behavior\ParseTemplateBehavior [ RunTime:0.019002s ]
INFO: [ view_parse ] --END-- [ RunTime:0.019002s ]
INFO: [ view_filter ] --START--
INFO: Run Behavior\WriteHtmlCacheBehavior [ RunTime:0.001000s ]
INFO: [ view_filter ] --END-- [ RunTime:0.001000s ]
INFO: [ app_end ] --START--
INFO: Run Behavior\ShowPageTraceBehavior [ RunTime:0.000000s ]
INFO: [ app_end ] --END-- [ RunTime:0.000000s ]

[ 2016-11-29T10:22:44+08:00 ] 127.0.0.1 /index.php/Admin/Login/verify.html
INFO: [ app_init ] --START--
INFO: Run Behavior\BuildLiteBehavior [ RunTime:0.000000s ]
INFO: [ app_init ] --END-- [ RunTime:0.000000s ]
INFO: [ app_begin ] --START--
INFO: Run Behavior\ReadHtmlCacheBehavior [ RunTime:0.001000s ]
INFO: [ app_begin ] --END-- [ RunTime:0.001000s ]
INFO: [ app_end ] --START--
INFO: Run Behavior\ShowPageTraceBehavior [ RunTime:0.001000s ]
INFO: [ app_end ] --END-- [ RunTime:0.001000s ]

[ 2016-11-29T10:23:04+08:00 ] 127.0.0.1 /
INFO: [ app_init ] --START--
INFO: Run Behavior\BuildLiteBehavior [ RunTime:0.000000s ]
INFO: [ app_init ] --END-- [ RunTime:0.001000s ]
INFO: [ app_begin ] --START--
INFO: Run Behavior\ReadHtmlCacheBehavior [ RunTime:0.001000s ]
INFO: [ app_begin ] --END-- [ RunTime:0.001000s ]
SQL: SHOW COLUMNS FROM `tp_shop_cate` [ RunTime:0.004000s ]
SQL: SELECT * FROM `tp_shop_cate` WHERE ( pid=0 and status=1 )  [ RunTime:0.001001s ]
SQL: SELECT * FROM `tp_shop_cate` WHERE ( pid=1 and status=1 ) LIMIT 0,6   [ RunTime:0.000000s ]
SQL: SHOW COLUMNS FROM `tp_shop_goods` [ RunTime:0.005000s ]
SQL: SELECT COUNT(*) AS tp_count FROM `tp_shop_goods` WHERE ( cid=2 and status=1 ) LIMIT 1   [ RunTime:0.000000s ]
SQL: SELECT COUNT(*) AS tp_count FROM `tp_shop_goods` WHERE ( cid=3 and status=1 ) LIMIT 1   [ RunTime:0.001000s ]
SQL: SELECT COUNT(*) AS tp_count FROM `tp_shop_goods` WHERE ( cid=5 and status=1 ) LIMIT 1   [ RunTime:0.000000s ]
INFO: [ view_parse ] --START--
SQL: SHOW COLUMNS FROM `tp_ads` [ RunTime:0.004001s ]
SQL: SHOW COLUMNS FROM `tp_ads_cate` [ RunTime:0.003000s ]
SQL: SELECT `id` FROM `tp_ads_cate` WHERE ( tag='ceshi' )  [ RunTime:0.000000s ]
SQL: SELECT * FROM `tp_ads` WHERE ( status=1 and cid=1 ) ORDER BY id desc LIMIT 0,1   [ RunTime:0.000000s ]
NOTIC: [8] Undefined offset: 1 D:\phpStudy\WWW\cpshop\Application\Common\Taglib\Mytag.class.php 第 44 行.
NOTIC: [8] Undefined offset: 1 D:\phpStudy\WWW\cpshop\Application\Common\Taglib\Mytag.class.php 第 44 行.
NOTIC: [8] Undefined offset: 1 D:\phpStudy\WWW\cpshop\Application\Common\Taglib\Mytag.class.php 第 44 行.
INFO: [ template_filter ] --START--
INFO: Run Behavior\ContentReplaceBehavior [ RunTime:0.000000s ]
INFO: [ template_filter ] --END-- [ RunTime:0.000000s ]
INFO: Run Behavior\ParseTemplateBehavior [ RunTime:0.021001s ]
INFO: [ view_parse ] --END-- [ RunTime:0.021001s ]
INFO: [ view_filter ] --START--
INFO: Run Behavior\WriteHtmlCacheBehavior [ RunTime:0.000000s ]
INFO: [ view_filter ] --END-- [ RunTime:0.000000s ]
INFO: [ app_end ] --START--
INFO: Run Behavior\ShowPageTraceBehavior [ RunTime:0.000000s ]
INFO: [ app_end ] --END-- [ RunTime:0.000000s ]

[ 2016-11-29T10:23:22+08:00 ] 127.0.0.1 /
INFO: [ app_init ] --START--
INFO: Run Behavior\BuildLiteBehavior [ RunTime:0.000000s ]
INFO: [ app_init ] --END-- [ RunTime:0.000000s ]
INFO: [ app_begin ] --START--
INFO: Run Behavior\ReadHtmlCacheBehavior [ RunTime:0.001000s ]
INFO: [ app_begin ] --END-- [ RunTime:0.001000s ]
SQL: SHOW COLUMNS FROM `tp_shop_cate` [ RunTime:0.004000s ]
SQL: SELECT * FROM `tp_shop_cate` WHERE ( pid=0 and status=1 )  [ RunTime:0.000000s ]
SQL: SELECT * FROM `tp_shop_cate` WHERE ( pid=1 and status=1 ) LIMIT 0,6   [ RunTime:0.001000s ]
SQL: SHOW COLUMNS FROM `tp_shop_goods` [ RunTime:0.004000s ]
SQL: SELECT COUNT(*) AS tp_count FROM `tp_shop_goods` WHERE ( cid=2 and status=1 ) LIMIT 1   [ RunTime:0.000000s ]
SQL: SELECT COUNT(*) AS tp_count FROM `tp_shop_goods` WHERE ( cid=3 and status=1 ) LIMIT 1   [ RunTime:0.000000s ]
SQL: SELECT COUNT(*) AS tp_count FROM `tp_shop_goods` WHERE ( cid=5 and status=1 ) LIMIT 1   [ RunTime:0.001000s ]
INFO: [ view_parse ] --START--
SQL: SHOW COLUMNS FROM `tp_ads` [ RunTime:0.005000s ]
SQL: SHOW COLUMNS FROM `tp_ads_cate` [ RunTime:0.003001s ]
SQL: SELECT `id` FROM `tp_ads_cate` WHERE ( tag='ceshi' )  [ RunTime:0.000000s ]
SQL: SELECT * FROM `tp_ads` WHERE ( status=1 and cid=1 ) ORDER BY id desc LIMIT 0,1   [ RunTime:0.001000s ]
NOTIC: [8] Undefined offset: 1 D:\phpStudy\WWW\cpshop\Application\Common\Taglib\Mytag.class.php 第 44 行.
NOTIC: [8] Undefined offset: 1 D:\phpStudy\WWW\cpshop\Application\Common\Taglib\Mytag.class.php 第 44 行.
NOTIC: [8] Undefined offset: 1 D:\phpStudy\WWW\cpshop\Application\Common\Taglib\Mytag.class.php 第 44 行.
INFO: [ template_filter ] --START--
INFO: Run Behavior\ContentReplaceBehavior [ RunTime:0.000000s ]
INFO: [ template_filter ] --END-- [ RunTime:0.000000s ]
INFO: Run Behavior\ParseTemplateBehavior [ RunTime:0.024002s ]
INFO: [ view_parse ] --END-- [ RunTime:0.024002s ]
INFO: [ view_filter ] --START--
INFO: Run Behavior\WriteHtmlCacheBehavior [ RunTime:0.001000s ]
INFO: [ view_filter ] --END-- [ RunTime:0.001000s ]
INFO: [ app_end ] --START--
INFO: Run Behavior\ShowPageTraceBehavior [ RunTime:0.001000s ]
INFO: [ app_end ] --END-- [ RunTime:0.001000s ]

[ 2016-11-29T11:07:32+08:00 ] 127.0.0.1 /
INFO: [ app_init ] --START--
INFO: Run Behavior\BuildLiteBehavior [ RunTime:0.000000s ]
INFO: [ app_init ] --END-- [ RunTime:0.001000s ]
INFO: [ app_begin ] --START--
INFO: Run Behavior\ReadHtmlCacheBehavior [ RunTime:0.000000s ]
INFO: [ app_begin ] --END-- [ RunTime:0.000000s ]
SQL: SHOW COLUMNS FROM `tp_shop_cate` [ RunTime:0.003000s ]
SQL: SELECT * FROM `tp_shop_cate` WHERE ( pid=0 and status=1 )  [ RunTime:0.000000s ]
SQL: SELECT * FROM `tp_shop_cate` WHERE ( pid=1 and status=1 ) LIMIT 0,6   [ RunTime:0.000000s ]
SQL: SHOW COLUMNS FROM `tp_shop_goods` [ RunTime:0.003000s ]
SQL: SELECT COUNT(*) AS tp_count FROM `tp_shop_goods` WHERE ( cid=2 and status=1 ) LIMIT 1   [ RunTime:0.001000s ]
SQL: SELECT COUNT(*) AS tp_count FROM `tp_shop_goods` WHERE ( cid=3 and status=1 ) LIMIT 1   [ RunTime:0.000000s ]
SQL: SELECT COUNT(*) AS tp_count FROM `tp_shop_goods` WHERE ( cid=5 and status=1 ) LIMIT 1   [ RunTime:0.000000s ]
INFO: [ view_parse ] --START--
SQL: SHOW COLUMNS FROM `tp_ads` [ RunTime:0.004000s ]
SQL: SHOW COLUMNS FROM `tp_ads_cate` [ RunTime:0.003001s ]
SQL: SELECT `id` FROM `tp_ads_cate` WHERE ( tag='ceshi' )  [ RunTime:0.000000s ]
SQL: SELECT * FROM `tp_ads` WHERE ( status=1 and cid=1 ) ORDER BY id desc LIMIT 0,1   [ RunTime:0.001000s ]
NOTIC: [8] Undefined offset: 1 D:\phpStudy\WWW\cpshop\Application\Common\Taglib\Mytag.class.php 第 44 行.
NOTIC: [8] Undefined offset: 1 D:\phpStudy\WWW\cpshop\Application\Common\Taglib\Mytag.class.php 第 44 行.
NOTIC: [8] Undefined offset: 1 D:\phpStudy\WWW\cpshop\Application\Common\Taglib\Mytag.class.php 第 44 行.
INFO: [ template_filter ] --START--
INFO: Run Behavior\ContentReplaceBehavior [ RunTime:0.000000s ]
INFO: [ template_filter ] --END-- [ RunTime:0.000000s ]
INFO: Run Behavior\ParseTemplateBehavior [ RunTime:0.017001s ]
INFO: [ view_parse ] --END-- [ RunTime:0.017001s ]
INFO: [ view_filter ] --START--
INFO: Run Behavior\WriteHtmlCacheBehavior [ RunTime:0.001000s ]
INFO: [ view_filter ] --END-- [ RunTime:0.001000s ]
INFO: [ app_end ] --START--
INFO: Run Behavior\ShowPageTraceBehavior [ RunTime:0.001000s ]
INFO: [ app_end ] --END-- [ RunTime:0.001000s ]

