[ 2016-12-08T09:19:05+08:00 ] 127.0.0.1 /
INFO: [ app_init ] --START--
INFO: Run Behavior\BuildLiteBehavior [ RunTime:0.000000s ]
INFO: [ app_init ] --END-- [ RunTime:0.002000s ]
INFO: [ app_begin ] --START--
INFO: Run Behavior\ReadHtmlCacheBehavior [ RunTime:0.001000s ]
INFO: [ app_begin ] --END-- [ RunTime:0.001000s ]
SQL: SHOW COLUMNS FROM `tp_shop_cate` [ RunTime:0.040002s ]
SQL: SELECT * FROM `tp_shop_cate` WHERE ( pid=0 and status=1 )  [ RunTime:0.001000s ]
SQL: SELECT * FROM `tp_shop_cate` WHERE ( status=1 ) LIMIT 0,1   [ RunTime:0.001000s ]
SQL: SELECT * FROM `tp_shop_cate` WHERE ( pid=1 and status=1 ) LIMIT 0,6   [ RunTime:0.001000s ]
SQL: SHOW COLUMNS FROM `tp_shop_goods` [ RunTime:0.014001s ]
SQL: SELECT COUNT(*) AS tp_count FROM `tp_shop_goods` WHERE ( cid=2 and status=1 and xiajia=1 ) LIMIT 1   [ RunTime:0.001000s ]
SQL: SELECT COUNT(*) AS tp_count FROM `tp_shop_goods` WHERE ( cid=3 and status=1 and xiajia=1 ) LIMIT 1   [ RunTime:0.000000s ]
SQL: SELECT COUNT(*) AS tp_count FROM `tp_shop_goods` WHERE ( cid=5 and status=1 and xiajia=1 ) LIMIT 1   [ RunTime:0.000000s ]
INFO: [ view_parse ] --START--
SQL: SHOW COLUMNS FROM `tp_ads` [ RunTime:0.014001s ]
SQL: SHOW COLUMNS FROM `tp_ads_cate` [ RunTime:0.023002s ]
SQL: SELECT `id` FROM `tp_ads_cate` WHERE ( tag='ceshi' )  [ RunTime:0.000000s ]
SQL: SELECT * FROM `tp_ads` WHERE ( status=1 and cid=1 ) ORDER BY id desc LIMIT 0,1   [ RunTime:0.001000s ]
NOTIC: [8] Undefined offset: 1 D:\phpStudy\WWW\cpshop\Application\Common\Taglib\Mytag.class.php 第 51 行.
NOTIC: [8] Undefined offset: 1 D:\phpStudy\WWW\cpshop\Application\Common\Taglib\Mytag.class.php 第 51 行.
NOTIC: [8] Undefined offset: 1 D:\phpStudy\WWW\cpshop\Application\Common\Taglib\Mytag.class.php 第 51 行.
INFO: [ template_filter ] --START--
INFO: Run Behavior\ContentReplaceBehavior [ RunTime:0.000000s ]
INFO: [ template_filter ] --END-- [ RunTime:0.000000s ]
NOTIC: [8] Use of undefined constant id - assumed 'id' D:\phpStudy\WWW\cpshop\Application\Runtime\Cache\Home\d2e71fb15b354760a5129829a5b6e03f.php 第 62 行.
NOTIC: [8] Array to string conversion D:\phpStudy\WWW\cpshop\Application\Runtime\Cache\Home\d2e71fb15b354760a5129829a5b6e03f.php 第 62 行.
NOTIC: [8] Use of undefined constant id - assumed 'id' D:\phpStudy\WWW\cpshop\Application\Runtime\Cache\Home\d2e71fb15b354760a5129829a5b6e03f.php 第 107 行.
NOTIC: [8] Array to string conversion D:\phpStudy\WWW\cpshop\Application\Runtime\Cache\Home\d2e71fb15b354760a5129829a5b6e03f.php 第 107 行.
NOTIC: [8] Use of undefined constant id - assumed 'id' D:\phpStudy\WWW\cpshop\Application\Runtime\Cache\Home\d2e71fb15b354760a5129829a5b6e03f.php 第 112 行.
NOTIC: [8] Array to string conversion D:\phpStudy\WWW\cpshop\Application\Runtime\Cache\Home\d2e71fb15b354760a5129829a5b6e03f.php 第 112 行.
NOTIC: [8] Use of undefined constant id - assumed 'id' D:\phpStudy\WWW\cpshop\Application\Runtime\Cache\Home\d2e71fb15b354760a5129829a5b6e03f.php 第 118 行.
NOTIC: [8] Array to string conversion D:\phpStudy\WWW\cpshop\Application\Runtime\Cache\Home\d2e71fb15b354760a5129829a5b6e03f.php 第 118 行.
NOTIC: [8] Use of undefined constant id - assumed 'id' D:\phpStudy\WWW\cpshop\Application\Runtime\Cache\Home\d2e71fb15b354760a5129829a5b6e03f.php 第 112 行.
NOTIC: [8] Array to string conversion D:\phpStudy\WWW\cpshop\Application\Runtime\Cache\Home\d2e71fb15b354760a5129829a5b6e03f.php 第 112 行.
NOTIC: [8] Use of undefined constant id - assumed 'id' D:\phpStudy\WWW\cpshop\Application\Runtime\Cache\Home\d2e71fb15b354760a5129829a5b6e03f.php 第 118 行.
NOTIC: [8] Array to string conversion D:\phpStudy\WWW\cpshop\Application\Runtime\Cache\Home\d2e71fb15b354760a5129829a5b6e03f.php 第 118 行.
NOTIC: [8] Use of undefined constant id - assumed 'id' D:\phpStudy\WWW\cpshop\Application\Runtime\Cache\Home\d2e71fb15b354760a5129829a5b6e03f.php 第 112 行.
NOTIC: [8] Array to string conversion D:\phpStudy\WWW\cpshop\Application\Runtime\Cache\Home\d2e71fb15b354760a5129829a5b6e03f.php 第 112 行.
NOTIC: [8] Use of undefined constant id - assumed 'id' D:\phpStudy\WWW\cpshop\Application\Runtime\Cache\Home\d2e71fb15b354760a5129829a5b6e03f.php 第 118 行.
NOTIC: [8] Array to string conversion D:\phpStudy\WWW\cpshop\Application\Runtime\Cache\Home\d2e71fb15b354760a5129829a5b6e03f.php 第 118 行.
INFO: Run Behavior\ParseTemplateBehavior [ RunTime:0.109006s ]
INFO: [ view_parse ] --END-- [ RunTime:0.110006s ]
INFO: [ view_filter ] --START--
INFO: Run Behavior\WriteHtmlCacheBehavior [ RunTime:0.008001s ]
INFO: [ view_filter ] --END-- [ RunTime:0.008001s ]
INFO: [ app_end ] --START--
INFO: Run Behavior\ShowPageTraceBehavior [ RunTime:0.017001s ]
INFO: [ app_end ] --END-- [ RunTime:0.017001s ]

[ 2016-12-08T10:52:15+08:00 ] 127.0.0.1 /admin
INFO: [ app_init ] --START--
INFO: Run Behavior\BuildLiteBehavior [ RunTime:0.000000s ]
INFO: [ app_init ] --END-- [ RunTime:0.000000s ]
INFO: [ app_begin ] --START--
INFO: Run Behavior\ReadHtmlCacheBehavior [ RunTime:0.000000s ]
INFO: [ app_begin ] --END-- [ RunTime:0.000000s ]
INFO: [ view_parse ] --START--
INFO: [ template_filter ] --START--
INFO: Run Behavior\ContentReplaceBehavior [ RunTime:0.000000s ]
INFO: [ template_filter ] --END-- [ RunTime:0.000000s ]
INFO: Run Behavior\ParseTemplateBehavior [ RunTime:0.014001s ]
INFO: [ view_parse ] --END-- [ RunTime:0.014001s ]
INFO: [ view_filter ] --START--
INFO: Run Behavior\WriteHtmlCacheBehavior [ RunTime:0.000000s ]
INFO: [ view_filter ] --END-- [ RunTime:0.000000s ]

[ 2016-12-08T10:52:16+08:00 ] 127.0.0.1 /Admin/Login/index.html
INFO: [ app_init ] --START--
INFO: Run Behavior\BuildLiteBehavior [ RunTime:0.000000s ]
INFO: [ app_init ] --END-- [ RunTime:0.001000s ]
INFO: [ app_begin ] --START--
INFO: Run Behavior\ReadHtmlCacheBehavior [ RunTime:0.001000s ]
INFO: [ app_begin ] --END-- [ RunTime:0.001000s ]
INFO: [ view_parse ] --START--
INFO: [ template_filter ] --START--
INFO: Run Behavior\ContentReplaceBehavior [ RunTime:0.000000s ]
INFO: [ template_filter ] --END-- [ RunTime:0.000000s ]
INFO: Run Behavior\ParseTemplateBehavior [ RunTime:0.055003s ]
INFO: [ view_parse ] --END-- [ RunTime:0.055003s ]
INFO: [ view_filter ] --START--
INFO: Run Behavior\WriteHtmlCacheBehavior [ RunTime:0.001000s ]
INFO: [ view_filter ] --END-- [ RunTime:0.001000s ]
INFO: [ app_end ] --START--
INFO: Run Behavior\ShowPageTraceBehavior [ RunTime:0.001000s ]
INFO: [ app_end ] --END-- [ RunTime:0.001000s ]

[ 2016-12-08T10:52:17+08:00 ] 127.0.0.1 /Admin/Login/verify.html
INFO: [ app_init ] --START--
INFO: Run Behavior\BuildLiteBehavior [ RunTime:0.000000s ]
INFO: [ app_init ] --END-- [ RunTime:0.000000s ]
INFO: [ app_begin ] --START--
INFO: Run Behavior\ReadHtmlCacheBehavior [ RunTime:0.000000s ]
INFO: [ app_begin ] --END-- [ RunTime:0.000000s ]
INFO: [ app_end ] --START--
INFO: Run Behavior\ShowPageTraceBehavior [ RunTime:0.001000s ]
INFO: [ app_end ] --END-- [ RunTime:0.001000s ]

[ 2016-12-08T10:52:23+08:00 ] 127.0.0.1 /Admin/Login/loginHandler.html
INFO: [ app_init ] --START--
INFO: Run Behavior\BuildLiteBehavior [ RunTime:0.000000s ]
INFO: [ app_init ] --END-- [ RunTime:0.001000s ]
INFO: [ app_begin ] --START--
INFO: Run Behavior\ReadHtmlCacheBehavior [ RunTime:0.000000s ]
INFO: [ app_begin ] --END-- [ RunTime:0.000000s ]
NOTIC: [8] Use of undefined constant AUTO_KEY - assumed 'AUTO_KEY' D:\phpStudy\WWW\cpshop\Application\Admin\Controller\LoginController.class.php 第 11 行.
SQL: SHOW COLUMNS FROM `tp_admin` [ RunTime:0.005001s ]
SQL: SELECT * FROM `tp_admin` WHERE ( username='admin' )  [ RunTime:0.001000s ]
SQL: UPDATE `tp_admin` SET `username`='admin',`password`='21232f297a57a5a743894a0e4a801fc3',`actiontime`=1481165542,`sessionid`='vd6ur7s2e0pohjkuo2et262up7' WHERE ( id= '1'  ) [ RunTime:0.001000s ]

[ 2016-12-08T10:52:24+08:00 ] 127.0.0.1 /Admin/Admin/index.html
INFO: [ app_init ] --START--
INFO: Run Behavior\BuildLiteBehavior [ RunTime:0.000000s ]
INFO: [ app_init ] --END-- [ RunTime:0.000000s ]
INFO: [ app_begin ] --START--
INFO: Run Behavior\ReadHtmlCacheBehavior [ RunTime:0.000000s ]
INFO: [ app_begin ] --END-- [ RunTime:0.000000s ]
SQL: SHOW COLUMNS FROM `tp_admin` [ RunTime:0.006001s ]
SQL: SELECT `sessionid` FROM `tp_admin` WHERE ( `username` = 'admin' ) LIMIT 1   [ RunTime:0.001000s ]
SQL: SHOW COLUMNS FROM `tp_order` [ RunTime:0.005000s ]
ERR: 1146:Table 'cpshop.tp_order' doesn't exist
 [ SQL语句 ] : SHOW COLUMNS FROM `tp_order`
SQL: SELECT COUNT(*) AS tp_count FROM `tp_order` WHERE ( createtime between '1481126400' and '1481212799' and status=1 and orderstatus>1 ) LIMIT 1   [ RunTime:0.001000s ]
ERR: 1146:Table 'cpshop.tp_order' doesn't exist
 [ SQL语句 ] : SELECT COUNT(*) AS tp_count FROM `tp_order` WHERE ( createtime between '1481126400' and '1481212799' and status=1 and orderstatus>1 ) LIMIT 1  
SQL: SELECT COUNT(*) AS tp_count FROM `tp_order` WHERE ( status = 1  and orderstatus>1 ) LIMIT 1   [ RunTime:0.000000s ]
ERR: 1146:Table 'cpshop.tp_order' doesn't exist
 [ SQL语句 ] : SELECT COUNT(*) AS tp_count FROM `tp_order` WHERE ( status = 1  and orderstatus>1 ) LIMIT 1  
SQL: SELECT COUNT(*) AS tp_count FROM `tp_order` WHERE ( status = 1 and orderstatus >2 ) LIMIT 1   [ RunTime:0.001000s ]
ERR: 1146:Table 'cpshop.tp_order' doesn't exist
 [ SQL语句 ] : SELECT COUNT(*) AS tp_count FROM `tp_order` WHERE ( status = 1 and orderstatus >2 ) LIMIT 1  
SQL: SELECT COUNT(*) AS tp_count FROM `tp_order` WHERE ( status = 1  and orderstatus = 2 ) LIMIT 1   [ RunTime:0.000000s ]
ERR: 1146:Table 'cpshop.tp_order' doesn't exist
 [ SQL语句 ] : SELECT COUNT(*) AS tp_count FROM `tp_order` WHERE ( status = 1  and orderstatus = 2 ) LIMIT 1  
INFO: [ view_parse ] --START--
INFO: [ template_filter ] --START--
INFO: Run Behavior\ContentReplaceBehavior [ RunTime:0.000000s ]
INFO: [ template_filter ] --END-- [ RunTime:0.000000s ]
NOTIC: [8] Undefined variable: hello D:\phpStudy\WWW\cpshop\Application\Runtime\Cache\Admin\bbfe1a02f59437d03cf6344558745e95.php 第 213 行.
INFO: Run Behavior\ParseTemplateBehavior [ RunTime:0.028001s ]
INFO: [ view_parse ] --END-- [ RunTime:0.028001s ]
INFO: [ view_filter ] --START--
INFO: Run Behavior\WriteHtmlCacheBehavior [ RunTime:0.001000s ]
INFO: [ view_filter ] --END-- [ RunTime:0.001000s ]
INFO: [ app_end ] --START--
INFO: Run Behavior\ShowPageTraceBehavior [ RunTime:0.001000s ]
INFO: [ app_end ] --END-- [ RunTime:0.001000s ]

[ 2016-12-08T10:52:29+08:00 ] 127.0.0.1 /Admin/ShopCard/cardList.html
INFO: [ app_init ] --START--
INFO: Run Behavior\BuildLiteBehavior [ RunTime:0.000000s ]
INFO: [ app_init ] --END-- [ RunTime:0.000000s ]
INFO: [ app_begin ] --START--
INFO: Run Behavior\ReadHtmlCacheBehavior [ RunTime:0.001000s ]
INFO: [ app_begin ] --END-- [ RunTime:0.001000s ]
SQL: SHOW COLUMNS FROM `tp_admin` [ RunTime:0.002000s ]
SQL: SELECT `sessionid` FROM `tp_admin` WHERE ( `username` = 'admin' ) LIMIT 1   [ RunTime:0.000000s ]
SQL: SHOW COLUMNS FROM `tp_shop_card` [ RunTime:0.003000s ]
SQL: SELECT * FROM `tp_shop_card` WHERE ( status=1 )  [ RunTime:0.000000s ]
INFO: [ view_parse ] --START--
INFO: [ template_filter ] --START--
INFO: Run Behavior\ContentReplaceBehavior [ RunTime:0.000000s ]
INFO: [ template_filter ] --END-- [ RunTime:0.000000s ]
NOTIC: [8] Undefined variable: attr D:\phpStudy\WWW\cpshop\Application\Runtime\Cache\Admin\62eab1464324f28feb0bf9919092c79c.php 第 240 行.
NOTIC: [8] Undefined variable: cateList D:\phpStudy\WWW\cpshop\Application\Runtime\Cache\Admin\62eab1464324f28feb0bf9919092c79c.php 第 258 行.
NOTIC: [8] Undefined variable: keyword D:\phpStudy\WWW\cpshop\Application\Runtime\Cache\Admin\62eab1464324f28feb0bf9919092c79c.php 第 260 行.
NOTIC: [8] Undefined variable: page D:\phpStudy\WWW\cpshop\Application\Runtime\Cache\Admin\62eab1464324f28feb0bf9919092c79c.php 第 299 行.
INFO: Run Behavior\ParseTemplateBehavior [ RunTime:0.041003s ]
INFO: [ view_parse ] --END-- [ RunTime:0.041003s ]
INFO: [ view_filter ] --START--
INFO: Run Behavior\WriteHtmlCacheBehavior [ RunTime:0.001000s ]
INFO: [ view_filter ] --END-- [ RunTime:0.001000s ]
INFO: [ app_end ] --START--
INFO: Run Behavior\ShowPageTraceBehavior [ RunTime:0.001000s ]
INFO: [ app_end ] --END-- [ RunTime:0.001000s ]

[ 2016-12-08T10:52:31+08:00 ] 127.0.0.1 /Admin/ShopCard/addCard.html
INFO: [ app_init ] --START--
INFO: Run Behavior\BuildLiteBehavior [ RunTime:0.000000s ]
INFO: [ app_init ] --END-- [ RunTime:0.001000s ]
INFO: [ app_begin ] --START--
INFO: Run Behavior\ReadHtmlCacheBehavior [ RunTime:0.001000s ]
INFO: [ app_begin ] --END-- [ RunTime:0.001000s ]
SQL: SHOW COLUMNS FROM `tp_admin` [ RunTime:0.004001s ]
SQL: SELECT `sessionid` FROM `tp_admin` WHERE ( `username` = 'admin' ) LIMIT 1   [ RunTime:0.001000s ]
INFO: [ view_parse ] --START--
INFO: [ template_filter ] --START--
INFO: Run Behavior\ContentReplaceBehavior [ RunTime:0.000000s ]
INFO: [ template_filter ] --END-- [ RunTime:0.000000s ]
NOTIC: [8] Undefined variable: id D:\phpStudy\WWW\cpshop\Application\Runtime\Cache\Admin\e5f817885965198974f0715fc48006e5.php 第 231 行.
INFO: Run Behavior\ParseTemplateBehavior [ RunTime:0.034002s ]
INFO: [ view_parse ] --END-- [ RunTime:0.034002s ]
INFO: [ view_filter ] --START--
INFO: Run Behavior\WriteHtmlCacheBehavior [ RunTime:0.000000s ]
INFO: [ view_filter ] --END-- [ RunTime:0.000000s ]
INFO: [ app_end ] --START--
INFO: Run Behavior\ShowPageTraceBehavior [ RunTime:0.001000s ]
INFO: [ app_end ] --END-- [ RunTime:0.001000s ]

[ 2016-12-08T10:52:32+08:00 ] 127.0.0.1 /Admin/ShopCard/cardList.html
INFO: [ app_init ] --START--
INFO: Run Behavior\BuildLiteBehavior [ RunTime:0.000000s ]
INFO: [ app_init ] --END-- [ RunTime:0.000000s ]
INFO: [ app_begin ] --START--
INFO: Run Behavior\ReadHtmlCacheBehavior [ RunTime:0.001000s ]
INFO: [ app_begin ] --END-- [ RunTime:0.001000s ]
SQL: SHOW COLUMNS FROM `tp_admin` [ RunTime:0.005000s ]
SQL: SELECT `sessionid` FROM `tp_admin` WHERE ( `username` = 'admin' ) LIMIT 1   [ RunTime:0.001000s ]
SQL: SHOW COLUMNS FROM `tp_shop_card` [ RunTime:0.006000s ]
SQL: SELECT * FROM `tp_shop_card` WHERE ( status=1 )  [ RunTime:0.000000s ]
INFO: [ view_parse ] --START--
INFO: [ template_filter ] --START--
INFO: Run Behavior\ContentReplaceBehavior [ RunTime:0.000000s ]
INFO: [ template_filter ] --END-- [ RunTime:0.000000s ]
NOTIC: [8] Undefined variable: attr D:\phpStudy\WWW\cpshop\Application\Runtime\Cache\Admin\62eab1464324f28feb0bf9919092c79c.php 第 240 行.
NOTIC: [8] Undefined variable: cateList D:\phpStudy\WWW\cpshop\Application\Runtime\Cache\Admin\62eab1464324f28feb0bf9919092c79c.php 第 258 行.
NOTIC: [8] Undefined variable: keyword D:\phpStudy\WWW\cpshop\Application\Runtime\Cache\Admin\62eab1464324f28feb0bf9919092c79c.php 第 260 行.
NOTIC: [8] Undefined variable: page D:\phpStudy\WWW\cpshop\Application\Runtime\Cache\Admin\62eab1464324f28feb0bf9919092c79c.php 第 299 行.
INFO: Run Behavior\ParseTemplateBehavior [ RunTime:0.021001s ]
INFO: [ view_parse ] --END-- [ RunTime:0.021001s ]
INFO: [ view_filter ] --START--
INFO: Run Behavior\WriteHtmlCacheBehavior [ RunTime:0.000000s ]
INFO: [ view_filter ] --END-- [ RunTime:0.000000s ]
INFO: [ app_end ] --START--
INFO: Run Behavior\ShowPageTraceBehavior [ RunTime:0.001000s ]
INFO: [ app_end ] --END-- [ RunTime:0.001000s ]

[ 2016-12-08T10:52:50+08:00 ] 127.0.0.1 /Admin/Article/artCateList.html
INFO: [ app_init ] --START--
INFO: Run Behavior\BuildLiteBehavior [ RunTime:0.000000s ]
INFO: [ app_init ] --END-- [ RunTime:0.000000s ]
INFO: [ app_begin ] --START--
INFO: Run Behavior\ReadHtmlCacheBehavior [ RunTime:0.001000s ]
INFO: [ app_begin ] --END-- [ RunTime:0.001000s ]
SQL: SHOW COLUMNS FROM `tp_article` [ RunTime:0.004000s ]
SQL: SHOW COLUMNS FROM `tp_article_cate` [ RunTime:0.004001s ]
SQL: SELECT * FROM `tp_article_cate` WHERE ( status=1 )  [ RunTime:0.001000s ]
SQL: SELECT * FROM `tp_article_cate` WHERE ( status=1 )  [ RunTime:0.000000s ]
INFO: [ view_parse ] --START--
INFO: [ template_filter ] --START--
INFO: Run Behavior\ContentReplaceBehavior [ RunTime:0.000000s ]
INFO: [ template_filter ] --END-- [ RunTime:0.000000s ]
NOTIC: [8] Undefined variable: page D:\phpStudy\WWW\cpshop\Application\Runtime\Cache\Admin\5f131e07b5db5c5de2e5090600f7bd56.php 第 265 行.
INFO: Run Behavior\ParseTemplateBehavior [ RunTime:0.039002s ]
INFO: [ view_parse ] --END-- [ RunTime:0.039002s ]
INFO: [ view_filter ] --START--
INFO: Run Behavior\WriteHtmlCacheBehavior [ RunTime:0.000000s ]
INFO: [ view_filter ] --END-- [ RunTime:0.000000s ]
INFO: [ app_end ] --START--
INFO: Run Behavior\ShowPageTraceBehavior [ RunTime:0.001000s ]
INFO: [ app_end ] --END-- [ RunTime:0.001000s ]

[ 2016-12-08T10:52:51+08:00 ] 127.0.0.1 /Admin/Article/artList.html
INFO: [ app_init ] --START--
INFO: Run Behavior\BuildLiteBehavior [ RunTime:0.000000s ]
INFO: [ app_init ] --END-- [ RunTime:0.001000s ]
INFO: [ app_begin ] --START--
INFO: Run Behavior\ReadHtmlCacheBehavior [ RunTime:0.001000s ]
INFO: [ app_begin ] --END-- [ RunTime:0.001000s ]
SQL: SHOW COLUMNS FROM `tp_article` [ RunTime:0.006000s ]
SQL: SHOW COLUMNS FROM `tp_article_cate` [ RunTime:0.006000s ]
SQL: SELECT * FROM `tp_article_cate` WHERE ( status=1 )  [ RunTime:0.001000s ]
SQL: SHOW COLUMNS FROM `tp_article` [ RunTime:0.006001s ]
SQL: SELECT COUNT(*) AS tp_count FROM `tp_article` WHERE ( status=1 ) LIMIT 1   [ RunTime:0.028001s ]
SQL: SHOW COLUMNS FROM `tp_article` [ RunTime:0.005000s ]
SQL: SELECT ar.id,ar.title,ar.profile,ar.ctime,ac.name FROM tp_article as ar,tp_article_cate as ac WHERE ( ar.status=1 and ar.cid=ac.id ) LIMIT 0,20   [ RunTime:0.000000s ]
INFO: [ view_parse ] --START--
INFO: [ template_filter ] --START--
INFO: Run Behavior\ContentReplaceBehavior [ RunTime:0.000000s ]
INFO: [ template_filter ] --END-- [ RunTime:0.001000s ]
NOTIC: [8] Undefined variable: attr D:\phpStudy\WWW\cpshop\Application\Runtime\Cache\Admin\9e1702c32b59c61a8c04b6ebf8d25aca.php 第 240 行.
NOTIC: [8] Undefined variable: keyword D:\phpStudy\WWW\cpshop\Application\Runtime\Cache\Admin\9e1702c32b59c61a8c04b6ebf8d25aca.php 第 260 行.
INFO: Run Behavior\ParseTemplateBehavior [ RunTime:0.215012s ]
INFO: [ view_parse ] --END-- [ RunTime:0.215012s ]
INFO: [ view_filter ] --START--
INFO: Run Behavior\WriteHtmlCacheBehavior [ RunTime:0.001000s ]
INFO: [ view_filter ] --END-- [ RunTime:0.001000s ]
INFO: [ app_end ] --START--
INFO: Run Behavior\ShowPageTraceBehavior [ RunTime:0.001001s ]
INFO: [ app_end ] --END-- [ RunTime:0.001001s ]

[ 2016-12-08T10:52:54+08:00 ] 127.0.0.1 /Admin/Article/artAdd.html
INFO: [ app_init ] --START--
INFO: Run Behavior\BuildLiteBehavior [ RunTime:0.000000s ]
INFO: [ app_init ] --END-- [ RunTime:0.000000s ]
INFO: [ app_begin ] --START--
INFO: Run Behavior\ReadHtmlCacheBehavior [ RunTime:0.001000s ]
INFO: [ app_begin ] --END-- [ RunTime:0.001000s ]
SQL: SHOW COLUMNS FROM `tp_article` [ RunTime:0.004000s ]
SQL: SHOW COLUMNS FROM `tp_article_cate` [ RunTime:0.004001s ]
SQL: SELECT * FROM `tp_article_cate` WHERE ( status=1 )  [ RunTime:0.000000s ]
INFO: [ view_parse ] --START--
INFO: [ template_filter ] --START--
INFO: Run Behavior\ContentReplaceBehavior [ RunTime:0.000000s ]
INFO: [ template_filter ] --END-- [ RunTime:0.000000s ]
NOTIC: [8] Undefined variable: attr D:\phpStudy\WWW\cpshop\Application\Runtime\Cache\Admin\f498b3a43172eae5dfe51f99575a12ae.php 第 228 行.
INFO: Run Behavior\ParseTemplateBehavior [ RunTime:0.033001s ]
INFO: [ view_parse ] --END-- [ RunTime:0.033001s ]
INFO: [ view_filter ] --START--
INFO: Run Behavior\WriteHtmlCacheBehavior [ RunTime:0.000000s ]
INFO: [ view_filter ] --END-- [ RunTime:0.000000s ]
INFO: [ app_end ] --START--
INFO: Run Behavior\ShowPageTraceBehavior [ RunTime:0.001000s ]
INFO: [ app_end ] --END-- [ RunTime:0.001000s ]

[ 2016-12-08T10:52:56+08:00 ] 127.0.0.1 /Admin/Article/artCateList.html
INFO: [ app_init ] --START--
INFO: Run Behavior\BuildLiteBehavior [ RunTime:0.000000s ]
INFO: [ app_init ] --END-- [ RunTime:0.000000s ]
INFO: [ app_begin ] --START--
INFO: Run Behavior\ReadHtmlCacheBehavior [ RunTime:0.001000s ]
INFO: [ app_begin ] --END-- [ RunTime:0.001000s ]
SQL: SHOW COLUMNS FROM `tp_article` [ RunTime:0.006000s ]
SQL: SHOW COLUMNS FROM `tp_article_cate` [ RunTime:0.005000s ]
SQL: SELECT * FROM `tp_article_cate` WHERE ( status=1 )  [ RunTime:0.000000s ]
SQL: SELECT * FROM `tp_article_cate` WHERE ( status=1 )  [ RunTime:0.000000s ]
INFO: [ view_parse ] --START--
INFO: [ template_filter ] --START--
INFO: Run Behavior\ContentReplaceBehavior [ RunTime:0.000000s ]
INFO: [ template_filter ] --END-- [ RunTime:0.001000s ]
NOTIC: [8] Undefined variable: page D:\phpStudy\WWW\cpshop\Application\Runtime\Cache\Admin\5f131e07b5db5c5de2e5090600f7bd56.php 第 265 行.
INFO: Run Behavior\ParseTemplateBehavior [ RunTime:0.023002s ]
INFO: [ view_parse ] --END-- [ RunTime:0.023002s ]
INFO: [ view_filter ] --START--
INFO: Run Behavior\WriteHtmlCacheBehavior [ RunTime:0.000000s ]
INFO: [ view_filter ] --END-- [ RunTime:0.000000s ]
INFO: [ app_end ] --START--
INFO: Run Behavior\ShowPageTraceBehavior [ RunTime:0.001000s ]
INFO: [ app_end ] --END-- [ RunTime:0.001000s ]

