[ 2017-02-06T15:49:35+08:00 ] 127.0.0.1 /
INFO: [ app_init ] --START--
INFO: Run Behavior\BuildLiteBehavior [ RunTime:0.000000s ]
INFO: [ app_init ] --END-- [ RunTime:0.001000s ]
INFO: [ app_begin ] --START--
INFO: Run Behavior\ReadHtmlCacheBehavior [ RunTime:0.001000s ]
INFO: [ app_begin ] --END-- [ RunTime:0.001000s ]
NOTIC: [8] Undefined index: user D:\phpStudy\WWW\cpshop\Application\Home\Controller\BaseController.class.php 第 11 行.
NOTIC: [8192] mysql_connect(): The mysql extension is deprecated and will be removed in the future: use mysqli or PDO instead D:\phpStudy\WWW\cpshop\ThinkPHP\Library\Think\Db\Driver\Mysql.class.php 第 52 行.
SQL: SHOW COLUMNS FROM `tp_shop_set` [ RunTime:0.007001s ]
SQL: SELECT * FROM `tp_shop_set` WHERE ( id=1 )  [ RunTime:0.001000s ]
NOTIC: [8] Undefined index: user D:\phpStudy\WWW\cpshop\Application\Home\Controller\BaseController.class.php 第 20 行.
NOTIC: [8] Undefined index: shopCart D:\phpStudy\WWW\cpshop\Application\Home\Controller\BaseController.class.php 第 37 行.
SQL: SHOW COLUMNS FROM `tp_shop_cate` [ RunTime:0.007000s ]
SQL: SELECT * FROM `tp_shop_cate` WHERE ( pid=0 and status=1 )  [ RunTime:0.001000s ]
SQL: SELECT * FROM `tp_shop_cate` WHERE ( status=1 ) LIMIT 0,1   [ RunTime:0.001000s ]
SQL: SELECT * FROM `tp_shop_cate` WHERE ( pid=1 and status=1 ) LIMIT 0,6   [ RunTime:0.000000s ]
SQL: SHOW COLUMNS FROM `tp_shop_goods` [ RunTime:0.004001s ]
SQL: SELECT COUNT(*) AS tp_count FROM `tp_shop_goods` WHERE ( cid=2 and status=1 and xiajia=1 ) LIMIT 1   [ RunTime:0.001000s ]
SQL: SELECT COUNT(*) AS tp_count FROM `tp_shop_goods` WHERE ( cid=3 and status=1 and xiajia=1 ) LIMIT 1   [ RunTime:0.000000s ]
SQL: SELECT COUNT(*) AS tp_count FROM `tp_shop_goods` WHERE ( cid=5 and status=1 and xiajia=1 ) LIMIT 1   [ RunTime:0.000000s ]
INFO: [ view_parse ] --START--
SQL: SHOW COLUMNS FROM `tp_ads` [ RunTime:0.122007s ]
SQL: SHOW COLUMNS FROM `tp_ads_cate` [ RunTime:0.051003s ]
SQL: SELECT `id` FROM `tp_ads_cate` WHERE ( tag='ceshi' )  [ RunTime:0.000000s ]
SQL: SELECT * FROM `tp_ads` WHERE ( status=1 and cid=1 ) ORDER BY id desc LIMIT 0,1   [ RunTime:0.020001s ]
NOTIC: [8] Undefined offset: 1 D:\phpStudy\WWW\cpshop\Application\Common\Taglib\Mytag.class.php 第 64 行.
NOTIC: [8] Undefined offset: 1 D:\phpStudy\WWW\cpshop\Application\Common\Taglib\Mytag.class.php 第 64 行.
NOTIC: [8] Undefined offset: 1 D:\phpStudy\WWW\cpshop\Application\Common\Taglib\Mytag.class.php 第 64 行.
INFO: [ template_filter ] --START--
INFO: Run Behavior\ContentReplaceBehavior [ RunTime:0.001000s ]
INFO: [ template_filter ] --END-- [ RunTime:0.001000s ]
NOTIC: [8] Undefined variable: user D:\phpStudy\WWW\cpshop\Application\Runtime\Cache\Home\d2e71fb15b354760a5129829a5b6e03f.php 第 26 行.
NOTIC: [8] Undefined variable: user D:\phpStudy\WWW\cpshop\Application\Runtime\Cache\Home\d2e71fb15b354760a5129829a5b6e03f.php 第 29 行.
NOTIC: [8] Undefined variable: user D:\phpStudy\WWW\cpshop\Application\Runtime\Cache\Home\d2e71fb15b354760a5129829a5b6e03f.php 第 30 行.
NOTIC: [8] Use of undefined constant id - assumed 'id' D:\phpStudy\WWW\cpshop\Application\Runtime\Cache\Home\d2e71fb15b354760a5129829a5b6e03f.php 第 65 行.
NOTIC: [8] Array to string conversion D:\phpStudy\WWW\cpshop\Application\Runtime\Cache\Home\d2e71fb15b354760a5129829a5b6e03f.php 第 65 行.
NOTIC: [8] Use of undefined constant id - assumed 'id' D:\phpStudy\WWW\cpshop\Application\Runtime\Cache\Home\d2e71fb15b354760a5129829a5b6e03f.php 第 110 行.
NOTIC: [8] Array to string conversion D:\phpStudy\WWW\cpshop\Application\Runtime\Cache\Home\d2e71fb15b354760a5129829a5b6e03f.php 第 110 行.
NOTIC: [8] Use of undefined constant id - assumed 'id' D:\phpStudy\WWW\cpshop\Application\Runtime\Cache\Home\d2e71fb15b354760a5129829a5b6e03f.php 第 115 行.
NOTIC: [8] Array to string conversion D:\phpStudy\WWW\cpshop\Application\Runtime\Cache\Home\d2e71fb15b354760a5129829a5b6e03f.php 第 115 行.
NOTIC: [8] Use of undefined constant id - assumed 'id' D:\phpStudy\WWW\cpshop\Application\Runtime\Cache\Home\d2e71fb15b354760a5129829a5b6e03f.php 第 121 行.
NOTIC: [8] Array to string conversion D:\phpStudy\WWW\cpshop\Application\Runtime\Cache\Home\d2e71fb15b354760a5129829a5b6e03f.php 第 121 行.
NOTIC: [8] Use of undefined constant id - assumed 'id' D:\phpStudy\WWW\cpshop\Application\Runtime\Cache\Home\d2e71fb15b354760a5129829a5b6e03f.php 第 115 行.
NOTIC: [8] Array to string conversion D:\phpStudy\WWW\cpshop\Application\Runtime\Cache\Home\d2e71fb15b354760a5129829a5b6e03f.php 第 115 行.
NOTIC: [8] Use of undefined constant id - assumed 'id' D:\phpStudy\WWW\cpshop\Application\Runtime\Cache\Home\d2e71fb15b354760a5129829a5b6e03f.php 第 121 行.
NOTIC: [8] Array to string conversion D:\phpStudy\WWW\cpshop\Application\Runtime\Cache\Home\d2e71fb15b354760a5129829a5b6e03f.php 第 121 行.
NOTIC: [8] Use of undefined constant id - assumed 'id' D:\phpStudy\WWW\cpshop\Application\Runtime\Cache\Home\d2e71fb15b354760a5129829a5b6e03f.php 第 115 行.
NOTIC: [8] Array to string conversion D:\phpStudy\WWW\cpshop\Application\Runtime\Cache\Home\d2e71fb15b354760a5129829a5b6e03f.php 第 115 行.
NOTIC: [8] Use of undefined constant id - assumed 'id' D:\phpStudy\WWW\cpshop\Application\Runtime\Cache\Home\d2e71fb15b354760a5129829a5b6e03f.php 第 121 行.
NOTIC: [8] Array to string conversion D:\phpStudy\WWW\cpshop\Application\Runtime\Cache\Home\d2e71fb15b354760a5129829a5b6e03f.php 第 121 行.
INFO: Run Behavior\ParseTemplateBehavior [ RunTime:0.359020s ]
INFO: [ view_parse ] --END-- [ RunTime:0.359020s ]
INFO: [ view_filter ] --START--
INFO: Run Behavior\WriteHtmlCacheBehavior [ RunTime:0.021002s ]
INFO: [ view_filter ] --END-- [ RunTime:0.021002s ]
INFO: [ app_end ] --START--
INFO: Run Behavior\ShowPageTraceBehavior [ RunTime:0.002000s ]
INFO: [ app_end ] --END-- [ RunTime:0.002000s ]

[ 2017-02-06T15:49:52+08:00 ] 127.0.0.1 /admin
INFO: [ app_init ] --START--
INFO: Run Behavior\BuildLiteBehavior [ RunTime:0.000000s ]
INFO: [ app_init ] --END-- [ RunTime:0.001000s ]
INFO: [ app_begin ] --START--
INFO: Run Behavior\ReadHtmlCacheBehavior [ RunTime:0.001000s ]
INFO: [ app_begin ] --END-- [ RunTime:0.002000s ]
INFO: [ view_parse ] --START--
INFO: [ template_filter ] --START--
INFO: Run Behavior\ContentReplaceBehavior [ RunTime:0.000000s ]
INFO: [ template_filter ] --END-- [ RunTime:0.001000s ]
INFO: Run Behavior\ParseTemplateBehavior [ RunTime:0.067004s ]
INFO: [ view_parse ] --END-- [ RunTime:0.067004s ]
INFO: [ view_filter ] --START--
INFO: Run Behavior\WriteHtmlCacheBehavior [ RunTime:0.001000s ]
INFO: [ view_filter ] --END-- [ RunTime:0.001000s ]

[ 2017-02-06T15:49:54+08:00 ] 127.0.0.1 /Admin/Login/index.html
INFO: [ app_init ] --START--
INFO: Run Behavior\BuildLiteBehavior [ RunTime:0.000000s ]
INFO: [ app_init ] --END-- [ RunTime:0.001000s ]
INFO: [ app_begin ] --START--
INFO: Run Behavior\ReadHtmlCacheBehavior [ RunTime:0.001000s ]
INFO: [ app_begin ] --END-- [ RunTime:0.001000s ]
INFO: [ view_parse ] --START--
INFO: [ template_filter ] --START--
INFO: Run Behavior\ContentReplaceBehavior [ RunTime:0.000000s ]
INFO: [ template_filter ] --END-- [ RunTime:0.000000s ]
INFO: Run Behavior\ParseTemplateBehavior [ RunTime:0.037002s ]
INFO: [ view_parse ] --END-- [ RunTime:0.037002s ]
INFO: [ view_filter ] --START--
INFO: Run Behavior\WriteHtmlCacheBehavior [ RunTime:0.001000s ]
INFO: [ view_filter ] --END-- [ RunTime:0.001000s ]
INFO: [ app_end ] --START--
INFO: Run Behavior\ShowPageTraceBehavior [ RunTime:0.001001s ]
INFO: [ app_end ] --END-- [ RunTime:0.001001s ]

[ 2017-02-06T15:49:54+08:00 ] 127.0.0.1 /Admin/Login/verify.html
INFO: [ app_init ] --START--
INFO: Run Behavior\BuildLiteBehavior [ RunTime:0.000000s ]
INFO: [ app_init ] --END-- [ RunTime:0.001000s ]
INFO: [ app_begin ] --START--
INFO: Run Behavior\ReadHtmlCacheBehavior [ RunTime:0.001000s ]
INFO: [ app_begin ] --END-- [ RunTime:0.001000s ]
INFO: [ app_end ] --START--
INFO: Run Behavior\ShowPageTraceBehavior [ RunTime:0.001000s ]
INFO: [ app_end ] --END-- [ RunTime:0.001000s ]

[ 2017-02-06T15:50:02+08:00 ] 127.0.0.1 /Admin/Login/loginHandler.html
INFO: [ app_init ] --START--
INFO: Run Behavior\BuildLiteBehavior [ RunTime:0.000000s ]
INFO: [ app_init ] --END-- [ RunTime:0.001000s ]
INFO: [ app_begin ] --START--
INFO: Run Behavior\ReadHtmlCacheBehavior [ RunTime:0.001000s ]
INFO: [ app_begin ] --END-- [ RunTime:0.001000s ]
NOTIC: [8] Use of undefined constant AUTO_KEY - assumed 'AUTO_KEY' D:\phpStudy\WWW\cpshop\Application\Admin\Controller\LoginController.class.php 第 11 行.
NOTIC: [8192] mysql_connect(): The mysql extension is deprecated and will be removed in the future: use mysqli or PDO instead D:\phpStudy\WWW\cpshop\ThinkPHP\Library\Think\Db\Driver\Mysql.class.php 第 52 行.
SQL: SHOW COLUMNS FROM `tp_admin` [ RunTime:0.079005s ]
SQL: SELECT * FROM `tp_admin` WHERE ( username='admin' )  [ RunTime:0.001000s ]
SQL: UPDATE `tp_admin` SET `username`='admin',`password`='21232f297a57a5a743894a0e4a801fc3',`actiontime`=1486367401,`sessionid`='mn2t608h6iuh8snlp29d57fho4' WHERE ( id= '1'  ) [ RunTime:0.017001s ]

[ 2017-02-06T15:50:03+08:00 ] 127.0.0.1 /Admin/Admin/index.html
INFO: [ app_init ] --START--
INFO: Run Behavior\BuildLiteBehavior [ RunTime:0.000000s ]
INFO: [ app_init ] --END-- [ RunTime:0.000000s ]
INFO: [ app_begin ] --START--
INFO: Run Behavior\ReadHtmlCacheBehavior [ RunTime:0.001000s ]
INFO: [ app_begin ] --END-- [ RunTime:0.001000s ]
NOTIC: [8192] mysql_connect(): The mysql extension is deprecated and will be removed in the future: use mysqli or PDO instead D:\phpStudy\WWW\cpshop\ThinkPHP\Library\Think\Db\Driver\Mysql.class.php 第 52 行.
SQL: SHOW COLUMNS FROM `tp_admin` [ RunTime:0.006001s ]
SQL: SELECT `sessionid` FROM `tp_admin` WHERE ( `username` = 'admin' ) LIMIT 1   [ RunTime:0.033001s ]
SQL: SHOW COLUMNS FROM `tp_order` [ RunTime:0.014000s ]
ERR: 1146:Table 'cpshop.tp_order' doesn't exist
 [ SQL语句 ] : SHOW COLUMNS FROM `tp_order`
SQL: SELECT COUNT(*) AS tp_count FROM `tp_order` WHERE ( createtime between '1486310400' and '1486396799' and status=1 and orderstatus>1 ) LIMIT 1   [ RunTime:0.000000s ]
ERR: 1146:Table 'cpshop.tp_order' doesn't exist
 [ SQL语句 ] : SELECT COUNT(*) AS tp_count FROM `tp_order` WHERE ( createtime between '1486310400' and '1486396799' and status=1 and orderstatus>1 ) LIMIT 1  
SQL: SELECT COUNT(*) AS tp_count FROM `tp_order` WHERE ( status = 1  and orderstatus>1 ) LIMIT 1   [ RunTime:0.001000s ]
ERR: 1146:Table 'cpshop.tp_order' doesn't exist
 [ SQL语句 ] : SELECT COUNT(*) AS tp_count FROM `tp_order` WHERE ( status = 1  and orderstatus>1 ) LIMIT 1  
SQL: SELECT COUNT(*) AS tp_count FROM `tp_order` WHERE ( status = 1 and orderstatus >2 ) LIMIT 1   [ RunTime:0.000000s ]
ERR: 1146:Table 'cpshop.tp_order' doesn't exist
 [ SQL语句 ] : SELECT COUNT(*) AS tp_count FROM `tp_order` WHERE ( status = 1 and orderstatus >2 ) LIMIT 1  
SQL: SELECT COUNT(*) AS tp_count FROM `tp_order` WHERE ( status = 1  and orderstatus = 2 ) LIMIT 1   [ RunTime:0.001000s ]
ERR: 1146:Table 'cpshop.tp_order' doesn't exist
 [ SQL语句 ] : SELECT COUNT(*) AS tp_count FROM `tp_order` WHERE ( status = 1  and orderstatus = 2 ) LIMIT 1  
INFO: [ view_parse ] --START--
INFO: [ template_filter ] --START--
INFO: Run Behavior\ContentReplaceBehavior [ RunTime:0.000000s ]
INFO: [ template_filter ] --END-- [ RunTime:0.000000s ]
NOTIC: [8] Undefined variable: hello D:\phpStudy\WWW\cpshop\Application\Runtime\Cache\Admin\bbfe1a02f59437d03cf6344558745e95.php 第 213 行.
INFO: Run Behavior\ParseTemplateBehavior [ RunTime:0.071004s ]
INFO: [ view_parse ] --END-- [ RunTime:0.071004s ]
INFO: [ view_filter ] --START--
INFO: Run Behavior\WriteHtmlCacheBehavior [ RunTime:0.000000s ]
INFO: [ view_filter ] --END-- [ RunTime:0.000000s ]
INFO: [ app_end ] --START--
INFO: Run Behavior\ShowPageTraceBehavior [ RunTime:0.000000s ]
INFO: [ app_end ] --END-- [ RunTime:0.000000s ]

[ 2017-02-06T15:51:04+08:00 ] 127.0.0.1 /Admin/Order/payment.html
INFO: [ app_init ] --START--
INFO: Run Behavior\BuildLiteBehavior [ RunTime:0.000000s ]
INFO: [ app_init ] --END-- [ RunTime:0.001000s ]
INFO: [ app_begin ] --START--
INFO: Run Behavior\ReadHtmlCacheBehavior [ RunTime:0.001000s ]
INFO: [ app_begin ] --END-- [ RunTime:0.001000s ]
ERR: 无法加载控制器:Order

[ 2017-02-06T15:51:12+08:00 ] 127.0.0.1 /Admin/ShopGoods/addGoods.html
INFO: [ app_init ] --START--
INFO: Run Behavior\BuildLiteBehavior [ RunTime:0.000000s ]
INFO: [ app_init ] --END-- [ RunTime:0.001000s ]
INFO: [ app_begin ] --START--
INFO: Run Behavior\ReadHtmlCacheBehavior [ RunTime:0.001000s ]
INFO: [ app_begin ] --END-- [ RunTime:0.001000s ]
NOTIC: [8192] mysql_connect(): The mysql extension is deprecated and will be removed in the future: use mysqli or PDO instead D:\phpStudy\WWW\cpshop\ThinkPHP\Library\Think\Db\Driver\Mysql.class.php 第 52 行.
SQL: SHOW COLUMNS FROM `tp_admin` [ RunTime:0.006000s ]
SQL: SELECT `sessionid` FROM `tp_admin` WHERE ( `username` = 'admin' ) LIMIT 1   [ RunTime:0.000000s ]
SQL: SHOW COLUMNS FROM `tp_shop_cate` [ RunTime:0.007000s ]
NOTIC: [2] Missing argument 1 for Admin\Model\ShopCateModel::getCate(), called in D:\phpStudy\WWW\cpshop\Application\Admin\Controller\ShopGoodsController.class.php on line 34 and defined D:\phpStudy\WWW\cpshop\Application\Admin\Model\ShopCateModel.class.php 第 9 行.
SQL: SHOW COLUMNS FROM `tp_shop_cate` [ RunTime:0.007001s ]
SQL: SELECT * FROM `tp_shop_cate` WHERE ( status=1 )  [ RunTime:0.001000s ]
NOTIC: [8] Undefined variable: id D:\phpStudy\WWW\cpshop\Application\Admin\Model\ShopCateModel.class.php 第 12 行.
SQL: SHOW COLUMNS FROM `tp_shop_tag` [ RunTime:0.046003s ]
SQL: SELECT * FROM `tp_shop_tag` WHERE ( status=1 )  [ RunTime:0.001000s ]
INFO: [ view_parse ] --START--
INFO: [ template_filter ] --START--
INFO: Run Behavior\ContentReplaceBehavior [ RunTime:0.001000s ]
INFO: [ template_filter ] --END-- [ RunTime:0.001000s ]
NOTIC: [8] Undefined variable: attr D:\phpStudy\WWW\cpshop\Application\Runtime\Cache\Admin\c425d4b224d31f209c1acc853ddcdfd7.php 第 229 行.
NOTIC: [8] Undefined variable: catelist D:\phpStudy\WWW\cpshop\Application\Runtime\Cache\Admin\c425d4b224d31f209c1acc853ddcdfd7.php 第 256 行.
INFO: Run Behavior\ParseTemplateBehavior [ RunTime:0.045002s ]
INFO: [ view_parse ] --END-- [ RunTime:0.045002s ]
INFO: [ view_filter ] --START--
INFO: Run Behavior\WriteHtmlCacheBehavior [ RunTime:0.001000s ]
INFO: [ view_filter ] --END-- [ RunTime:0.001000s ]
INFO: [ app_end ] --START--
INFO: Run Behavior\ShowPageTraceBehavior [ RunTime:0.000000s ]
INFO: [ app_end ] --END-- [ RunTime:0.001000s ]

[ 2017-02-06T15:51:42+08:00 ] 127.0.0.1 /Admin/ShopGoods/addGoods.html
INFO: [ app_init ] --START--
INFO: Run Behavior\BuildLiteBehavior [ RunTime:0.000000s ]
INFO: [ app_init ] --END-- [ RunTime:0.000000s ]
INFO: [ app_begin ] --START--
INFO: Run Behavior\ReadHtmlCacheBehavior [ RunTime:0.000000s ]
INFO: [ app_begin ] --END-- [ RunTime:0.000000s ]
NOTIC: [8192] mysql_connect(): The mysql extension is deprecated and will be removed in the future: use mysqli or PDO instead D:\phpStudy\WWW\cpshop\ThinkPHP\Library\Think\Db\Driver\Mysql.class.php 第 52 行.
SQL: SHOW COLUMNS FROM `tp_admin` [ RunTime:0.004000s ]
SQL: SELECT `sessionid` FROM `tp_admin` WHERE ( `username` = 'admin' ) LIMIT 1   [ RunTime:0.000000s ]
SQL: SHOW COLUMNS FROM `tp_shop_cate` [ RunTime:0.004001s ]
NOTIC: [2] Missing argument 1 for Admin\Model\ShopCateModel::getCate(), called in D:\phpStudy\WWW\cpshop\Application\Admin\Controller\ShopGoodsController.class.php on line 34 and defined D:\phpStudy\WWW\cpshop\Application\Admin\Model\ShopCateModel.class.php 第 9 行.
SQL: SHOW COLUMNS FROM `tp_shop_cate` [ RunTime:0.004000s ]
SQL: SELECT * FROM `tp_shop_cate` WHERE ( status=1 )  [ RunTime:0.000000s ]
NOTIC: [8] Undefined variable: id D:\phpStudy\WWW\cpshop\Application\Admin\Model\ShopCateModel.class.php 第 12 行.
SQL: SHOW COLUMNS FROM `tp_shop_tag` [ RunTime:0.004000s ]
SQL: SELECT * FROM `tp_shop_tag` WHERE ( status=1 )  [ RunTime:0.000000s ]
INFO: [ view_parse ] --START--
INFO: [ template_filter ] --START--
INFO: Run Behavior\ContentReplaceBehavior [ RunTime:0.000000s ]
INFO: [ template_filter ] --END-- [ RunTime:0.000000s ]
NOTIC: [8] Undefined variable: attr D:\phpStudy\WWW\cpshop\Application\Runtime\Cache\Admin\c425d4b224d31f209c1acc853ddcdfd7.php 第 229 行.
NOTIC: [8] Undefined variable: catelist D:\phpStudy\WWW\cpshop\Application\Runtime\Cache\Admin\c425d4b224d31f209c1acc853ddcdfd7.php 第 256 行.
INFO: Run Behavior\ParseTemplateBehavior [ RunTime:0.014001s ]
INFO: [ view_parse ] --END-- [ RunTime:0.014001s ]
INFO: [ view_filter ] --START--
INFO: Run Behavior\WriteHtmlCacheBehavior [ RunTime:0.001000s ]
INFO: [ view_filter ] --END-- [ RunTime:0.001000s ]
INFO: [ app_end ] --START--
INFO: Run Behavior\ShowPageTraceBehavior [ RunTime:0.001000s ]
INFO: [ app_end ] --END-- [ RunTime:0.001000s ]

[ 2017-02-06T15:51:46+08:00 ] 127.0.0.1 /Admin/ShopGoods/index.html
INFO: [ app_init ] --START--
INFO: Run Behavior\BuildLiteBehavior [ RunTime:0.000000s ]
INFO: [ app_init ] --END-- [ RunTime:0.000000s ]
INFO: [ app_begin ] --START--
INFO: Run Behavior\ReadHtmlCacheBehavior [ RunTime:0.002000s ]
INFO: [ app_begin ] --END-- [ RunTime:0.002000s ]
NOTIC: [8192] mysql_connect(): The mysql extension is deprecated and will be removed in the future: use mysqli or PDO instead D:\phpStudy\WWW\cpshop\ThinkPHP\Library\Think\Db\Driver\Mysql.class.php 第 52 行.
SQL: SHOW COLUMNS FROM `tp_admin` [ RunTime:0.006001s ]
SQL: SELECT `sessionid` FROM `tp_admin` WHERE ( `username` = 'admin' ) LIMIT 1   [ RunTime:0.001000s ]
SQL: SHOW COLUMNS FROM `tp_shop_cate` [ RunTime:0.005000s ]
NOTIC: [2] Missing argument 1 for Admin\Model\ShopCateModel::getCate(), called in D:\phpStudy\WWW\cpshop\Application\Admin\Controller\ShopGoodsController.class.php on line 7 and defined D:\phpStudy\WWW\cpshop\Application\Admin\Model\ShopCateModel.class.php 第 9 行.
SQL: SHOW COLUMNS FROM `tp_shop_cate` [ RunTime:0.006001s ]
SQL: SELECT * FROM `tp_shop_cate` WHERE ( status=1 )  [ RunTime:0.000000s ]
NOTIC: [8] Undefined variable: id D:\phpStudy\WWW\cpshop\Application\Admin\Model\ShopCateModel.class.php 第 12 行.
SQL: SHOW COLUMNS FROM `tp_shop_goods` [ RunTime:0.006000s ]
SQL: SELECT COUNT(*) AS tp_count FROM `tp_shop_goods` WHERE ( status = 1 ) LIMIT 1   [ RunTime:0.000000s ]
SQL: SELECT * FROM `tp_shop_goods` WHERE ( status=1 ) LIMIT 0,20   [ RunTime:0.000000s ]
INFO: [ view_parse ] --START--
INFO: [ template_filter ] --START--
INFO: Run Behavior\ContentReplaceBehavior [ RunTime:0.000000s ]
INFO: [ template_filter ] --END-- [ RunTime:0.000000s ]
NOTIC: [8] Undefined variable: attr D:\phpStudy\WWW\cpshop\Application\Runtime\Cache\Admin\3f86016c70fb42fcd942b3b91f408205.php 第 240 行.
NOTIC: [8] Undefined variable: keyword D:\phpStudy\WWW\cpshop\Application\Runtime\Cache\Admin\3f86016c70fb42fcd942b3b91f408205.php 第 260 行.
INFO: Run Behavior\ParseTemplateBehavior [ RunTime:0.048003s ]
INFO: [ view_parse ] --END-- [ RunTime:0.048003s ]
INFO: [ view_filter ] --START--
INFO: Run Behavior\WriteHtmlCacheBehavior [ RunTime:0.001000s ]
INFO: [ view_filter ] --END-- [ RunTime:0.001000s ]
INFO: [ app_end ] --START--
INFO: Run Behavior\ShowPageTraceBehavior [ RunTime:0.001000s ]
INFO: [ app_end ] --END-- [ RunTime:0.001000s ]

[ 2017-02-06T15:52:19+08:00 ] 127.0.0.1 /Admin/ShopGoods/goodsAttr/id/4.html
INFO: [ app_init ] --START--
INFO: Run Behavior\BuildLiteBehavior [ RunTime:0.000000s ]
INFO: [ app_init ] --END-- [ RunTime:0.000000s ]
INFO: [ app_begin ] --START--
INFO: Run Behavior\ReadHtmlCacheBehavior [ RunTime:0.001000s ]
INFO: [ app_begin ] --END-- [ RunTime:0.001000s ]
NOTIC: [8192] mysql_connect(): The mysql extension is deprecated and will be removed in the future: use mysqli or PDO instead D:\phpStudy\WWW\cpshop\ThinkPHP\Library\Think\Db\Driver\Mysql.class.php 第 52 行.
SQL: SHOW COLUMNS FROM `tp_admin` [ RunTime:0.004000s ]
SQL: SELECT `sessionid` FROM `tp_admin` WHERE ( `username` = 'admin' ) LIMIT 1   [ RunTime:0.000000s ]
SQL: SHOW COLUMNS FROM `tp_shop_goods` [ RunTime:0.003000s ]
SQL: SELECT * FROM `tp_shop_goods` WHERE ( id=4 )  [ RunTime:0.000000s ]
SQL: SHOW COLUMNS FROM `tp_shop_attr` [ RunTime:0.036002s ]
SQL: SELECT * FROM `tp_shop_attr` WHERE ( pid=0 and status=1 )  [ RunTime:0.009001s ]
SQL: SELECT * FROM `tp_shop_attr` WHERE ( pid=16 and status=1 )  [ RunTime:0.001000s ]
SQL: SELECT * FROM `tp_shop_attr` WHERE ( pid=11 and status=1 )  [ RunTime:0.000000s ]
SQL: SELECT * FROM `tp_shop_attr` WHERE ( pid=21 and status=1 )  [ RunTime:0.000000s ]
SQL: SHOW COLUMNS FROM `tp_goods_attr` [ RunTime:0.049003s ]
SQL: SELECT * FROM `tp_goods_attr` WHERE ( gid=4 and status=1 )  [ RunTime:0.012000s ]
INFO: [ view_parse ] --START--
INFO: [ template_filter ] --START--
INFO: Run Behavior\ContentReplaceBehavior [ RunTime:0.000000s ]
INFO: [ template_filter ] --END-- [ RunTime:0.000000s ]
NOTIC: [8] Undefined variable: attr D:\phpStudy\WWW\cpshop\Application\Runtime\Cache\Admin\3625a99bb8a0e444572184109402ec0e.php 第 253 行.
INFO: Run Behavior\ParseTemplateBehavior [ RunTime:0.070004s ]
INFO: [ view_parse ] --END-- [ RunTime:0.070004s ]
INFO: [ view_filter ] --START--
INFO: Run Behavior\WriteHtmlCacheBehavior [ RunTime:0.000000s ]
INFO: [ view_filter ] --END-- [ RunTime:0.000000s ]
INFO: [ app_end ] --START--
INFO: Run Behavior\ShowPageTraceBehavior [ RunTime:0.000000s ]
INFO: [ app_end ] --END-- [ RunTime:0.000000s ]

[ 2017-02-06T15:52:36+08:00 ] 127.0.0.1 /Admin/ShopGoods/index.html
INFO: [ app_init ] --START--
INFO: Run Behavior\BuildLiteBehavior [ RunTime:0.000000s ]
INFO: [ app_init ] --END-- [ RunTime:0.001000s ]
INFO: [ app_begin ] --START--
INFO: Run Behavior\ReadHtmlCacheBehavior [ RunTime:0.000000s ]
INFO: [ app_begin ] --END-- [ RunTime:0.000000s ]
NOTIC: [8192] mysql_connect(): The mysql extension is deprecated and will be removed in the future: use mysqli or PDO instead D:\phpStudy\WWW\cpshop\ThinkPHP\Library\Think\Db\Driver\Mysql.class.php 第 52 行.
SQL: SHOW COLUMNS FROM `tp_admin` [ RunTime:0.004001s ]
SQL: SELECT `sessionid` FROM `tp_admin` WHERE ( `username` = 'admin' ) LIMIT 1   [ RunTime:0.000000s ]
SQL: SHOW COLUMNS FROM `tp_shop_cate` [ RunTime:0.004000s ]
NOTIC: [2] Missing argument 1 for Admin\Model\ShopCateModel::getCate(), called in D:\phpStudy\WWW\cpshop\Application\Admin\Controller\ShopGoodsController.class.php on line 7 and defined D:\phpStudy\WWW\cpshop\Application\Admin\Model\ShopCateModel.class.php 第 9 行.
SQL: SHOW COLUMNS FROM `tp_shop_cate` [ RunTime:0.003000s ]
SQL: SELECT * FROM `tp_shop_cate` WHERE ( status=1 )  [ RunTime:0.000000s ]
NOTIC: [8] Undefined variable: id D:\phpStudy\WWW\cpshop\Application\Admin\Model\ShopCateModel.class.php 第 12 行.
SQL: SHOW COLUMNS FROM `tp_shop_goods` [ RunTime:0.004001s ]
SQL: SELECT COUNT(*) AS tp_count FROM `tp_shop_goods` WHERE ( status = 1 ) LIMIT 1   [ RunTime:0.000000s ]
SQL: SELECT * FROM `tp_shop_goods` WHERE ( status=1 ) LIMIT 0,20   [ RunTime:0.001000s ]
INFO: [ view_parse ] --START--
INFO: [ template_filter ] --START--
INFO: Run Behavior\ContentReplaceBehavior [ RunTime:0.001000s ]
INFO: [ template_filter ] --END-- [ RunTime:0.001000s ]
NOTIC: [8] Undefined variable: attr D:\phpStudy\WWW\cpshop\Application\Runtime\Cache\Admin\3f86016c70fb42fcd942b3b91f408205.php 第 240 行.
NOTIC: [8] Undefined variable: keyword D:\phpStudy\WWW\cpshop\Application\Runtime\Cache\Admin\3f86016c70fb42fcd942b3b91f408205.php 第 260 行.
INFO: Run Behavior\ParseTemplateBehavior [ RunTime:0.016001s ]
INFO: [ view_parse ] --END-- [ RunTime:0.016001s ]
INFO: [ view_filter ] --START--
INFO: Run Behavior\WriteHtmlCacheBehavior [ RunTime:0.001000s ]
INFO: [ view_filter ] --END-- [ RunTime:0.001000s ]
INFO: [ app_end ] --START--
INFO: Run Behavior\ShowPageTraceBehavior [ RunTime:0.001000s ]
INFO: [ app_end ] --END-- [ RunTime:0.001000s ]

